2021-09-18 20:36:02 - [PASSED] Browser Initialized
2021-09-18 20:36:03 - [INFO] Setting the environment to test
2021-09-18 20:36:19 - [PASSED] Browser Initialized
2021-09-18 20:36:20 - [INFO] Setting the environment to test
2021-09-18 20:36:36 - [INFO] Setting the environment to test
2021-09-18 20:36:38 - [PASSED] Browser Initialized
2021-09-18 20:36:38 - [INFO] Accessing https://www.saucedemo.com/
2021-09-18 20:36:50 - [Log:] chrome instance closed.
2021-09-18 20:36:50 - Error executing FreeMarker template
FreeMarker template error:
The following has evaluated to null or missing:
==> report.systemInfoMap[info]  [in template "Extent.ftl" at line 193, column 95]

----
Tip: It's the final [] step that caused this error, not those before it.
----
Tip: If the failing expression is known to be legally refer to something that's sometimes null or missing, either specify a default value like myOptionalVar!myDefault, or use <#if myOptionalVar??>when-present<#else>when-missing</#if>. (These only cover the last step of the expression; to cover the whole expression, use parenthesis: (myOptionalVar.foo)!myDefault, (myOptionalVar.foo)??
----

----
FTL stack trace ("~" means nesting-related):
	- Failed at: ${report.systemInfoMap[info]}  [in template "Extent.ftl" at line 193, column 93]
----

Java stack trace (for programmers):
----
freemarker.core.InvalidReferenceException: [... Exception message was already printed; see it above ...]
	at freemarker.core.InvalidReferenceException.getInstance(InvalidReferenceException.java:131)
	at freemarker.core.EvalUtil.coerceModelToString(EvalUtil.java:355)
	at freemarker.core.Expression.evalAndCoerceToString(Expression.java:82)
	at freemarker.core.DollarVariable.accept(DollarVariable.java:41)
	at freemarker.core.Environment.visit(Environment.java:324)
	at freemarker.core.MixedContent.accept(MixedContent.java:54)
	at freemarker.core.Environment.visitByHiddingParent(Environment.java:345)
	at freemarker.core.IteratorBlock$IterationContext.executeNestedBlockInner(IteratorBlock.java:240)
	at freemarker.core.IteratorBlock$IterationContext.executeNestedBlock(IteratorBlock.java:220)
	at freemarker.core.IteratorBlock$IterationContext.accept(IteratorBlock.java:194)
	at freemarker.core.Environment.visitIteratorBlock(Environment.java:572)
	at freemarker.core.IteratorBlock.acceptWithResult(IteratorBlock.java:78)
	at freemarker.core.IteratorBlock.accept(IteratorBlock.java:64)
	at freemarker.core.Environment.visit(Environment.java:324)
	at freemarker.core.MixedContent.accept(MixedContent.java:54)
	at freemarker.core.Environment.visit(Environment.java:324)
	at freemarker.core.Environment.process(Environment.java:302)
	at freemarker.template.Template.process(Template.java:325)
	at com.relevantcodes.extentreports.HTMLReporter.flush(HTMLReporter.java:173)
	at com.relevantcodes.extentreports.Report.flush(Report.java:468)
	at com.relevantcodes.extentreports.ExtentReports.flush(ExtentReports.java:900)
	at com.testautomation.framework.core.Browser.afterMethod(Browser.java:178)
	at java.base/jdk.internal.reflect.NativeMethodAccessorImpl.invoke0(Native Method)
	at java.base/jdk.internal.reflect.NativeMethodAccessorImpl.invoke(NativeMethodAccessorImpl.java:62)
	at java.base/jdk.internal.reflect.DelegatingMethodAccessorImpl.invoke(DelegatingMethodAccessorImpl.java:43)
	at java.base/java.lang.reflect.Method.invoke(Method.java:564)
	at org.testng.internal.MethodInvocationHelper.invokeMethod(MethodInvocationHelper.java:108)
	at org.testng.internal.Invoker.invokeConfigurationMethod(Invoker.java:523)
	at org.testng.internal.Invoker.invokeConfigurations(Invoker.java:224)
	at org.testng.internal.Invoker.invokeMethod(Invoker.java:723)
	at org.testng.internal.Invoker.invokeTestMethod(Invoker.java:869)
	at org.testng.internal.Invoker.invokeTestMethods(Invoker.java:1193)
	at org.testng.internal.TestMethodWorker.invokeTestMethods(TestMethodWorker.java:126)
	at org.testng.internal.TestMethodWorker.run(TestMethodWorker.java:109)
	at org.testng.TestRunner.privateRun(TestRunner.java:744)
	at org.testng.TestRunner.run(TestRunner.java:602)
	at org.testng.SuiteRunner.runTest(SuiteRunner.java:380)
	at org.testng.SuiteRunner.runSequentially(SuiteRunner.java:375)
	at org.testng.SuiteRunner.privateRun(SuiteRunner.java:340)
	at org.testng.SuiteRunner.run(SuiteRunner.java:289)
	at org.testng.SuiteRunnerWorker.runSuite(SuiteRunnerWorker.java:52)
	at org.testng.SuiteRunnerWorker.run(SuiteRunnerWorker.java:86)
	at org.testng.TestNG.runSuitesSequentially(TestNG.java:1301)
	at org.testng.TestNG.runSuitesLocally(TestNG.java:1226)
	at org.testng.TestNG.runSuites(TestNG.java:1144)
	at org.testng.TestNG.run(TestNG.java:1115)
	at org.testng.remote.AbstractRemoteTestNG.run(AbstractRemoteTestNG.java:115)
	at org.testng.remote.RemoteTestNG.initAndRun(RemoteTestNG.java:251)
	at org.testng.remote.RemoteTestNG.main(RemoteTestNG.java:77)
2021-09-18 20:36:51 - Error executing FreeMarker template
FreeMarker template error:
The following has evaluated to null or missing:
==> report.systemInfoMap[info]  [in template "Extent.ftl" at line 193, column 95]

----
Tip: It's the final [] step that caused this error, not those before it.
----
Tip: If the failing expression is known to be legally refer to something that's sometimes null or missing, either specify a default value like myOptionalVar!myDefault, or use <#if myOptionalVar??>when-present<#else>when-missing</#if>. (These only cover the last step of the expression; to cover the whole expression, use parenthesis: (myOptionalVar.foo)!myDefault, (myOptionalVar.foo)??
----

----
FTL stack trace ("~" means nesting-related):
	- Failed at: ${report.systemInfoMap[info]}  [in template "Extent.ftl" at line 193, column 93]
----

Java stack trace (for programmers):
----
freemarker.core.InvalidReferenceException: [... Exception message was already printed; see it above ...]
	at freemarker.core.InvalidReferenceException.getInstance(InvalidReferenceException.java:131)
	at freemarker.core.EvalUtil.coerceModelToString(EvalUtil.java:355)
	at freemarker.core.Expression.evalAndCoerceToString(Expression.java:82)
	at freemarker.core.DollarVariable.accept(DollarVariable.java:41)
	at freemarker.core.Environment.visit(Environment.java:324)
	at freemarker.core.MixedContent.accept(MixedContent.java:54)
	at freemarker.core.Environment.visitByHiddingParent(Environment.java:345)
	at freemarker.core.IteratorBlock$IterationContext.executeNestedBlockInner(IteratorBlock.java:240)
	at freemarker.core.IteratorBlock$IterationContext.executeNestedBlock(IteratorBlock.java:220)
	at freemarker.core.IteratorBlock$IterationContext.accept(IteratorBlock.java:194)
	at freemarker.core.Environment.visitIteratorBlock(Environment.java:572)
	at freemarker.core.IteratorBlock.acceptWithResult(IteratorBlock.java:78)
	at freemarker.core.IteratorBlock.accept(IteratorBlock.java:64)
	at freemarker.core.Environment.visit(Environment.java:324)
	at freemarker.core.MixedContent.accept(MixedContent.java:54)
	at freemarker.core.Environment.visit(Environment.java:324)
	at freemarker.core.Environment.process(Environment.java:302)
	at freemarker.template.Template.process(Template.java:325)
	at com.relevantcodes.extentreports.HTMLReporter.flush(HTMLReporter.java:173)
	at com.relevantcodes.extentreports.Report.flush(Report.java:468)
	at com.relevantcodes.extentreports.ExtentReports.flush(ExtentReports.java:900)
	at com.relevantcodes.extentreports.Report.terminate(Report.java:435)
	at com.relevantcodes.extentreports.ExtentReports.close(ExtentReports.java:917)
	at com.testautomation.framework.core.Browser.afterSuite(Browser.java:183)
	at java.base/jdk.internal.reflect.NativeMethodAccessorImpl.invoke0(Native Method)
	at java.base/jdk.internal.reflect.NativeMethodAccessorImpl.invoke(NativeMethodAccessorImpl.java:62)
	at java.base/jdk.internal.reflect.DelegatingMethodAccessorImpl.invoke(DelegatingMethodAccessorImpl.java:43)
	at java.base/java.lang.reflect.Method.invoke(Method.java:564)
	at org.testng.internal.MethodInvocationHelper.invokeMethod(MethodInvocationHelper.java:108)
	at org.testng.internal.Invoker.invokeConfigurationMethod(Invoker.java:523)
	at org.testng.internal.Invoker.invokeConfigurations(Invoker.java:224)
	at org.testng.internal.Invoker.invokeConfigurations(Invoker.java:146)
	at org.testng.SuiteRunner.privateRun(SuiteRunner.java:350)
	at org.testng.SuiteRunner.run(SuiteRunner.java:289)
	at org.testng.SuiteRunnerWorker.runSuite(SuiteRunnerWorker.java:52)
	at org.testng.SuiteRunnerWorker.run(SuiteRunnerWorker.java:86)
	at org.testng.TestNG.runSuitesSequentially(TestNG.java:1301)
	at org.testng.TestNG.runSuitesLocally(TestNG.java:1226)
	at org.testng.TestNG.runSuites(TestNG.java:1144)
	at org.testng.TestNG.run(TestNG.java:1115)
	at org.testng.remote.AbstractRemoteTestNG.run(AbstractRemoteTestNG.java:115)
	at org.testng.remote.RemoteTestNG.initAndRun(RemoteTestNG.java:251)
	at org.testng.remote.RemoteTestNG.main(RemoteTestNG.java:77)
2021-09-18 20:38:54 - [INFO] Setting the environment to test
2021-09-18 20:38:55 - [PASSED] Browser Initialized
2021-09-18 20:38:55 - [INFO] Accessing https://www.saucedemo.com/
2021-09-18 20:39:07 - [Log:] chrome instance closed.
2021-09-18 20:39:08 - Error executing FreeMarker template
FreeMarker template error:
The following has evaluated to null or missing:
==> report.systemInfoMap[info]  [in template "Extent.ftl" at line 193, column 95]

----
Tip: It's the final [] step that caused this error, not those before it.
----
Tip: If the failing expression is known to be legally refer to something that's sometimes null or missing, either specify a default value like myOptionalVar!myDefault, or use <#if myOptionalVar??>when-present<#else>when-missing</#if>. (These only cover the last step of the expression; to cover the whole expression, use parenthesis: (myOptionalVar.foo)!myDefault, (myOptionalVar.foo)??
----

----
FTL stack trace ("~" means nesting-related):
	- Failed at: ${report.systemInfoMap[info]}  [in template "Extent.ftl" at line 193, column 93]
----

Java stack trace (for programmers):
----
freemarker.core.InvalidReferenceException: [... Exception message was already printed; see it above ...]
	at freemarker.core.InvalidReferenceException.getInstance(InvalidReferenceException.java:131)
	at freemarker.core.EvalUtil.coerceModelToString(EvalUtil.java:355)
	at freemarker.core.Expression.evalAndCoerceToString(Expression.java:82)
	at freemarker.core.DollarVariable.accept(DollarVariable.java:41)
	at freemarker.core.Environment.visit(Environment.java:324)
	at freemarker.core.MixedContent.accept(MixedContent.java:54)
	at freemarker.core.Environment.visitByHiddingParent(Environment.java:345)
	at freemarker.core.IteratorBlock$IterationContext.executeNestedBlockInner(IteratorBlock.java:240)
	at freemarker.core.IteratorBlock$IterationContext.executeNestedBlock(IteratorBlock.java:220)
	at freemarker.core.IteratorBlock$IterationContext.accept(IteratorBlock.java:194)
	at freemarker.core.Environment.visitIteratorBlock(Environment.java:572)
	at freemarker.core.IteratorBlock.acceptWithResult(IteratorBlock.java:78)
	at freemarker.core.IteratorBlock.accept(IteratorBlock.java:64)
	at freemarker.core.Environment.visit(Environment.java:324)
	at freemarker.core.MixedContent.accept(MixedContent.java:54)
	at freemarker.core.Environment.visit(Environment.java:324)
	at freemarker.core.Environment.process(Environment.java:302)
	at freemarker.template.Template.process(Template.java:325)
	at com.relevantcodes.extentreports.HTMLReporter.flush(HTMLReporter.java:173)
	at com.relevantcodes.extentreports.Report.flush(Report.java:468)
	at com.relevantcodes.extentreports.ExtentReports.flush(ExtentReports.java:900)
	at com.testautomation.framework.core.Browser.afterMethod(Browser.java:178)
	at java.base/jdk.internal.reflect.NativeMethodAccessorImpl.invoke0(Native Method)
	at java.base/jdk.internal.reflect.NativeMethodAccessorImpl.invoke(NativeMethodAccessorImpl.java:62)
	at java.base/jdk.internal.reflect.DelegatingMethodAccessorImpl.invoke(DelegatingMethodAccessorImpl.java:43)
	at java.base/java.lang.reflect.Method.invoke(Method.java:564)
	at org.testng.internal.MethodInvocationHelper.invokeMethod(MethodInvocationHelper.java:108)
	at org.testng.internal.Invoker.invokeConfigurationMethod(Invoker.java:523)
	at org.testng.internal.Invoker.invokeConfigurations(Invoker.java:224)
	at org.testng.internal.Invoker.invokeMethod(Invoker.java:723)
	at org.testng.internal.Invoker.invokeTestMethod(Invoker.java:869)
	at org.testng.internal.Invoker.invokeTestMethods(Invoker.java:1193)
	at org.testng.internal.TestMethodWorker.invokeTestMethods(TestMethodWorker.java:126)
	at org.testng.internal.TestMethodWorker.run(TestMethodWorker.java:109)
	at org.testng.TestRunner.privateRun(TestRunner.java:744)
	at org.testng.TestRunner.run(TestRunner.java:602)
	at org.testng.SuiteRunner.runTest(SuiteRunner.java:380)
	at org.testng.SuiteRunner.runSequentially(SuiteRunner.java:375)
	at org.testng.SuiteRunner.privateRun(SuiteRunner.java:340)
	at org.testng.SuiteRunner.run(SuiteRunner.java:289)
	at org.testng.SuiteRunnerWorker.runSuite(SuiteRunnerWorker.java:52)
	at org.testng.SuiteRunnerWorker.run(SuiteRunnerWorker.java:86)
	at org.testng.TestNG.runSuitesSequentially(TestNG.java:1301)
	at org.testng.TestNG.runSuitesLocally(TestNG.java:1226)
	at org.testng.TestNG.runSuites(TestNG.java:1144)
	at org.testng.TestNG.run(TestNG.java:1115)
	at org.testng.remote.AbstractRemoteTestNG.run(AbstractRemoteTestNG.java:115)
	at org.testng.remote.RemoteTestNG.initAndRun(RemoteTestNG.java:251)
	at org.testng.remote.RemoteTestNG.main(RemoteTestNG.java:77)
2021-09-18 20:39:08 - Error executing FreeMarker template
FreeMarker template error:
The following has evaluated to null or missing:
==> report.systemInfoMap[info]  [in template "Extent.ftl" at line 193, column 95]

----
Tip: It's the final [] step that caused this error, not those before it.
----
Tip: If the failing expression is known to be legally refer to something that's sometimes null or missing, either specify a default value like myOptionalVar!myDefault, or use <#if myOptionalVar??>when-present<#else>when-missing</#if>. (These only cover the last step of the expression; to cover the whole expression, use parenthesis: (myOptionalVar.foo)!myDefault, (myOptionalVar.foo)??
----

----
FTL stack trace ("~" means nesting-related):
	- Failed at: ${report.systemInfoMap[info]}  [in template "Extent.ftl" at line 193, column 93]
----

Java stack trace (for programmers):
----
freemarker.core.InvalidReferenceException: [... Exception message was already printed; see it above ...]
	at freemarker.core.InvalidReferenceException.getInstance(InvalidReferenceException.java:131)
	at freemarker.core.EvalUtil.coerceModelToString(EvalUtil.java:355)
	at freemarker.core.Expression.evalAndCoerceToString(Expression.java:82)
	at freemarker.core.DollarVariable.accept(DollarVariable.java:41)
	at freemarker.core.Environment.visit(Environment.java:324)
	at freemarker.core.MixedContent.accept(MixedContent.java:54)
	at freemarker.core.Environment.visitByHiddingParent(Environment.java:345)
	at freemarker.core.IteratorBlock$IterationContext.executeNestedBlockInner(IteratorBlock.java:240)
	at freemarker.core.IteratorBlock$IterationContext.executeNestedBlock(IteratorBlock.java:220)
	at freemarker.core.IteratorBlock$IterationContext.accept(IteratorBlock.java:194)
	at freemarker.core.Environment.visitIteratorBlock(Environment.java:572)
	at freemarker.core.IteratorBlock.acceptWithResult(IteratorBlock.java:78)
	at freemarker.core.IteratorBlock.accept(IteratorBlock.java:64)
	at freemarker.core.Environment.visit(Environment.java:324)
	at freemarker.core.MixedContent.accept(MixedContent.java:54)
	at freemarker.core.Environment.visit(Environment.java:324)
	at freemarker.core.Environment.process(Environment.java:302)
	at freemarker.template.Template.process(Template.java:325)
	at com.relevantcodes.extentreports.HTMLReporter.flush(HTMLReporter.java:173)
	at com.relevantcodes.extentreports.Report.flush(Report.java:468)
	at com.relevantcodes.extentreports.ExtentReports.flush(ExtentReports.java:900)
	at com.relevantcodes.extentreports.Report.terminate(Report.java:435)
	at com.relevantcodes.extentreports.ExtentReports.close(ExtentReports.java:917)
	at com.testautomation.framework.core.Browser.afterSuite(Browser.java:183)
	at java.base/jdk.internal.reflect.NativeMethodAccessorImpl.invoke0(Native Method)
	at java.base/jdk.internal.reflect.NativeMethodAccessorImpl.invoke(NativeMethodAccessorImpl.java:62)
	at java.base/jdk.internal.reflect.DelegatingMethodAccessorImpl.invoke(DelegatingMethodAccessorImpl.java:43)
	at java.base/java.lang.reflect.Method.invoke(Method.java:564)
	at org.testng.internal.MethodInvocationHelper.invokeMethod(MethodInvocationHelper.java:108)
	at org.testng.internal.Invoker.invokeConfigurationMethod(Invoker.java:523)
	at org.testng.internal.Invoker.invokeConfigurations(Invoker.java:224)
	at org.testng.internal.Invoker.invokeConfigurations(Invoker.java:146)
	at org.testng.SuiteRunner.privateRun(SuiteRunner.java:350)
	at org.testng.SuiteRunner.run(SuiteRunner.java:289)
	at org.testng.SuiteRunnerWorker.runSuite(SuiteRunnerWorker.java:52)
	at org.testng.SuiteRunnerWorker.run(SuiteRunnerWorker.java:86)
	at org.testng.TestNG.runSuitesSequentially(TestNG.java:1301)
	at org.testng.TestNG.runSuitesLocally(TestNG.java:1226)
	at org.testng.TestNG.runSuites(TestNG.java:1144)
	at org.testng.TestNG.run(TestNG.java:1115)
	at org.testng.remote.AbstractRemoteTestNG.run(AbstractRemoteTestNG.java:115)
	at org.testng.remote.RemoteTestNG.initAndRun(RemoteTestNG.java:251)
	at org.testng.remote.RemoteTestNG.main(RemoteTestNG.java:77)
2021-09-18 20:40:21 - [INFO] Setting the environment to test
2021-09-18 20:40:22 - [PASSED] Browser Initialized
2021-09-18 20:40:22 - [INFO] Accessing https://www.saucedemo.com/
2021-09-18 20:40:35 - [Log:] chrome instance closed.
2021-09-18 20:40:35 - Error executing FreeMarker template
FreeMarker template error:
The following has evaluated to null or missing:
==> report.systemInfoMap[info]  [in template "Extent.ftl" at line 193, column 95]

----
Tip: It's the final [] step that caused this error, not those before it.
----
Tip: If the failing expression is known to be legally refer to something that's sometimes null or missing, either specify a default value like myOptionalVar!myDefault, or use <#if myOptionalVar??>when-present<#else>when-missing</#if>. (These only cover the last step of the expression; to cover the whole expression, use parenthesis: (myOptionalVar.foo)!myDefault, (myOptionalVar.foo)??
----

----
FTL stack trace ("~" means nesting-related):
	- Failed at: ${report.systemInfoMap[info]}  [in template "Extent.ftl" at line 193, column 93]
----

Java stack trace (for programmers):
----
freemarker.core.InvalidReferenceException: [... Exception message was already printed; see it above ...]
	at freemarker.core.InvalidReferenceException.getInstance(InvalidReferenceException.java:131)
	at freemarker.core.EvalUtil.coerceModelToString(EvalUtil.java:355)
	at freemarker.core.Expression.evalAndCoerceToString(Expression.java:82)
	at freemarker.core.DollarVariable.accept(DollarVariable.java:41)
	at freemarker.core.Environment.visit(Environment.java:324)
	at freemarker.core.MixedContent.accept(MixedContent.java:54)
	at freemarker.core.Environment.visitByHiddingParent(Environment.java:345)
	at freemarker.core.IteratorBlock$IterationContext.executeNestedBlockInner(IteratorBlock.java:240)
	at freemarker.core.IteratorBlock$IterationContext.executeNestedBlock(IteratorBlock.java:220)
	at freemarker.core.IteratorBlock$IterationContext.accept(IteratorBlock.java:194)
	at freemarker.core.Environment.visitIteratorBlock(Environment.java:572)
	at freemarker.core.IteratorBlock.acceptWithResult(IteratorBlock.java:78)
	at freemarker.core.IteratorBlock.accept(IteratorBlock.java:64)
	at freemarker.core.Environment.visit(Environment.java:324)
	at freemarker.core.MixedContent.accept(MixedContent.java:54)
	at freemarker.core.Environment.visit(Environment.java:324)
	at freemarker.core.Environment.process(Environment.java:302)
	at freemarker.template.Template.process(Template.java:325)
	at com.relevantcodes.extentreports.HTMLReporter.flush(HTMLReporter.java:173)
	at com.relevantcodes.extentreports.Report.flush(Report.java:468)
	at com.relevantcodes.extentreports.ExtentReports.flush(ExtentReports.java:900)
	at com.testautomation.framework.core.Browser.afterMethod(Browser.java:178)
	at java.base/jdk.internal.reflect.NativeMethodAccessorImpl.invoke0(Native Method)
	at java.base/jdk.internal.reflect.NativeMethodAccessorImpl.invoke(NativeMethodAccessorImpl.java:62)
	at java.base/jdk.internal.reflect.DelegatingMethodAccessorImpl.invoke(DelegatingMethodAccessorImpl.java:43)
	at java.base/java.lang.reflect.Method.invoke(Method.java:564)
	at org.testng.internal.MethodInvocationHelper.invokeMethod(MethodInvocationHelper.java:108)
	at org.testng.internal.Invoker.invokeConfigurationMethod(Invoker.java:523)
	at org.testng.internal.Invoker.invokeConfigurations(Invoker.java:224)
	at org.testng.internal.Invoker.invokeMethod(Invoker.java:723)
	at org.testng.internal.Invoker.invokeTestMethod(Invoker.java:869)
	at org.testng.internal.Invoker.invokeTestMethods(Invoker.java:1193)
	at org.testng.internal.TestMethodWorker.invokeTestMethods(TestMethodWorker.java:126)
	at org.testng.internal.TestMethodWorker.run(TestMethodWorker.java:109)
	at org.testng.TestRunner.privateRun(TestRunner.java:744)
	at org.testng.TestRunner.run(TestRunner.java:602)
	at org.testng.SuiteRunner.runTest(SuiteRunner.java:380)
	at org.testng.SuiteRunner.runSequentially(SuiteRunner.java:375)
	at org.testng.SuiteRunner.privateRun(SuiteRunner.java:340)
	at org.testng.SuiteRunner.run(SuiteRunner.java:289)
	at org.testng.SuiteRunnerWorker.runSuite(SuiteRunnerWorker.java:52)
	at org.testng.SuiteRunnerWorker.run(SuiteRunnerWorker.java:86)
	at org.testng.TestNG.runSuitesSequentially(TestNG.java:1301)
	at org.testng.TestNG.runSuitesLocally(TestNG.java:1226)
	at org.testng.TestNG.runSuites(TestNG.java:1144)
	at org.testng.TestNG.run(TestNG.java:1115)
	at org.testng.remote.AbstractRemoteTestNG.run(AbstractRemoteTestNG.java:115)
	at org.testng.remote.RemoteTestNG.initAndRun(RemoteTestNG.java:251)
	at org.testng.remote.RemoteTestNG.main(RemoteTestNG.java:77)
2021-09-18 20:40:35 - Error executing FreeMarker template
FreeMarker template error:
The following has evaluated to null or missing:
==> report.systemInfoMap[info]  [in template "Extent.ftl" at line 193, column 95]

----
Tip: It's the final [] step that caused this error, not those before it.
----
Tip: If the failing expression is known to be legally refer to something that's sometimes null or missing, either specify a default value like myOptionalVar!myDefault, or use <#if myOptionalVar??>when-present<#else>when-missing</#if>. (These only cover the last step of the expression; to cover the whole expression, use parenthesis: (myOptionalVar.foo)!myDefault, (myOptionalVar.foo)??
----

----
FTL stack trace ("~" means nesting-related):
	- Failed at: ${report.systemInfoMap[info]}  [in template "Extent.ftl" at line 193, column 93]
----

Java stack trace (for programmers):
----
freemarker.core.InvalidReferenceException: [... Exception message was already printed; see it above ...]
	at freemarker.core.InvalidReferenceException.getInstance(InvalidReferenceException.java:131)
	at freemarker.core.EvalUtil.coerceModelToString(EvalUtil.java:355)
	at freemarker.core.Expression.evalAndCoerceToString(Expression.java:82)
	at freemarker.core.DollarVariable.accept(DollarVariable.java:41)
	at freemarker.core.Environment.visit(Environment.java:324)
	at freemarker.core.MixedContent.accept(MixedContent.java:54)
	at freemarker.core.Environment.visitByHiddingParent(Environment.java:345)
	at freemarker.core.IteratorBlock$IterationContext.executeNestedBlockInner(IteratorBlock.java:240)
	at freemarker.core.IteratorBlock$IterationContext.executeNestedBlock(IteratorBlock.java:220)
	at freemarker.core.IteratorBlock$IterationContext.accept(IteratorBlock.java:194)
	at freemarker.core.Environment.visitIteratorBlock(Environment.java:572)
	at freemarker.core.IteratorBlock.acceptWithResult(IteratorBlock.java:78)
	at freemarker.core.IteratorBlock.accept(IteratorBlock.java:64)
	at freemarker.core.Environment.visit(Environment.java:324)
	at freemarker.core.MixedContent.accept(MixedContent.java:54)
	at freemarker.core.Environment.visit(Environment.java:324)
	at freemarker.core.Environment.process(Environment.java:302)
	at freemarker.template.Template.process(Template.java:325)
	at com.relevantcodes.extentreports.HTMLReporter.flush(HTMLReporter.java:173)
	at com.relevantcodes.extentreports.Report.flush(Report.java:468)
	at com.relevantcodes.extentreports.ExtentReports.flush(ExtentReports.java:900)
	at com.relevantcodes.extentreports.Report.terminate(Report.java:435)
	at com.relevantcodes.extentreports.ExtentReports.close(ExtentReports.java:917)
	at com.testautomation.framework.core.Browser.afterSuite(Browser.java:183)
	at java.base/jdk.internal.reflect.NativeMethodAccessorImpl.invoke0(Native Method)
	at java.base/jdk.internal.reflect.NativeMethodAccessorImpl.invoke(NativeMethodAccessorImpl.java:62)
	at java.base/jdk.internal.reflect.DelegatingMethodAccessorImpl.invoke(DelegatingMethodAccessorImpl.java:43)
	at java.base/java.lang.reflect.Method.invoke(Method.java:564)
	at org.testng.internal.MethodInvocationHelper.invokeMethod(MethodInvocationHelper.java:108)
	at org.testng.internal.Invoker.invokeConfigurationMethod(Invoker.java:523)
	at org.testng.internal.Invoker.invokeConfigurations(Invoker.java:224)
	at org.testng.internal.Invoker.invokeConfigurations(Invoker.java:146)
	at org.testng.SuiteRunner.privateRun(SuiteRunner.java:350)
	at org.testng.SuiteRunner.run(SuiteRunner.java:289)
	at org.testng.SuiteRunnerWorker.runSuite(SuiteRunnerWorker.java:52)
	at org.testng.SuiteRunnerWorker.run(SuiteRunnerWorker.java:86)
	at org.testng.TestNG.runSuitesSequentially(TestNG.java:1301)
	at org.testng.TestNG.runSuitesLocally(TestNG.java:1226)
	at org.testng.TestNG.runSuites(TestNG.java:1144)
	at org.testng.TestNG.run(TestNG.java:1115)
	at org.testng.remote.AbstractRemoteTestNG.run(AbstractRemoteTestNG.java:115)
	at org.testng.remote.RemoteTestNG.initAndRun(RemoteTestNG.java:251)
	at org.testng.remote.RemoteTestNG.main(RemoteTestNG.java:77)
2021-09-18 20:42:16 - [INFO] Setting the environment to test
2021-09-18 20:42:18 - [PASSED] Browser Initialized
2021-09-18 20:42:18 - [INFO] Accessing https://www.saucedemo.com/
2021-09-18 20:42:30 - [Log:] chrome instance closed.
2021-09-18 20:42:30 - Error executing FreeMarker template
FreeMarker template error:
The following has evaluated to null or missing:
==> report.systemInfoMap[info]  [in template "Extent.ftl" at line 193, column 95]

----
Tip: It's the final [] step that caused this error, not those before it.
----
Tip: If the failing expression is known to be legally refer to something that's sometimes null or missing, either specify a default value like myOptionalVar!myDefault, or use <#if myOptionalVar??>when-present<#else>when-missing</#if>. (These only cover the last step of the expression; to cover the whole expression, use parenthesis: (myOptionalVar.foo)!myDefault, (myOptionalVar.foo)??
----

----
FTL stack trace ("~" means nesting-related):
	- Failed at: ${report.systemInfoMap[info]}  [in template "Extent.ftl" at line 193, column 93]
----

Java stack trace (for programmers):
----
freemarker.core.InvalidReferenceException: [... Exception message was already printed; see it above ...]
	at freemarker.core.InvalidReferenceException.getInstance(InvalidReferenceException.java:131)
	at freemarker.core.EvalUtil.coerceModelToString(EvalUtil.java:355)
	at freemarker.core.Expression.evalAndCoerceToString(Expression.java:82)
	at freemarker.core.DollarVariable.accept(DollarVariable.java:41)
	at freemarker.core.Environment.visit(Environment.java:324)
	at freemarker.core.MixedContent.accept(MixedContent.java:54)
	at freemarker.core.Environment.visitByHiddingParent(Environment.java:345)
	at freemarker.core.IteratorBlock$IterationContext.executeNestedBlockInner(IteratorBlock.java:240)
	at freemarker.core.IteratorBlock$IterationContext.executeNestedBlock(IteratorBlock.java:220)
	at freemarker.core.IteratorBlock$IterationContext.accept(IteratorBlock.java:194)
	at freemarker.core.Environment.visitIteratorBlock(Environment.java:572)
	at freemarker.core.IteratorBlock.acceptWithResult(IteratorBlock.java:78)
	at freemarker.core.IteratorBlock.accept(IteratorBlock.java:64)
	at freemarker.core.Environment.visit(Environment.java:324)
	at freemarker.core.MixedContent.accept(MixedContent.java:54)
	at freemarker.core.Environment.visit(Environment.java:324)
	at freemarker.core.Environment.process(Environment.java:302)
	at freemarker.template.Template.process(Template.java:325)
	at com.relevantcodes.extentreports.HTMLReporter.flush(HTMLReporter.java:173)
	at com.relevantcodes.extentreports.Report.flush(Report.java:468)
	at com.relevantcodes.extentreports.ExtentReports.flush(ExtentReports.java:900)
	at com.testautomation.framework.core.Browser.afterMethod(Browser.java:179)
	at java.base/jdk.internal.reflect.NativeMethodAccessorImpl.invoke0(Native Method)
	at java.base/jdk.internal.reflect.NativeMethodAccessorImpl.invoke(NativeMethodAccessorImpl.java:62)
	at java.base/jdk.internal.reflect.DelegatingMethodAccessorImpl.invoke(DelegatingMethodAccessorImpl.java:43)
	at java.base/java.lang.reflect.Method.invoke(Method.java:564)
	at org.testng.internal.MethodInvocationHelper.invokeMethod(MethodInvocationHelper.java:108)
	at org.testng.internal.Invoker.invokeConfigurationMethod(Invoker.java:523)
	at org.testng.internal.Invoker.invokeConfigurations(Invoker.java:224)
	at org.testng.internal.Invoker.invokeMethod(Invoker.java:723)
	at org.testng.internal.Invoker.invokeTestMethod(Invoker.java:869)
	at org.testng.internal.Invoker.invokeTestMethods(Invoker.java:1193)
	at org.testng.internal.TestMethodWorker.invokeTestMethods(TestMethodWorker.java:126)
	at org.testng.internal.TestMethodWorker.run(TestMethodWorker.java:109)
	at org.testng.TestRunner.privateRun(TestRunner.java:744)
	at org.testng.TestRunner.run(TestRunner.java:602)
	at org.testng.SuiteRunner.runTest(SuiteRunner.java:380)
	at org.testng.SuiteRunner.runSequentially(SuiteRunner.java:375)
	at org.testng.SuiteRunner.privateRun(SuiteRunner.java:340)
	at org.testng.SuiteRunner.run(SuiteRunner.java:289)
	at org.testng.SuiteRunnerWorker.runSuite(SuiteRunnerWorker.java:52)
	at org.testng.SuiteRunnerWorker.run(SuiteRunnerWorker.java:86)
	at org.testng.TestNG.runSuitesSequentially(TestNG.java:1301)
	at org.testng.TestNG.runSuitesLocally(TestNG.java:1226)
	at org.testng.TestNG.runSuites(TestNG.java:1144)
	at org.testng.TestNG.run(TestNG.java:1115)
	at org.testng.remote.AbstractRemoteTestNG.run(AbstractRemoteTestNG.java:115)
	at org.testng.remote.RemoteTestNG.initAndRun(RemoteTestNG.java:251)
	at org.testng.remote.RemoteTestNG.main(RemoteTestNG.java:77)
2021-09-18 20:42:30 - Error executing FreeMarker template
FreeMarker template error:
The following has evaluated to null or missing:
==> report.systemInfoMap[info]  [in template "Extent.ftl" at line 193, column 95]

----
Tip: It's the final [] step that caused this error, not those before it.
----
Tip: If the failing expression is known to be legally refer to something that's sometimes null or missing, either specify a default value like myOptionalVar!myDefault, or use <#if myOptionalVar??>when-present<#else>when-missing</#if>. (These only cover the last step of the expression; to cover the whole expression, use parenthesis: (myOptionalVar.foo)!myDefault, (myOptionalVar.foo)??
----

----
FTL stack trace ("~" means nesting-related):
	- Failed at: ${report.systemInfoMap[info]}  [in template "Extent.ftl" at line 193, column 93]
----

Java stack trace (for programmers):
----
freemarker.core.InvalidReferenceException: [... Exception message was already printed; see it above ...]
	at freemarker.core.InvalidReferenceException.getInstance(InvalidReferenceException.java:131)
	at freemarker.core.EvalUtil.coerceModelToString(EvalUtil.java:355)
	at freemarker.core.Expression.evalAndCoerceToString(Expression.java:82)
	at freemarker.core.DollarVariable.accept(DollarVariable.java:41)
	at freemarker.core.Environment.visit(Environment.java:324)
	at freemarker.core.MixedContent.accept(MixedContent.java:54)
	at freemarker.core.Environment.visitByHiddingParent(Environment.java:345)
	at freemarker.core.IteratorBlock$IterationContext.executeNestedBlockInner(IteratorBlock.java:240)
	at freemarker.core.IteratorBlock$IterationContext.executeNestedBlock(IteratorBlock.java:220)
	at freemarker.core.IteratorBlock$IterationContext.accept(IteratorBlock.java:194)
	at freemarker.core.Environment.visitIteratorBlock(Environment.java:572)
	at freemarker.core.IteratorBlock.acceptWithResult(IteratorBlock.java:78)
	at freemarker.core.IteratorBlock.accept(IteratorBlock.java:64)
	at freemarker.core.Environment.visit(Environment.java:324)
	at freemarker.core.MixedContent.accept(MixedContent.java:54)
	at freemarker.core.Environment.visit(Environment.java:324)
	at freemarker.core.Environment.process(Environment.java:302)
	at freemarker.template.Template.process(Template.java:325)
	at com.relevantcodes.extentreports.HTMLReporter.flush(HTMLReporter.java:173)
	at com.relevantcodes.extentreports.Report.flush(Report.java:468)
	at com.relevantcodes.extentreports.ExtentReports.flush(ExtentReports.java:900)
	at com.relevantcodes.extentreports.Report.terminate(Report.java:435)
	at com.relevantcodes.extentreports.ExtentReports.close(ExtentReports.java:917)
	at com.testautomation.framework.core.Browser.afterSuite(Browser.java:184)
	at java.base/jdk.internal.reflect.NativeMethodAccessorImpl.invoke0(Native Method)
	at java.base/jdk.internal.reflect.NativeMethodAccessorImpl.invoke(NativeMethodAccessorImpl.java:62)
	at java.base/jdk.internal.reflect.DelegatingMethodAccessorImpl.invoke(DelegatingMethodAccessorImpl.java:43)
	at java.base/java.lang.reflect.Method.invoke(Method.java:564)
	at org.testng.internal.MethodInvocationHelper.invokeMethod(MethodInvocationHelper.java:108)
	at org.testng.internal.Invoker.invokeConfigurationMethod(Invoker.java:523)
	at org.testng.internal.Invoker.invokeConfigurations(Invoker.java:224)
	at org.testng.internal.Invoker.invokeConfigurations(Invoker.java:146)
	at org.testng.SuiteRunner.privateRun(SuiteRunner.java:350)
	at org.testng.SuiteRunner.run(SuiteRunner.java:289)
	at org.testng.SuiteRunnerWorker.runSuite(SuiteRunnerWorker.java:52)
	at org.testng.SuiteRunnerWorker.run(SuiteRunnerWorker.java:86)
	at org.testng.TestNG.runSuitesSequentially(TestNG.java:1301)
	at org.testng.TestNG.runSuitesLocally(TestNG.java:1226)
	at org.testng.TestNG.runSuites(TestNG.java:1144)
	at org.testng.TestNG.run(TestNG.java:1115)
	at org.testng.remote.AbstractRemoteTestNG.run(AbstractRemoteTestNG.java:115)
	at org.testng.remote.RemoteTestNG.initAndRun(RemoteTestNG.java:251)
	at org.testng.remote.RemoteTestNG.main(RemoteTestNG.java:77)
2021-09-18 20:45:20 - [INFO] Setting the environment to test
2021-09-18 20:45:22 - [PASSED] Browser Initialized
2021-09-18 20:45:22 - [INFO] Accessing https://www.saucedemo.com/
2021-09-18 20:45:34 - [INFO] Browser instance closed
2021-09-18 20:45:34 - Error executing FreeMarker template
FreeMarker template error:
The following has evaluated to null or missing:
==> report.systemInfoMap[info]  [in template "Extent.ftl" at line 193, column 95]

----
Tip: It's the final [] step that caused this error, not those before it.
----
Tip: If the failing expression is known to be legally refer to something that's sometimes null or missing, either specify a default value like myOptionalVar!myDefault, or use <#if myOptionalVar??>when-present<#else>when-missing</#if>. (These only cover the last step of the expression; to cover the whole expression, use parenthesis: (myOptionalVar.foo)!myDefault, (myOptionalVar.foo)??
----

----
FTL stack trace ("~" means nesting-related):
	- Failed at: ${report.systemInfoMap[info]}  [in template "Extent.ftl" at line 193, column 93]
----

Java stack trace (for programmers):
----
freemarker.core.InvalidReferenceException: [... Exception message was already printed; see it above ...]
	at freemarker.core.InvalidReferenceException.getInstance(InvalidReferenceException.java:131)
	at freemarker.core.EvalUtil.coerceModelToString(EvalUtil.java:355)
	at freemarker.core.Expression.evalAndCoerceToString(Expression.java:82)
	at freemarker.core.DollarVariable.accept(DollarVariable.java:41)
	at freemarker.core.Environment.visit(Environment.java:324)
	at freemarker.core.MixedContent.accept(MixedContent.java:54)
	at freemarker.core.Environment.visitByHiddingParent(Environment.java:345)
	at freemarker.core.IteratorBlock$IterationContext.executeNestedBlockInner(IteratorBlock.java:240)
	at freemarker.core.IteratorBlock$IterationContext.executeNestedBlock(IteratorBlock.java:220)
	at freemarker.core.IteratorBlock$IterationContext.accept(IteratorBlock.java:194)
	at freemarker.core.Environment.visitIteratorBlock(Environment.java:572)
	at freemarker.core.IteratorBlock.acceptWithResult(IteratorBlock.java:78)
	at freemarker.core.IteratorBlock.accept(IteratorBlock.java:64)
	at freemarker.core.Environment.visit(Environment.java:324)
	at freemarker.core.MixedContent.accept(MixedContent.java:54)
	at freemarker.core.Environment.visit(Environment.java:324)
	at freemarker.core.Environment.process(Environment.java:302)
	at freemarker.template.Template.process(Template.java:325)
	at com.relevantcodes.extentreports.HTMLReporter.flush(HTMLReporter.java:173)
	at com.relevantcodes.extentreports.Report.flush(Report.java:468)
	at com.relevantcodes.extentreports.ExtentReports.flush(ExtentReports.java:900)
	at com.testautomation.framework.core.Browser.afterMethod(Browser.java:179)
	at java.base/jdk.internal.reflect.NativeMethodAccessorImpl.invoke0(Native Method)
	at java.base/jdk.internal.reflect.NativeMethodAccessorImpl.invoke(NativeMethodAccessorImpl.java:62)
	at java.base/jdk.internal.reflect.DelegatingMethodAccessorImpl.invoke(DelegatingMethodAccessorImpl.java:43)
	at java.base/java.lang.reflect.Method.invoke(Method.java:564)
	at org.testng.internal.MethodInvocationHelper.invokeMethod(MethodInvocationHelper.java:108)
	at org.testng.internal.Invoker.invokeConfigurationMethod(Invoker.java:523)
	at org.testng.internal.Invoker.invokeConfigurations(Invoker.java:224)
	at org.testng.internal.Invoker.invokeMethod(Invoker.java:723)
	at org.testng.internal.Invoker.invokeTestMethod(Invoker.java:869)
	at org.testng.internal.Invoker.invokeTestMethods(Invoker.java:1193)
	at org.testng.internal.TestMethodWorker.invokeTestMethods(TestMethodWorker.java:126)
	at org.testng.internal.TestMethodWorker.run(TestMethodWorker.java:109)
	at org.testng.TestRunner.privateRun(TestRunner.java:744)
	at org.testng.TestRunner.run(TestRunner.java:602)
	at org.testng.SuiteRunner.runTest(SuiteRunner.java:380)
	at org.testng.SuiteRunner.runSequentially(SuiteRunner.java:375)
	at org.testng.SuiteRunner.privateRun(SuiteRunner.java:340)
	at org.testng.SuiteRunner.run(SuiteRunner.java:289)
	at org.testng.SuiteRunnerWorker.runSuite(SuiteRunnerWorker.java:52)
	at org.testng.SuiteRunnerWorker.run(SuiteRunnerWorker.java:86)
	at org.testng.TestNG.runSuitesSequentially(TestNG.java:1301)
	at org.testng.TestNG.runSuitesLocally(TestNG.java:1226)
	at org.testng.TestNG.runSuites(TestNG.java:1144)
	at org.testng.TestNG.run(TestNG.java:1115)
	at org.testng.remote.AbstractRemoteTestNG.run(AbstractRemoteTestNG.java:115)
	at org.testng.remote.RemoteTestNG.initAndRun(RemoteTestNG.java:251)
	at org.testng.remote.RemoteTestNG.main(RemoteTestNG.java:77)
2021-09-18 20:45:34 - Error executing FreeMarker template
FreeMarker template error:
The following has evaluated to null or missing:
==> report.systemInfoMap[info]  [in template "Extent.ftl" at line 193, column 95]

----
Tip: It's the final [] step that caused this error, not those before it.
----
Tip: If the failing expression is known to be legally refer to something that's sometimes null or missing, either specify a default value like myOptionalVar!myDefault, or use <#if myOptionalVar??>when-present<#else>when-missing</#if>. (These only cover the last step of the expression; to cover the whole expression, use parenthesis: (myOptionalVar.foo)!myDefault, (myOptionalVar.foo)??
----

----
FTL stack trace ("~" means nesting-related):
	- Failed at: ${report.systemInfoMap[info]}  [in template "Extent.ftl" at line 193, column 93]
----

Java stack trace (for programmers):
----
freemarker.core.InvalidReferenceException: [... Exception message was already printed; see it above ...]
	at freemarker.core.InvalidReferenceException.getInstance(InvalidReferenceException.java:131)
	at freemarker.core.EvalUtil.coerceModelToString(EvalUtil.java:355)
	at freemarker.core.Expression.evalAndCoerceToString(Expression.java:82)
	at freemarker.core.DollarVariable.accept(DollarVariable.java:41)
	at freemarker.core.Environment.visit(Environment.java:324)
	at freemarker.core.MixedContent.accept(MixedContent.java:54)
	at freemarker.core.Environment.visitByHiddingParent(Environment.java:345)
	at freemarker.core.IteratorBlock$IterationContext.executeNestedBlockInner(IteratorBlock.java:240)
	at freemarker.core.IteratorBlock$IterationContext.executeNestedBlock(IteratorBlock.java:220)
	at freemarker.core.IteratorBlock$IterationContext.accept(IteratorBlock.java:194)
	at freemarker.core.Environment.visitIteratorBlock(Environment.java:572)
	at freemarker.core.IteratorBlock.acceptWithResult(IteratorBlock.java:78)
	at freemarker.core.IteratorBlock.accept(IteratorBlock.java:64)
	at freemarker.core.Environment.visit(Environment.java:324)
	at freemarker.core.MixedContent.accept(MixedContent.java:54)
	at freemarker.core.Environment.visit(Environment.java:324)
	at freemarker.core.Environment.process(Environment.java:302)
	at freemarker.template.Template.process(Template.java:325)
	at com.relevantcodes.extentreports.HTMLReporter.flush(HTMLReporter.java:173)
	at com.relevantcodes.extentreports.Report.flush(Report.java:468)
	at com.relevantcodes.extentreports.ExtentReports.flush(ExtentReports.java:900)
	at com.relevantcodes.extentreports.Report.terminate(Report.java:435)
	at com.relevantcodes.extentreports.ExtentReports.close(ExtentReports.java:917)
	at com.testautomation.framework.core.Browser.afterSuite(Browser.java:184)
	at java.base/jdk.internal.reflect.NativeMethodAccessorImpl.invoke0(Native Method)
	at java.base/jdk.internal.reflect.NativeMethodAccessorImpl.invoke(NativeMethodAccessorImpl.java:62)
	at java.base/jdk.internal.reflect.DelegatingMethodAccessorImpl.invoke(DelegatingMethodAccessorImpl.java:43)
	at java.base/java.lang.reflect.Method.invoke(Method.java:564)
	at org.testng.internal.MethodInvocationHelper.invokeMethod(MethodInvocationHelper.java:108)
	at org.testng.internal.Invoker.invokeConfigurationMethod(Invoker.java:523)
	at org.testng.internal.Invoker.invokeConfigurations(Invoker.java:224)
	at org.testng.internal.Invoker.invokeConfigurations(Invoker.java:146)
	at org.testng.SuiteRunner.privateRun(SuiteRunner.java:350)
	at org.testng.SuiteRunner.run(SuiteRunner.java:289)
	at org.testng.SuiteRunnerWorker.runSuite(SuiteRunnerWorker.java:52)
	at org.testng.SuiteRunnerWorker.run(SuiteRunnerWorker.java:86)
	at org.testng.TestNG.runSuitesSequentially(TestNG.java:1301)
	at org.testng.TestNG.runSuitesLocally(TestNG.java:1226)
	at org.testng.TestNG.runSuites(TestNG.java:1144)
	at org.testng.TestNG.run(TestNG.java:1115)
	at org.testng.remote.AbstractRemoteTestNG.run(AbstractRemoteTestNG.java:115)
	at org.testng.remote.RemoteTestNG.initAndRun(RemoteTestNG.java:251)
	at org.testng.remote.RemoteTestNG.main(RemoteTestNG.java:77)
2021-09-18 20:46:15 - [INFO] Setting the environment to test
2021-09-18 20:46:16 - [PASSED] Browser Initialized
2021-09-18 20:46:16 - [INFO] Accessing https://www.saucedemo.com/
2021-09-18 20:46:29 - [INFO] Browser instance closed
2021-09-18 20:46:29 - Error executing FreeMarker template
FreeMarker template error:
The following has evaluated to null or missing:
==> report.systemInfoMap[info]  [in template "Extent.ftl" at line 193, column 95]

----
Tip: It's the final [] step that caused this error, not those before it.
----
Tip: If the failing expression is known to be legally refer to something that's sometimes null or missing, either specify a default value like myOptionalVar!myDefault, or use <#if myOptionalVar??>when-present<#else>when-missing</#if>. (These only cover the last step of the expression; to cover the whole expression, use parenthesis: (myOptionalVar.foo)!myDefault, (myOptionalVar.foo)??
----

----
FTL stack trace ("~" means nesting-related):
	- Failed at: ${report.systemInfoMap[info]}  [in template "Extent.ftl" at line 193, column 93]
----

Java stack trace (for programmers):
----
freemarker.core.InvalidReferenceException: [... Exception message was already printed; see it above ...]
	at freemarker.core.InvalidReferenceException.getInstance(InvalidReferenceException.java:131)
	at freemarker.core.EvalUtil.coerceModelToString(EvalUtil.java:355)
	at freemarker.core.Expression.evalAndCoerceToString(Expression.java:82)
	at freemarker.core.DollarVariable.accept(DollarVariable.java:41)
	at freemarker.core.Environment.visit(Environment.java:324)
	at freemarker.core.MixedContent.accept(MixedContent.java:54)
	at freemarker.core.Environment.visitByHiddingParent(Environment.java:345)
	at freemarker.core.IteratorBlock$IterationContext.executeNestedBlockInner(IteratorBlock.java:240)
	at freemarker.core.IteratorBlock$IterationContext.executeNestedBlock(IteratorBlock.java:220)
	at freemarker.core.IteratorBlock$IterationContext.accept(IteratorBlock.java:194)
	at freemarker.core.Environment.visitIteratorBlock(Environment.java:572)
	at freemarker.core.IteratorBlock.acceptWithResult(IteratorBlock.java:78)
	at freemarker.core.IteratorBlock.accept(IteratorBlock.java:64)
	at freemarker.core.Environment.visit(Environment.java:324)
	at freemarker.core.MixedContent.accept(MixedContent.java:54)
	at freemarker.core.Environment.visit(Environment.java:324)
	at freemarker.core.Environment.process(Environment.java:302)
	at freemarker.template.Template.process(Template.java:325)
	at com.relevantcodes.extentreports.HTMLReporter.flush(HTMLReporter.java:173)
	at com.relevantcodes.extentreports.Report.flush(Report.java:468)
	at com.relevantcodes.extentreports.ExtentReports.flush(ExtentReports.java:900)
	at com.testautomation.framework.core.Browser.afterMethod(Browser.java:179)
	at java.base/jdk.internal.reflect.NativeMethodAccessorImpl.invoke0(Native Method)
	at java.base/jdk.internal.reflect.NativeMethodAccessorImpl.invoke(NativeMethodAccessorImpl.java:62)
	at java.base/jdk.internal.reflect.DelegatingMethodAccessorImpl.invoke(DelegatingMethodAccessorImpl.java:43)
	at java.base/java.lang.reflect.Method.invoke(Method.java:564)
	at org.testng.internal.MethodInvocationHelper.invokeMethod(MethodInvocationHelper.java:108)
	at org.testng.internal.Invoker.invokeConfigurationMethod(Invoker.java:523)
	at org.testng.internal.Invoker.invokeConfigurations(Invoker.java:224)
	at org.testng.internal.Invoker.invokeMethod(Invoker.java:723)
	at org.testng.internal.Invoker.invokeTestMethod(Invoker.java:869)
	at org.testng.internal.Invoker.invokeTestMethods(Invoker.java:1193)
	at org.testng.internal.TestMethodWorker.invokeTestMethods(TestMethodWorker.java:126)
	at org.testng.internal.TestMethodWorker.run(TestMethodWorker.java:109)
	at org.testng.TestRunner.privateRun(TestRunner.java:744)
	at org.testng.TestRunner.run(TestRunner.java:602)
	at org.testng.SuiteRunner.runTest(SuiteRunner.java:380)
	at org.testng.SuiteRunner.runSequentially(SuiteRunner.java:375)
	at org.testng.SuiteRunner.privateRun(SuiteRunner.java:340)
	at org.testng.SuiteRunner.run(SuiteRunner.java:289)
	at org.testng.SuiteRunnerWorker.runSuite(SuiteRunnerWorker.java:52)
	at org.testng.SuiteRunnerWorker.run(SuiteRunnerWorker.java:86)
	at org.testng.TestNG.runSuitesSequentially(TestNG.java:1301)
	at org.testng.TestNG.runSuitesLocally(TestNG.java:1226)
	at org.testng.TestNG.runSuites(TestNG.java:1144)
	at org.testng.TestNG.run(TestNG.java:1115)
	at org.testng.remote.AbstractRemoteTestNG.run(AbstractRemoteTestNG.java:115)
	at org.testng.remote.RemoteTestNG.initAndRun(RemoteTestNG.java:251)
	at org.testng.remote.RemoteTestNG.main(RemoteTestNG.java:77)
2021-09-18 20:46:29 - Error executing FreeMarker template
FreeMarker template error:
The following has evaluated to null or missing:
==> report.systemInfoMap[info]  [in template "Extent.ftl" at line 193, column 95]

----
Tip: It's the final [] step that caused this error, not those before it.
----
Tip: If the failing expression is known to be legally refer to something that's sometimes null or missing, either specify a default value like myOptionalVar!myDefault, or use <#if myOptionalVar??>when-present<#else>when-missing</#if>. (These only cover the last step of the expression; to cover the whole expression, use parenthesis: (myOptionalVar.foo)!myDefault, (myOptionalVar.foo)??
----

----
FTL stack trace ("~" means nesting-related):
	- Failed at: ${report.systemInfoMap[info]}  [in template "Extent.ftl" at line 193, column 93]
----

Java stack trace (for programmers):
----
freemarker.core.InvalidReferenceException: [... Exception message was already printed; see it above ...]
	at freemarker.core.InvalidReferenceException.getInstance(InvalidReferenceException.java:131)
	at freemarker.core.EvalUtil.coerceModelToString(EvalUtil.java:355)
	at freemarker.core.Expression.evalAndCoerceToString(Expression.java:82)
	at freemarker.core.DollarVariable.accept(DollarVariable.java:41)
	at freemarker.core.Environment.visit(Environment.java:324)
	at freemarker.core.MixedContent.accept(MixedContent.java:54)
	at freemarker.core.Environment.visitByHiddingParent(Environment.java:345)
	at freemarker.core.IteratorBlock$IterationContext.executeNestedBlockInner(IteratorBlock.java:240)
	at freemarker.core.IteratorBlock$IterationContext.executeNestedBlock(IteratorBlock.java:220)
	at freemarker.core.IteratorBlock$IterationContext.accept(IteratorBlock.java:194)
	at freemarker.core.Environment.visitIteratorBlock(Environment.java:572)
	at freemarker.core.IteratorBlock.acceptWithResult(IteratorBlock.java:78)
	at freemarker.core.IteratorBlock.accept(IteratorBlock.java:64)
	at freemarker.core.Environment.visit(Environment.java:324)
	at freemarker.core.MixedContent.accept(MixedContent.java:54)
	at freemarker.core.Environment.visit(Environment.java:324)
	at freemarker.core.Environment.process(Environment.java:302)
	at freemarker.template.Template.process(Template.java:325)
	at com.relevantcodes.extentreports.HTMLReporter.flush(HTMLReporter.java:173)
	at com.relevantcodes.extentreports.Report.flush(Report.java:468)
	at com.relevantcodes.extentreports.ExtentReports.flush(ExtentReports.java:900)
	at com.relevantcodes.extentreports.Report.terminate(Report.java:435)
	at com.relevantcodes.extentreports.ExtentReports.close(ExtentReports.java:917)
	at com.testautomation.framework.core.Browser.afterSuite(Browser.java:184)
	at java.base/jdk.internal.reflect.NativeMethodAccessorImpl.invoke0(Native Method)
	at java.base/jdk.internal.reflect.NativeMethodAccessorImpl.invoke(NativeMethodAccessorImpl.java:62)
	at java.base/jdk.internal.reflect.DelegatingMethodAccessorImpl.invoke(DelegatingMethodAccessorImpl.java:43)
	at java.base/java.lang.reflect.Method.invoke(Method.java:564)
	at org.testng.internal.MethodInvocationHelper.invokeMethod(MethodInvocationHelper.java:108)
	at org.testng.internal.Invoker.invokeConfigurationMethod(Invoker.java:523)
	at org.testng.internal.Invoker.invokeConfigurations(Invoker.java:224)
	at org.testng.internal.Invoker.invokeConfigurations(Invoker.java:146)
	at org.testng.SuiteRunner.privateRun(SuiteRunner.java:350)
	at org.testng.SuiteRunner.run(SuiteRunner.java:289)
	at org.testng.SuiteRunnerWorker.runSuite(SuiteRunnerWorker.java:52)
	at org.testng.SuiteRunnerWorker.run(SuiteRunnerWorker.java:86)
	at org.testng.TestNG.runSuitesSequentially(TestNG.java:1301)
	at org.testng.TestNG.runSuitesLocally(TestNG.java:1226)
	at org.testng.TestNG.runSuites(TestNG.java:1144)
	at org.testng.TestNG.run(TestNG.java:1115)
	at org.testng.remote.AbstractRemoteTestNG.run(AbstractRemoteTestNG.java:115)
	at org.testng.remote.RemoteTestNG.initAndRun(RemoteTestNG.java:251)
	at org.testng.remote.RemoteTestNG.main(RemoteTestNG.java:77)
2021-09-18 20:51:24 - [INFO] Setting the environment to test
2021-09-18 20:51:25 - [PASSED] Browser Initialized
2021-09-18 20:51:25 - [INFO] Accessing https://www.saucedemo.com/
2021-09-18 20:51:38 - [INFO] Browser instance closed
2021-09-18 20:51:38 - Error executing FreeMarker template
FreeMarker template error:
The following has evaluated to null or missing:
==> report.systemInfoMap[info]  [in template "Extent.ftl" at line 193, column 95]

----
Tip: It's the final [] step that caused this error, not those before it.
----
Tip: If the failing expression is known to be legally refer to something that's sometimes null or missing, either specify a default value like myOptionalVar!myDefault, or use <#if myOptionalVar??>when-present<#else>when-missing</#if>. (These only cover the last step of the expression; to cover the whole expression, use parenthesis: (myOptionalVar.foo)!myDefault, (myOptionalVar.foo)??
----

----
FTL stack trace ("~" means nesting-related):
	- Failed at: ${report.systemInfoMap[info]}  [in template "Extent.ftl" at line 193, column 93]
----

Java stack trace (for programmers):
----
freemarker.core.InvalidReferenceException: [... Exception message was already printed; see it above ...]
	at freemarker.core.InvalidReferenceException.getInstance(InvalidReferenceException.java:131)
	at freemarker.core.EvalUtil.coerceModelToString(EvalUtil.java:355)
	at freemarker.core.Expression.evalAndCoerceToString(Expression.java:82)
	at freemarker.core.DollarVariable.accept(DollarVariable.java:41)
	at freemarker.core.Environment.visit(Environment.java:324)
	at freemarker.core.MixedContent.accept(MixedContent.java:54)
	at freemarker.core.Environment.visitByHiddingParent(Environment.java:345)
	at freemarker.core.IteratorBlock$IterationContext.executeNestedBlockInner(IteratorBlock.java:240)
	at freemarker.core.IteratorBlock$IterationContext.executeNestedBlock(IteratorBlock.java:220)
	at freemarker.core.IteratorBlock$IterationContext.accept(IteratorBlock.java:194)
	at freemarker.core.Environment.visitIteratorBlock(Environment.java:572)
	at freemarker.core.IteratorBlock.acceptWithResult(IteratorBlock.java:78)
	at freemarker.core.IteratorBlock.accept(IteratorBlock.java:64)
	at freemarker.core.Environment.visit(Environment.java:324)
	at freemarker.core.MixedContent.accept(MixedContent.java:54)
	at freemarker.core.Environment.visit(Environment.java:324)
	at freemarker.core.Environment.process(Environment.java:302)
	at freemarker.template.Template.process(Template.java:325)
	at com.relevantcodes.extentreports.HTMLReporter.flush(HTMLReporter.java:173)
	at com.relevantcodes.extentreports.Report.flush(Report.java:468)
	at com.relevantcodes.extentreports.ExtentReports.flush(ExtentReports.java:900)
	at com.testautomation.framework.core.Browser.afterMethod(Browser.java:179)
	at java.base/jdk.internal.reflect.NativeMethodAccessorImpl.invoke0(Native Method)
	at java.base/jdk.internal.reflect.NativeMethodAccessorImpl.invoke(NativeMethodAccessorImpl.java:62)
	at java.base/jdk.internal.reflect.DelegatingMethodAccessorImpl.invoke(DelegatingMethodAccessorImpl.java:43)
	at java.base/java.lang.reflect.Method.invoke(Method.java:564)
	at org.testng.internal.MethodInvocationHelper.invokeMethod(MethodInvocationHelper.java:108)
	at org.testng.internal.Invoker.invokeConfigurationMethod(Invoker.java:523)
	at org.testng.internal.Invoker.invokeConfigurations(Invoker.java:224)
	at org.testng.internal.Invoker.invokeMethod(Invoker.java:723)
	at org.testng.internal.Invoker.invokeTestMethod(Invoker.java:869)
	at org.testng.internal.Invoker.invokeTestMethods(Invoker.java:1193)
	at org.testng.internal.TestMethodWorker.invokeTestMethods(TestMethodWorker.java:126)
	at org.testng.internal.TestMethodWorker.run(TestMethodWorker.java:109)
	at org.testng.TestRunner.privateRun(TestRunner.java:744)
	at org.testng.TestRunner.run(TestRunner.java:602)
	at org.testng.SuiteRunner.runTest(SuiteRunner.java:380)
	at org.testng.SuiteRunner.runSequentially(SuiteRunner.java:375)
	at org.testng.SuiteRunner.privateRun(SuiteRunner.java:340)
	at org.testng.SuiteRunner.run(SuiteRunner.java:289)
	at org.testng.SuiteRunnerWorker.runSuite(SuiteRunnerWorker.java:52)
	at org.testng.SuiteRunnerWorker.run(SuiteRunnerWorker.java:86)
	at org.testng.TestNG.runSuitesSequentially(TestNG.java:1301)
	at org.testng.TestNG.runSuitesLocally(TestNG.java:1226)
	at org.testng.TestNG.runSuites(TestNG.java:1144)
	at org.testng.TestNG.run(TestNG.java:1115)
	at org.testng.remote.AbstractRemoteTestNG.run(AbstractRemoteTestNG.java:115)
	at org.testng.remote.RemoteTestNG.initAndRun(RemoteTestNG.java:251)
	at org.testng.remote.RemoteTestNG.main(RemoteTestNG.java:77)
2021-09-18 20:51:38 - Error executing FreeMarker template
FreeMarker template error:
The following has evaluated to null or missing:
==> report.systemInfoMap[info]  [in template "Extent.ftl" at line 193, column 95]

----
Tip: It's the final [] step that caused this error, not those before it.
----
Tip: If the failing expression is known to be legally refer to something that's sometimes null or missing, either specify a default value like myOptionalVar!myDefault, or use <#if myOptionalVar??>when-present<#else>when-missing</#if>. (These only cover the last step of the expression; to cover the whole expression, use parenthesis: (myOptionalVar.foo)!myDefault, (myOptionalVar.foo)??
----

----
FTL stack trace ("~" means nesting-related):
	- Failed at: ${report.systemInfoMap[info]}  [in template "Extent.ftl" at line 193, column 93]
----

Java stack trace (for programmers):
----
freemarker.core.InvalidReferenceException: [... Exception message was already printed; see it above ...]
	at freemarker.core.InvalidReferenceException.getInstance(InvalidReferenceException.java:131)
	at freemarker.core.EvalUtil.coerceModelToString(EvalUtil.java:355)
	at freemarker.core.Expression.evalAndCoerceToString(Expression.java:82)
	at freemarker.core.DollarVariable.accept(DollarVariable.java:41)
	at freemarker.core.Environment.visit(Environment.java:324)
	at freemarker.core.MixedContent.accept(MixedContent.java:54)
	at freemarker.core.Environment.visitByHiddingParent(Environment.java:345)
	at freemarker.core.IteratorBlock$IterationContext.executeNestedBlockInner(IteratorBlock.java:240)
	at freemarker.core.IteratorBlock$IterationContext.executeNestedBlock(IteratorBlock.java:220)
	at freemarker.core.IteratorBlock$IterationContext.accept(IteratorBlock.java:194)
	at freemarker.core.Environment.visitIteratorBlock(Environment.java:572)
	at freemarker.core.IteratorBlock.acceptWithResult(IteratorBlock.java:78)
	at freemarker.core.IteratorBlock.accept(IteratorBlock.java:64)
	at freemarker.core.Environment.visit(Environment.java:324)
	at freemarker.core.MixedContent.accept(MixedContent.java:54)
	at freemarker.core.Environment.visit(Environment.java:324)
	at freemarker.core.Environment.process(Environment.java:302)
	at freemarker.template.Template.process(Template.java:325)
	at com.relevantcodes.extentreports.HTMLReporter.flush(HTMLReporter.java:173)
	at com.relevantcodes.extentreports.Report.flush(Report.java:468)
	at com.relevantcodes.extentreports.ExtentReports.flush(ExtentReports.java:900)
	at com.relevantcodes.extentreports.Report.terminate(Report.java:435)
	at com.relevantcodes.extentreports.ExtentReports.close(ExtentReports.java:917)
	at com.testautomation.framework.core.Browser.afterSuite(Browser.java:184)
	at java.base/jdk.internal.reflect.NativeMethodAccessorImpl.invoke0(Native Method)
	at java.base/jdk.internal.reflect.NativeMethodAccessorImpl.invoke(NativeMethodAccessorImpl.java:62)
	at java.base/jdk.internal.reflect.DelegatingMethodAccessorImpl.invoke(DelegatingMethodAccessorImpl.java:43)
	at java.base/java.lang.reflect.Method.invoke(Method.java:564)
	at org.testng.internal.MethodInvocationHelper.invokeMethod(MethodInvocationHelper.java:108)
	at org.testng.internal.Invoker.invokeConfigurationMethod(Invoker.java:523)
	at org.testng.internal.Invoker.invokeConfigurations(Invoker.java:224)
	at org.testng.internal.Invoker.invokeConfigurations(Invoker.java:146)
	at org.testng.SuiteRunner.privateRun(SuiteRunner.java:350)
	at org.testng.SuiteRunner.run(SuiteRunner.java:289)
	at org.testng.SuiteRunnerWorker.runSuite(SuiteRunnerWorker.java:52)
	at org.testng.SuiteRunnerWorker.run(SuiteRunnerWorker.java:86)
	at org.testng.TestNG.runSuitesSequentially(TestNG.java:1301)
	at org.testng.TestNG.runSuitesLocally(TestNG.java:1226)
	at org.testng.TestNG.runSuites(TestNG.java:1144)
	at org.testng.TestNG.run(TestNG.java:1115)
	at org.testng.remote.AbstractRemoteTestNG.run(AbstractRemoteTestNG.java:115)
	at org.testng.remote.RemoteTestNG.initAndRun(RemoteTestNG.java:251)
	at org.testng.remote.RemoteTestNG.main(RemoteTestNG.java:77)
2021-09-18 20:52:13 - [INFO] Setting the environment to test
2021-09-18 20:52:15 - [PASSED] Browser Initialized
2021-09-18 20:52:15 - [INFO] Accessing https://www.saucedemo.com/
2021-09-18 20:52:27 - [INFO] Browser instance closed
2021-09-18 20:52:27 - Error executing FreeMarker template
FreeMarker template error:
The following has evaluated to null or missing:
==> report.systemInfoMap[info]  [in template "Extent.ftl" at line 193, column 95]

----
Tip: It's the final [] step that caused this error, not those before it.
----
Tip: If the failing expression is known to be legally refer to something that's sometimes null or missing, either specify a default value like myOptionalVar!myDefault, or use <#if myOptionalVar??>when-present<#else>when-missing</#if>. (These only cover the last step of the expression; to cover the whole expression, use parenthesis: (myOptionalVar.foo)!myDefault, (myOptionalVar.foo)??
----

----
FTL stack trace ("~" means nesting-related):
	- Failed at: ${report.systemInfoMap[info]}  [in template "Extent.ftl" at line 193, column 93]
----

Java stack trace (for programmers):
----
freemarker.core.InvalidReferenceException: [... Exception message was already printed; see it above ...]
	at freemarker.core.InvalidReferenceException.getInstance(InvalidReferenceException.java:131)
	at freemarker.core.EvalUtil.coerceModelToString(EvalUtil.java:355)
	at freemarker.core.Expression.evalAndCoerceToString(Expression.java:82)
	at freemarker.core.DollarVariable.accept(DollarVariable.java:41)
	at freemarker.core.Environment.visit(Environment.java:324)
	at freemarker.core.MixedContent.accept(MixedContent.java:54)
	at freemarker.core.Environment.visitByHiddingParent(Environment.java:345)
	at freemarker.core.IteratorBlock$IterationContext.executeNestedBlockInner(IteratorBlock.java:240)
	at freemarker.core.IteratorBlock$IterationContext.executeNestedBlock(IteratorBlock.java:220)
	at freemarker.core.IteratorBlock$IterationContext.accept(IteratorBlock.java:194)
	at freemarker.core.Environment.visitIteratorBlock(Environment.java:572)
	at freemarker.core.IteratorBlock.acceptWithResult(IteratorBlock.java:78)
	at freemarker.core.IteratorBlock.accept(IteratorBlock.java:64)
	at freemarker.core.Environment.visit(Environment.java:324)
	at freemarker.core.MixedContent.accept(MixedContent.java:54)
	at freemarker.core.Environment.visit(Environment.java:324)
	at freemarker.core.Environment.process(Environment.java:302)
	at freemarker.template.Template.process(Template.java:325)
	at com.relevantcodes.extentreports.HTMLReporter.flush(HTMLReporter.java:173)
	at com.relevantcodes.extentreports.Report.flush(Report.java:468)
	at com.relevantcodes.extentreports.ExtentReports.flush(ExtentReports.java:900)
	at com.testautomation.framework.core.Browser.afterMethod(Browser.java:179)
	at java.base/jdk.internal.reflect.NativeMethodAccessorImpl.invoke0(Native Method)
	at java.base/jdk.internal.reflect.NativeMethodAccessorImpl.invoke(NativeMethodAccessorImpl.java:62)
	at java.base/jdk.internal.reflect.DelegatingMethodAccessorImpl.invoke(DelegatingMethodAccessorImpl.java:43)
	at java.base/java.lang.reflect.Method.invoke(Method.java:564)
	at org.testng.internal.MethodInvocationHelper.invokeMethod(MethodInvocationHelper.java:108)
	at org.testng.internal.Invoker.invokeConfigurationMethod(Invoker.java:523)
	at org.testng.internal.Invoker.invokeConfigurations(Invoker.java:224)
	at org.testng.internal.Invoker.invokeMethod(Invoker.java:723)
	at org.testng.internal.Invoker.invokeTestMethod(Invoker.java:869)
	at org.testng.internal.Invoker.invokeTestMethods(Invoker.java:1193)
	at org.testng.internal.TestMethodWorker.invokeTestMethods(TestMethodWorker.java:126)
	at org.testng.internal.TestMethodWorker.run(TestMethodWorker.java:109)
	at org.testng.TestRunner.privateRun(TestRunner.java:744)
	at org.testng.TestRunner.run(TestRunner.java:602)
	at org.testng.SuiteRunner.runTest(SuiteRunner.java:380)
	at org.testng.SuiteRunner.runSequentially(SuiteRunner.java:375)
	at org.testng.SuiteRunner.privateRun(SuiteRunner.java:340)
	at org.testng.SuiteRunner.run(SuiteRunner.java:289)
	at org.testng.SuiteRunnerWorker.runSuite(SuiteRunnerWorker.java:52)
	at org.testng.SuiteRunnerWorker.run(SuiteRunnerWorker.java:86)
	at org.testng.TestNG.runSuitesSequentially(TestNG.java:1301)
	at org.testng.TestNG.runSuitesLocally(TestNG.java:1226)
	at org.testng.TestNG.runSuites(TestNG.java:1144)
	at org.testng.TestNG.run(TestNG.java:1115)
	at org.testng.remote.AbstractRemoteTestNG.run(AbstractRemoteTestNG.java:115)
	at org.testng.remote.RemoteTestNG.initAndRun(RemoteTestNG.java:251)
	at org.testng.remote.RemoteTestNG.main(RemoteTestNG.java:77)
2021-09-18 20:52:27 - Error executing FreeMarker template
FreeMarker template error:
The following has evaluated to null or missing:
==> report.systemInfoMap[info]  [in template "Extent.ftl" at line 193, column 95]

----
Tip: It's the final [] step that caused this error, not those before it.
----
Tip: If the failing expression is known to be legally refer to something that's sometimes null or missing, either specify a default value like myOptionalVar!myDefault, or use <#if myOptionalVar??>when-present<#else>when-missing</#if>. (These only cover the last step of the expression; to cover the whole expression, use parenthesis: (myOptionalVar.foo)!myDefault, (myOptionalVar.foo)??
----

----
FTL stack trace ("~" means nesting-related):
	- Failed at: ${report.systemInfoMap[info]}  [in template "Extent.ftl" at line 193, column 93]
----

Java stack trace (for programmers):
----
freemarker.core.InvalidReferenceException: [... Exception message was already printed; see it above ...]
	at freemarker.core.InvalidReferenceException.getInstance(InvalidReferenceException.java:131)
	at freemarker.core.EvalUtil.coerceModelToString(EvalUtil.java:355)
	at freemarker.core.Expression.evalAndCoerceToString(Expression.java:82)
	at freemarker.core.DollarVariable.accept(DollarVariable.java:41)
	at freemarker.core.Environment.visit(Environment.java:324)
	at freemarker.core.MixedContent.accept(MixedContent.java:54)
	at freemarker.core.Environment.visitByHiddingParent(Environment.java:345)
	at freemarker.core.IteratorBlock$IterationContext.executeNestedBlockInner(IteratorBlock.java:240)
	at freemarker.core.IteratorBlock$IterationContext.executeNestedBlock(IteratorBlock.java:220)
	at freemarker.core.IteratorBlock$IterationContext.accept(IteratorBlock.java:194)
	at freemarker.core.Environment.visitIteratorBlock(Environment.java:572)
	at freemarker.core.IteratorBlock.acceptWithResult(IteratorBlock.java:78)
	at freemarker.core.IteratorBlock.accept(IteratorBlock.java:64)
	at freemarker.core.Environment.visit(Environment.java:324)
	at freemarker.core.MixedContent.accept(MixedContent.java:54)
	at freemarker.core.Environment.visit(Environment.java:324)
	at freemarker.core.Environment.process(Environment.java:302)
	at freemarker.template.Template.process(Template.java:325)
	at com.relevantcodes.extentreports.HTMLReporter.flush(HTMLReporter.java:173)
	at com.relevantcodes.extentreports.Report.flush(Report.java:468)
	at com.relevantcodes.extentreports.ExtentReports.flush(ExtentReports.java:900)
	at com.relevantcodes.extentreports.Report.terminate(Report.java:435)
	at com.relevantcodes.extentreports.ExtentReports.close(ExtentReports.java:917)
	at com.testautomation.framework.core.Browser.afterSuite(Browser.java:184)
	at java.base/jdk.internal.reflect.NativeMethodAccessorImpl.invoke0(Native Method)
	at java.base/jdk.internal.reflect.NativeMethodAccessorImpl.invoke(NativeMethodAccessorImpl.java:62)
	at java.base/jdk.internal.reflect.DelegatingMethodAccessorImpl.invoke(DelegatingMethodAccessorImpl.java:43)
	at java.base/java.lang.reflect.Method.invoke(Method.java:564)
	at org.testng.internal.MethodInvocationHelper.invokeMethod(MethodInvocationHelper.java:108)
	at org.testng.internal.Invoker.invokeConfigurationMethod(Invoker.java:523)
	at org.testng.internal.Invoker.invokeConfigurations(Invoker.java:224)
	at org.testng.internal.Invoker.invokeConfigurations(Invoker.java:146)
	at org.testng.SuiteRunner.privateRun(SuiteRunner.java:350)
	at org.testng.SuiteRunner.run(SuiteRunner.java:289)
	at org.testng.SuiteRunnerWorker.runSuite(SuiteRunnerWorker.java:52)
	at org.testng.SuiteRunnerWorker.run(SuiteRunnerWorker.java:86)
	at org.testng.TestNG.runSuitesSequentially(TestNG.java:1301)
	at org.testng.TestNG.runSuitesLocally(TestNG.java:1226)
	at org.testng.TestNG.runSuites(TestNG.java:1144)
	at org.testng.TestNG.run(TestNG.java:1115)
	at org.testng.remote.AbstractRemoteTestNG.run(AbstractRemoteTestNG.java:115)
	at org.testng.remote.RemoteTestNG.initAndRun(RemoteTestNG.java:251)
	at org.testng.remote.RemoteTestNG.main(RemoteTestNG.java:77)
2021-09-18 20:53:40 - [INFO] Setting the environment to test
2021-09-18 20:54:10 - [INFO] Setting the environment to test
2021-09-18 20:54:12 - [PASSED] Browser Initialized
2021-09-18 20:54:12 - [INFO] Accessing https://www.saucedemo.com/
2021-09-18 20:54:24 - [INFO] Browser instance closed
2021-09-18 20:54:57 - [INFO] Setting the environment to test
2021-09-18 20:54:58 - [PASSED] Browser Initialized
2021-09-18 20:54:58 - [INFO] Accessing https://www.saucedemo.com/
2021-09-18 20:55:11 - [INFO] Browser instance closed
2021-09-18 20:55:11 - Error executing FreeMarker template
FreeMarker template error:
The following has evaluated to null or missing:
==> report.systemInfoMap[info]  [in template "Extent.ftl" at line 193, column 95]

----
Tip: It's the final [] step that caused this error, not those before it.
----
Tip: If the failing expression is known to be legally refer to something that's sometimes null or missing, either specify a default value like myOptionalVar!myDefault, or use <#if myOptionalVar??>when-present<#else>when-missing</#if>. (These only cover the last step of the expression; to cover the whole expression, use parenthesis: (myOptionalVar.foo)!myDefault, (myOptionalVar.foo)??
----

----
FTL stack trace ("~" means nesting-related):
	- Failed at: ${report.systemInfoMap[info]}  [in template "Extent.ftl" at line 193, column 93]
----

Java stack trace (for programmers):
----
freemarker.core.InvalidReferenceException: [... Exception message was already printed; see it above ...]
	at freemarker.core.InvalidReferenceException.getInstance(InvalidReferenceException.java:131)
	at freemarker.core.EvalUtil.coerceModelToString(EvalUtil.java:355)
	at freemarker.core.Expression.evalAndCoerceToString(Expression.java:82)
	at freemarker.core.DollarVariable.accept(DollarVariable.java:41)
	at freemarker.core.Environment.visit(Environment.java:324)
	at freemarker.core.MixedContent.accept(MixedContent.java:54)
	at freemarker.core.Environment.visitByHiddingParent(Environment.java:345)
	at freemarker.core.IteratorBlock$IterationContext.executeNestedBlockInner(IteratorBlock.java:240)
	at freemarker.core.IteratorBlock$IterationContext.executeNestedBlock(IteratorBlock.java:220)
	at freemarker.core.IteratorBlock$IterationContext.accept(IteratorBlock.java:194)
	at freemarker.core.Environment.visitIteratorBlock(Environment.java:572)
	at freemarker.core.IteratorBlock.acceptWithResult(IteratorBlock.java:78)
	at freemarker.core.IteratorBlock.accept(IteratorBlock.java:64)
	at freemarker.core.Environment.visit(Environment.java:324)
	at freemarker.core.MixedContent.accept(MixedContent.java:54)
	at freemarker.core.Environment.visit(Environment.java:324)
	at freemarker.core.Environment.process(Environment.java:302)
	at freemarker.template.Template.process(Template.java:325)
	at com.relevantcodes.extentreports.HTMLReporter.flush(HTMLReporter.java:173)
	at com.relevantcodes.extentreports.Report.flush(Report.java:468)
	at com.relevantcodes.extentreports.ExtentReports.flush(ExtentReports.java:900)
	at com.testautomation.framework.core.Browser.afterMethod(Browser.java:179)
	at java.base/jdk.internal.reflect.NativeMethodAccessorImpl.invoke0(Native Method)
	at java.base/jdk.internal.reflect.NativeMethodAccessorImpl.invoke(NativeMethodAccessorImpl.java:62)
	at java.base/jdk.internal.reflect.DelegatingMethodAccessorImpl.invoke(DelegatingMethodAccessorImpl.java:43)
	at java.base/java.lang.reflect.Method.invoke(Method.java:564)
	at org.testng.internal.MethodInvocationHelper.invokeMethod(MethodInvocationHelper.java:108)
	at org.testng.internal.Invoker.invokeConfigurationMethod(Invoker.java:523)
	at org.testng.internal.Invoker.invokeConfigurations(Invoker.java:224)
	at org.testng.internal.Invoker.invokeMethod(Invoker.java:723)
	at org.testng.internal.Invoker.invokeTestMethod(Invoker.java:869)
	at org.testng.internal.Invoker.invokeTestMethods(Invoker.java:1193)
	at org.testng.internal.TestMethodWorker.invokeTestMethods(TestMethodWorker.java:126)
	at org.testng.internal.TestMethodWorker.run(TestMethodWorker.java:109)
	at org.testng.TestRunner.privateRun(TestRunner.java:744)
	at org.testng.TestRunner.run(TestRunner.java:602)
	at org.testng.SuiteRunner.runTest(SuiteRunner.java:380)
	at org.testng.SuiteRunner.runSequentially(SuiteRunner.java:375)
	at org.testng.SuiteRunner.privateRun(SuiteRunner.java:340)
	at org.testng.SuiteRunner.run(SuiteRunner.java:289)
	at org.testng.SuiteRunnerWorker.runSuite(SuiteRunnerWorker.java:52)
	at org.testng.SuiteRunnerWorker.run(SuiteRunnerWorker.java:86)
	at org.testng.TestNG.runSuitesSequentially(TestNG.java:1301)
	at org.testng.TestNG.runSuitesLocally(TestNG.java:1226)
	at org.testng.TestNG.runSuites(TestNG.java:1144)
	at org.testng.TestNG.run(TestNG.java:1115)
	at org.testng.remote.AbstractRemoteTestNG.run(AbstractRemoteTestNG.java:115)
	at org.testng.remote.RemoteTestNG.initAndRun(RemoteTestNG.java:251)
	at org.testng.remote.RemoteTestNG.main(RemoteTestNG.java:77)
2021-09-18 20:55:44 - [INFO] Setting the environment to test
2021-09-18 20:55:46 - [PASSED] Browser Initialized
2021-09-18 20:55:46 - [INFO] Accessing https://www.saucedemo.com/
2021-09-18 20:55:58 - [INFO] Browser instance closed
2021-09-18 20:56:37 - [INFO] Setting the environment to test
2021-09-18 20:56:38 - [PASSED] Browser Initialized
2021-09-18 20:56:38 - [INFO] Accessing https://www.saucedemo.com/
2021-09-18 20:56:51 - [INFO] Browser instance closed
2021-09-18 20:56:51 - Error executing FreeMarker template
FreeMarker template error:
The following has evaluated to null or missing:
==> report.systemInfoMap[info]  [in template "Extent.ftl" at line 193, column 95]

----
Tip: It's the final [] step that caused this error, not those before it.
----
Tip: If the failing expression is known to be legally refer to something that's sometimes null or missing, either specify a default value like myOptionalVar!myDefault, or use <#if myOptionalVar??>when-present<#else>when-missing</#if>. (These only cover the last step of the expression; to cover the whole expression, use parenthesis: (myOptionalVar.foo)!myDefault, (myOptionalVar.foo)??
----

----
FTL stack trace ("~" means nesting-related):
	- Failed at: ${report.systemInfoMap[info]}  [in template "Extent.ftl" at line 193, column 93]
----

Java stack trace (for programmers):
----
freemarker.core.InvalidReferenceException: [... Exception message was already printed; see it above ...]
	at freemarker.core.InvalidReferenceException.getInstance(InvalidReferenceException.java:131)
	at freemarker.core.EvalUtil.coerceModelToString(EvalUtil.java:355)
	at freemarker.core.Expression.evalAndCoerceToString(Expression.java:82)
	at freemarker.core.DollarVariable.accept(DollarVariable.java:41)
	at freemarker.core.Environment.visit(Environment.java:324)
	at freemarker.core.MixedContent.accept(MixedContent.java:54)
	at freemarker.core.Environment.visitByHiddingParent(Environment.java:345)
	at freemarker.core.IteratorBlock$IterationContext.executeNestedBlockInner(IteratorBlock.java:240)
	at freemarker.core.IteratorBlock$IterationContext.executeNestedBlock(IteratorBlock.java:220)
	at freemarker.core.IteratorBlock$IterationContext.accept(IteratorBlock.java:194)
	at freemarker.core.Environment.visitIteratorBlock(Environment.java:572)
	at freemarker.core.IteratorBlock.acceptWithResult(IteratorBlock.java:78)
	at freemarker.core.IteratorBlock.accept(IteratorBlock.java:64)
	at freemarker.core.Environment.visit(Environment.java:324)
	at freemarker.core.MixedContent.accept(MixedContent.java:54)
	at freemarker.core.Environment.visit(Environment.java:324)
	at freemarker.core.Environment.process(Environment.java:302)
	at freemarker.template.Template.process(Template.java:325)
	at com.relevantcodes.extentreports.HTMLReporter.flush(HTMLReporter.java:173)
	at com.relevantcodes.extentreports.Report.flush(Report.java:468)
	at com.relevantcodes.extentreports.ExtentReports.flush(ExtentReports.java:900)
	at com.relevantcodes.extentreports.Report.terminate(Report.java:435)
	at com.relevantcodes.extentreports.ExtentReports.close(ExtentReports.java:917)
	at com.testautomation.framework.core.Browser.afterSuite(Browser.java:184)
	at java.base/jdk.internal.reflect.NativeMethodAccessorImpl.invoke0(Native Method)
	at java.base/jdk.internal.reflect.NativeMethodAccessorImpl.invoke(NativeMethodAccessorImpl.java:62)
	at java.base/jdk.internal.reflect.DelegatingMethodAccessorImpl.invoke(DelegatingMethodAccessorImpl.java:43)
	at java.base/java.lang.reflect.Method.invoke(Method.java:564)
	at org.testng.internal.MethodInvocationHelper.invokeMethod(MethodInvocationHelper.java:108)
	at org.testng.internal.Invoker.invokeConfigurationMethod(Invoker.java:523)
	at org.testng.internal.Invoker.invokeConfigurations(Invoker.java:224)
	at org.testng.internal.Invoker.invokeConfigurations(Invoker.java:146)
	at org.testng.SuiteRunner.privateRun(SuiteRunner.java:350)
	at org.testng.SuiteRunner.run(SuiteRunner.java:289)
	at org.testng.SuiteRunnerWorker.runSuite(SuiteRunnerWorker.java:52)
	at org.testng.SuiteRunnerWorker.run(SuiteRunnerWorker.java:86)
	at org.testng.TestNG.runSuitesSequentially(TestNG.java:1301)
	at org.testng.TestNG.runSuitesLocally(TestNG.java:1226)
	at org.testng.TestNG.runSuites(TestNG.java:1144)
	at org.testng.TestNG.run(TestNG.java:1115)
	at org.testng.remote.AbstractRemoteTestNG.run(AbstractRemoteTestNG.java:115)
	at org.testng.remote.RemoteTestNG.initAndRun(RemoteTestNG.java:251)
	at org.testng.remote.RemoteTestNG.main(RemoteTestNG.java:77)
2021-09-18 20:57:05 - [INFO] Setting the environment to test
2021-09-18 20:57:07 - [PASSED] Browser Initialized
2021-09-18 20:57:07 - [INFO] Accessing https://www.saucedemo.com/
2021-09-18 20:57:19 - [INFO] Browser instance closed
2021-09-18 20:57:20 - Error executing FreeMarker template
FreeMarker template error:
The following has evaluated to null or missing:
==> report.systemInfoMap[info]  [in template "Extent.ftl" at line 193, column 95]

----
Tip: It's the final [] step that caused this error, not those before it.
----
Tip: If the failing expression is known to be legally refer to something that's sometimes null or missing, either specify a default value like myOptionalVar!myDefault, or use <#if myOptionalVar??>when-present<#else>when-missing</#if>. (These only cover the last step of the expression; to cover the whole expression, use parenthesis: (myOptionalVar.foo)!myDefault, (myOptionalVar.foo)??
----

----
FTL stack trace ("~" means nesting-related):
	- Failed at: ${report.systemInfoMap[info]}  [in template "Extent.ftl" at line 193, column 93]
----

Java stack trace (for programmers):
----
freemarker.core.InvalidReferenceException: [... Exception message was already printed; see it above ...]
	at freemarker.core.InvalidReferenceException.getInstance(InvalidReferenceException.java:131)
	at freemarker.core.EvalUtil.coerceModelToString(EvalUtil.java:355)
	at freemarker.core.Expression.evalAndCoerceToString(Expression.java:82)
	at freemarker.core.DollarVariable.accept(DollarVariable.java:41)
	at freemarker.core.Environment.visit(Environment.java:324)
	at freemarker.core.MixedContent.accept(MixedContent.java:54)
	at freemarker.core.Environment.visitByHiddingParent(Environment.java:345)
	at freemarker.core.IteratorBlock$IterationContext.executeNestedBlockInner(IteratorBlock.java:240)
	at freemarker.core.IteratorBlock$IterationContext.executeNestedBlock(IteratorBlock.java:220)
	at freemarker.core.IteratorBlock$IterationContext.accept(IteratorBlock.java:194)
	at freemarker.core.Environment.visitIteratorBlock(Environment.java:572)
	at freemarker.core.IteratorBlock.acceptWithResult(IteratorBlock.java:78)
	at freemarker.core.IteratorBlock.accept(IteratorBlock.java:64)
	at freemarker.core.Environment.visit(Environment.java:324)
	at freemarker.core.MixedContent.accept(MixedContent.java:54)
	at freemarker.core.Environment.visit(Environment.java:324)
	at freemarker.core.Environment.process(Environment.java:302)
	at freemarker.template.Template.process(Template.java:325)
	at com.relevantcodes.extentreports.HTMLReporter.flush(HTMLReporter.java:173)
	at com.relevantcodes.extentreports.Report.flush(Report.java:468)
	at com.relevantcodes.extentreports.ExtentReports.flush(ExtentReports.java:900)
	at com.testautomation.framework.core.Browser.afterSuite(Browser.java:184)
	at java.base/jdk.internal.reflect.NativeMethodAccessorImpl.invoke0(Native Method)
	at java.base/jdk.internal.reflect.NativeMethodAccessorImpl.invoke(NativeMethodAccessorImpl.java:62)
	at java.base/jdk.internal.reflect.DelegatingMethodAccessorImpl.invoke(DelegatingMethodAccessorImpl.java:43)
	at java.base/java.lang.reflect.Method.invoke(Method.java:564)
	at org.testng.internal.MethodInvocationHelper.invokeMethod(MethodInvocationHelper.java:108)
	at org.testng.internal.Invoker.invokeConfigurationMethod(Invoker.java:523)
	at org.testng.internal.Invoker.invokeConfigurations(Invoker.java:224)
	at org.testng.internal.Invoker.invokeConfigurations(Invoker.java:146)
	at org.testng.SuiteRunner.privateRun(SuiteRunner.java:350)
	at org.testng.SuiteRunner.run(SuiteRunner.java:289)
	at org.testng.SuiteRunnerWorker.runSuite(SuiteRunnerWorker.java:52)
	at org.testng.SuiteRunnerWorker.run(SuiteRunnerWorker.java:86)
	at org.testng.TestNG.runSuitesSequentially(TestNG.java:1301)
	at org.testng.TestNG.runSuitesLocally(TestNG.java:1226)
	at org.testng.TestNG.runSuites(TestNG.java:1144)
	at org.testng.TestNG.run(TestNG.java:1115)
	at org.testng.remote.AbstractRemoteTestNG.run(AbstractRemoteTestNG.java:115)
	at org.testng.remote.RemoteTestNG.initAndRun(RemoteTestNG.java:251)
	at org.testng.remote.RemoteTestNG.main(RemoteTestNG.java:77)
2021-09-18 20:57:20 - Error executing FreeMarker template
FreeMarker template error:
The following has evaluated to null or missing:
==> report.systemInfoMap[info]  [in template "Extent.ftl" at line 193, column 95]

----
Tip: It's the final [] step that caused this error, not those before it.
----
Tip: If the failing expression is known to be legally refer to something that's sometimes null or missing, either specify a default value like myOptionalVar!myDefault, or use <#if myOptionalVar??>when-present<#else>when-missing</#if>. (These only cover the last step of the expression; to cover the whole expression, use parenthesis: (myOptionalVar.foo)!myDefault, (myOptionalVar.foo)??
----

----
FTL stack trace ("~" means nesting-related):
	- Failed at: ${report.systemInfoMap[info]}  [in template "Extent.ftl" at line 193, column 93]
----

Java stack trace (for programmers):
----
freemarker.core.InvalidReferenceException: [... Exception message was already printed; see it above ...]
	at freemarker.core.InvalidReferenceException.getInstance(InvalidReferenceException.java:131)
	at freemarker.core.EvalUtil.coerceModelToString(EvalUtil.java:355)
	at freemarker.core.Expression.evalAndCoerceToString(Expression.java:82)
	at freemarker.core.DollarVariable.accept(DollarVariable.java:41)
	at freemarker.core.Environment.visit(Environment.java:324)
	at freemarker.core.MixedContent.accept(MixedContent.java:54)
	at freemarker.core.Environment.visitByHiddingParent(Environment.java:345)
	at freemarker.core.IteratorBlock$IterationContext.executeNestedBlockInner(IteratorBlock.java:240)
	at freemarker.core.IteratorBlock$IterationContext.executeNestedBlock(IteratorBlock.java:220)
	at freemarker.core.IteratorBlock$IterationContext.accept(IteratorBlock.java:194)
	at freemarker.core.Environment.visitIteratorBlock(Environment.java:572)
	at freemarker.core.IteratorBlock.acceptWithResult(IteratorBlock.java:78)
	at freemarker.core.IteratorBlock.accept(IteratorBlock.java:64)
	at freemarker.core.Environment.visit(Environment.java:324)
	at freemarker.core.MixedContent.accept(MixedContent.java:54)
	at freemarker.core.Environment.visit(Environment.java:324)
	at freemarker.core.Environment.process(Environment.java:302)
	at freemarker.template.Template.process(Template.java:325)
	at com.relevantcodes.extentreports.HTMLReporter.flush(HTMLReporter.java:173)
	at com.relevantcodes.extentreports.Report.flush(Report.java:468)
	at com.relevantcodes.extentreports.ExtentReports.flush(ExtentReports.java:900)
	at com.relevantcodes.extentreports.Report.terminate(Report.java:435)
	at com.relevantcodes.extentreports.ExtentReports.close(ExtentReports.java:917)
	at com.testautomation.framework.core.Browser.afterSuite(Browser.java:185)
	at java.base/jdk.internal.reflect.NativeMethodAccessorImpl.invoke0(Native Method)
	at java.base/jdk.internal.reflect.NativeMethodAccessorImpl.invoke(NativeMethodAccessorImpl.java:62)
	at java.base/jdk.internal.reflect.DelegatingMethodAccessorImpl.invoke(DelegatingMethodAccessorImpl.java:43)
	at java.base/java.lang.reflect.Method.invoke(Method.java:564)
	at org.testng.internal.MethodInvocationHelper.invokeMethod(MethodInvocationHelper.java:108)
	at org.testng.internal.Invoker.invokeConfigurationMethod(Invoker.java:523)
	at org.testng.internal.Invoker.invokeConfigurations(Invoker.java:224)
	at org.testng.internal.Invoker.invokeConfigurations(Invoker.java:146)
	at org.testng.SuiteRunner.privateRun(SuiteRunner.java:350)
	at org.testng.SuiteRunner.run(SuiteRunner.java:289)
	at org.testng.SuiteRunnerWorker.runSuite(SuiteRunnerWorker.java:52)
	at org.testng.SuiteRunnerWorker.run(SuiteRunnerWorker.java:86)
	at org.testng.TestNG.runSuitesSequentially(TestNG.java:1301)
	at org.testng.TestNG.runSuitesLocally(TestNG.java:1226)
	at org.testng.TestNG.runSuites(TestNG.java:1144)
	at org.testng.TestNG.run(TestNG.java:1115)
	at org.testng.remote.AbstractRemoteTestNG.run(AbstractRemoteTestNG.java:115)
	at org.testng.remote.RemoteTestNG.initAndRun(RemoteTestNG.java:251)
	at org.testng.remote.RemoteTestNG.main(RemoteTestNG.java:77)
2021-09-18 20:58:10 - [INFO] Setting the environment to test
2021-09-18 20:58:12 - [PASSED] Browser Initialized
2021-09-18 20:58:12 - [INFO] Accessing https://www.saucedemo.com/
2021-09-18 20:58:24 - [INFO] Browser instance closed
2021-09-18 20:58:24 - Error executing FreeMarker template
FreeMarker template error:
The following has evaluated to null or missing:
==> report.systemInfoMap[info]  [in template "Extent.ftl" at line 193, column 95]

----
Tip: It's the final [] step that caused this error, not those before it.
----
Tip: If the failing expression is known to be legally refer to something that's sometimes null or missing, either specify a default value like myOptionalVar!myDefault, or use <#if myOptionalVar??>when-present<#else>when-missing</#if>. (These only cover the last step of the expression; to cover the whole expression, use parenthesis: (myOptionalVar.foo)!myDefault, (myOptionalVar.foo)??
----

----
FTL stack trace ("~" means nesting-related):
	- Failed at: ${report.systemInfoMap[info]}  [in template "Extent.ftl" at line 193, column 93]
----

Java stack trace (for programmers):
----
freemarker.core.InvalidReferenceException: [... Exception message was already printed; see it above ...]
	at freemarker.core.InvalidReferenceException.getInstance(InvalidReferenceException.java:131)
	at freemarker.core.EvalUtil.coerceModelToString(EvalUtil.java:355)
	at freemarker.core.Expression.evalAndCoerceToString(Expression.java:82)
	at freemarker.core.DollarVariable.accept(DollarVariable.java:41)
	at freemarker.core.Environment.visit(Environment.java:324)
	at freemarker.core.MixedContent.accept(MixedContent.java:54)
	at freemarker.core.Environment.visitByHiddingParent(Environment.java:345)
	at freemarker.core.IteratorBlock$IterationContext.executeNestedBlockInner(IteratorBlock.java:240)
	at freemarker.core.IteratorBlock$IterationContext.executeNestedBlock(IteratorBlock.java:220)
	at freemarker.core.IteratorBlock$IterationContext.accept(IteratorBlock.java:194)
	at freemarker.core.Environment.visitIteratorBlock(Environment.java:572)
	at freemarker.core.IteratorBlock.acceptWithResult(IteratorBlock.java:78)
	at freemarker.core.IteratorBlock.accept(IteratorBlock.java:64)
	at freemarker.core.Environment.visit(Environment.java:324)
	at freemarker.core.MixedContent.accept(MixedContent.java:54)
	at freemarker.core.Environment.visit(Environment.java:324)
	at freemarker.core.Environment.process(Environment.java:302)
	at freemarker.template.Template.process(Template.java:325)
	at com.relevantcodes.extentreports.HTMLReporter.flush(HTMLReporter.java:173)
	at com.relevantcodes.extentreports.Report.flush(Report.java:468)
	at com.relevantcodes.extentreports.ExtentReports.flush(ExtentReports.java:900)
	at com.testautomation.framework.core.Browser.afterSuite(Browser.java:183)
	at java.base/jdk.internal.reflect.NativeMethodAccessorImpl.invoke0(Native Method)
	at java.base/jdk.internal.reflect.NativeMethodAccessorImpl.invoke(NativeMethodAccessorImpl.java:62)
	at java.base/jdk.internal.reflect.DelegatingMethodAccessorImpl.invoke(DelegatingMethodAccessorImpl.java:43)
	at java.base/java.lang.reflect.Method.invoke(Method.java:564)
	at org.testng.internal.MethodInvocationHelper.invokeMethod(MethodInvocationHelper.java:108)
	at org.testng.internal.Invoker.invokeConfigurationMethod(Invoker.java:523)
	at org.testng.internal.Invoker.invokeConfigurations(Invoker.java:224)
	at org.testng.internal.Invoker.invokeConfigurations(Invoker.java:146)
	at org.testng.SuiteRunner.privateRun(SuiteRunner.java:350)
	at org.testng.SuiteRunner.run(SuiteRunner.java:289)
	at org.testng.SuiteRunnerWorker.runSuite(SuiteRunnerWorker.java:52)
	at org.testng.SuiteRunnerWorker.run(SuiteRunnerWorker.java:86)
	at org.testng.TestNG.runSuitesSequentially(TestNG.java:1301)
	at org.testng.TestNG.runSuitesLocally(TestNG.java:1226)
	at org.testng.TestNG.runSuites(TestNG.java:1144)
	at org.testng.TestNG.run(TestNG.java:1115)
	at org.testng.remote.AbstractRemoteTestNG.run(AbstractRemoteTestNG.java:115)
	at org.testng.remote.RemoteTestNG.initAndRun(RemoteTestNG.java:251)
	at org.testng.remote.RemoteTestNG.main(RemoteTestNG.java:77)
2021-09-18 20:58:24 - Error executing FreeMarker template
FreeMarker template error:
The following has evaluated to null or missing:
==> report.systemInfoMap[info]  [in template "Extent.ftl" at line 193, column 95]

----
Tip: It's the final [] step that caused this error, not those before it.
----
Tip: If the failing expression is known to be legally refer to something that's sometimes null or missing, either specify a default value like myOptionalVar!myDefault, or use <#if myOptionalVar??>when-present<#else>when-missing</#if>. (These only cover the last step of the expression; to cover the whole expression, use parenthesis: (myOptionalVar.foo)!myDefault, (myOptionalVar.foo)??
----

----
FTL stack trace ("~" means nesting-related):
	- Failed at: ${report.systemInfoMap[info]}  [in template "Extent.ftl" at line 193, column 93]
----

Java stack trace (for programmers):
----
freemarker.core.InvalidReferenceException: [... Exception message was already printed; see it above ...]
	at freemarker.core.InvalidReferenceException.getInstance(InvalidReferenceException.java:131)
	at freemarker.core.EvalUtil.coerceModelToString(EvalUtil.java:355)
	at freemarker.core.Expression.evalAndCoerceToString(Expression.java:82)
	at freemarker.core.DollarVariable.accept(DollarVariable.java:41)
	at freemarker.core.Environment.visit(Environment.java:324)
	at freemarker.core.MixedContent.accept(MixedContent.java:54)
	at freemarker.core.Environment.visitByHiddingParent(Environment.java:345)
	at freemarker.core.IteratorBlock$IterationContext.executeNestedBlockInner(IteratorBlock.java:240)
	at freemarker.core.IteratorBlock$IterationContext.executeNestedBlock(IteratorBlock.java:220)
	at freemarker.core.IteratorBlock$IterationContext.accept(IteratorBlock.java:194)
	at freemarker.core.Environment.visitIteratorBlock(Environment.java:572)
	at freemarker.core.IteratorBlock.acceptWithResult(IteratorBlock.java:78)
	at freemarker.core.IteratorBlock.accept(IteratorBlock.java:64)
	at freemarker.core.Environment.visit(Environment.java:324)
	at freemarker.core.MixedContent.accept(MixedContent.java:54)
	at freemarker.core.Environment.visit(Environment.java:324)
	at freemarker.core.Environment.process(Environment.java:302)
	at freemarker.template.Template.process(Template.java:325)
	at com.relevantcodes.extentreports.HTMLReporter.flush(HTMLReporter.java:173)
	at com.relevantcodes.extentreports.Report.flush(Report.java:468)
	at com.relevantcodes.extentreports.ExtentReports.flush(ExtentReports.java:900)
	at com.relevantcodes.extentreports.Report.terminate(Report.java:435)
	at com.relevantcodes.extentreports.ExtentReports.close(ExtentReports.java:917)
	at com.testautomation.framework.core.Browser.afterSuite(Browser.java:184)
	at java.base/jdk.internal.reflect.NativeMethodAccessorImpl.invoke0(Native Method)
	at java.base/jdk.internal.reflect.NativeMethodAccessorImpl.invoke(NativeMethodAccessorImpl.java:62)
	at java.base/jdk.internal.reflect.DelegatingMethodAccessorImpl.invoke(DelegatingMethodAccessorImpl.java:43)
	at java.base/java.lang.reflect.Method.invoke(Method.java:564)
	at org.testng.internal.MethodInvocationHelper.invokeMethod(MethodInvocationHelper.java:108)
	at org.testng.internal.Invoker.invokeConfigurationMethod(Invoker.java:523)
	at org.testng.internal.Invoker.invokeConfigurations(Invoker.java:224)
	at org.testng.internal.Invoker.invokeConfigurations(Invoker.java:146)
	at org.testng.SuiteRunner.privateRun(SuiteRunner.java:350)
	at org.testng.SuiteRunner.run(SuiteRunner.java:289)
	at org.testng.SuiteRunnerWorker.runSuite(SuiteRunnerWorker.java:52)
	at org.testng.SuiteRunnerWorker.run(SuiteRunnerWorker.java:86)
	at org.testng.TestNG.runSuitesSequentially(TestNG.java:1301)
	at org.testng.TestNG.runSuitesLocally(TestNG.java:1226)
	at org.testng.TestNG.runSuites(TestNG.java:1144)
	at org.testng.TestNG.run(TestNG.java:1115)
	at org.testng.remote.AbstractRemoteTestNG.run(AbstractRemoteTestNG.java:115)
	at org.testng.remote.RemoteTestNG.initAndRun(RemoteTestNG.java:251)
	at org.testng.remote.RemoteTestNG.main(RemoteTestNG.java:77)
2021-09-18 21:03:06 - [INFO] Setting the environment to test
2021-09-18 21:03:07 - [PASSED] Browser Initialized
2021-09-18 21:03:07 - [INFO] Accessing https://www.saucedemo.com/
2021-09-18 21:03:20 - [INFO] Browser instance closed
2021-09-18 21:05:08 - [INFO] Setting the environment to test
2021-09-18 21:05:09 - [PASSED] Browser Initialized
2021-09-18 21:05:09 - [INFO] Accessing https://www.saucedemo.com/
2021-09-18 21:05:22 - [INFO] Browser instance closed
2021-09-18 21:05:22 - Error executing FreeMarker template
FreeMarker template error:
The following has evaluated to null or missing:
==> report.systemInfoMap[info]  [in template "Extent.ftl" at line 193, column 95]

----
Tip: It's the final [] step that caused this error, not those before it.
----
Tip: If the failing expression is known to be legally refer to something that's sometimes null or missing, either specify a default value like myOptionalVar!myDefault, or use <#if myOptionalVar??>when-present<#else>when-missing</#if>. (These only cover the last step of the expression; to cover the whole expression, use parenthesis: (myOptionalVar.foo)!myDefault, (myOptionalVar.foo)??
----

----
FTL stack trace ("~" means nesting-related):
	- Failed at: ${report.systemInfoMap[info]}  [in template "Extent.ftl" at line 193, column 93]
----

Java stack trace (for programmers):
----
freemarker.core.InvalidReferenceException: [... Exception message was already printed; see it above ...]
	at freemarker.core.InvalidReferenceException.getInstance(InvalidReferenceException.java:131)
	at freemarker.core.EvalUtil.coerceModelToString(EvalUtil.java:355)
	at freemarker.core.Expression.evalAndCoerceToString(Expression.java:82)
	at freemarker.core.DollarVariable.accept(DollarVariable.java:41)
	at freemarker.core.Environment.visit(Environment.java:324)
	at freemarker.core.MixedContent.accept(MixedContent.java:54)
	at freemarker.core.Environment.visitByHiddingParent(Environment.java:345)
	at freemarker.core.IteratorBlock$IterationContext.executeNestedBlockInner(IteratorBlock.java:240)
	at freemarker.core.IteratorBlock$IterationContext.executeNestedBlock(IteratorBlock.java:220)
	at freemarker.core.IteratorBlock$IterationContext.accept(IteratorBlock.java:194)
	at freemarker.core.Environment.visitIteratorBlock(Environment.java:572)
	at freemarker.core.IteratorBlock.acceptWithResult(IteratorBlock.java:78)
	at freemarker.core.IteratorBlock.accept(IteratorBlock.java:64)
	at freemarker.core.Environment.visit(Environment.java:324)
	at freemarker.core.MixedContent.accept(MixedContent.java:54)
	at freemarker.core.Environment.visit(Environment.java:324)
	at freemarker.core.Environment.process(Environment.java:302)
	at freemarker.template.Template.process(Template.java:325)
	at com.relevantcodes.extentreports.HTMLReporter.flush(HTMLReporter.java:173)
	at com.relevantcodes.extentreports.Report.flush(Report.java:468)
	at com.relevantcodes.extentreports.ExtentReports.flush(ExtentReports.java:900)
	at com.testautomation.framework.core.Browser.afterMethod(Browser.java:178)
	at java.base/jdk.internal.reflect.NativeMethodAccessorImpl.invoke0(Native Method)
	at java.base/jdk.internal.reflect.NativeMethodAccessorImpl.invoke(NativeMethodAccessorImpl.java:62)
	at java.base/jdk.internal.reflect.DelegatingMethodAccessorImpl.invoke(DelegatingMethodAccessorImpl.java:43)
	at java.base/java.lang.reflect.Method.invoke(Method.java:564)
	at org.testng.internal.MethodInvocationHelper.invokeMethod(MethodInvocationHelper.java:108)
	at org.testng.internal.Invoker.invokeConfigurationMethod(Invoker.java:523)
	at org.testng.internal.Invoker.invokeConfigurations(Invoker.java:224)
	at org.testng.internal.Invoker.invokeMethod(Invoker.java:723)
	at org.testng.internal.Invoker.invokeTestMethod(Invoker.java:869)
	at org.testng.internal.Invoker.invokeTestMethods(Invoker.java:1193)
	at org.testng.internal.TestMethodWorker.invokeTestMethods(TestMethodWorker.java:126)
	at org.testng.internal.TestMethodWorker.run(TestMethodWorker.java:109)
	at org.testng.TestRunner.privateRun(TestRunner.java:744)
	at org.testng.TestRunner.run(TestRunner.java:602)
	at org.testng.SuiteRunner.runTest(SuiteRunner.java:380)
	at org.testng.SuiteRunner.runSequentially(SuiteRunner.java:375)
	at org.testng.SuiteRunner.privateRun(SuiteRunner.java:340)
	at org.testng.SuiteRunner.run(SuiteRunner.java:289)
	at org.testng.SuiteRunnerWorker.runSuite(SuiteRunnerWorker.java:52)
	at org.testng.SuiteRunnerWorker.run(SuiteRunnerWorker.java:86)
	at org.testng.TestNG.runSuitesSequentially(TestNG.java:1301)
	at org.testng.TestNG.runSuitesLocally(TestNG.java:1226)
	at org.testng.TestNG.runSuites(TestNG.java:1144)
	at org.testng.TestNG.run(TestNG.java:1115)
	at org.testng.remote.AbstractRemoteTestNG.run(AbstractRemoteTestNG.java:115)
	at org.testng.remote.RemoteTestNG.initAndRun(RemoteTestNG.java:251)
	at org.testng.remote.RemoteTestNG.main(RemoteTestNG.java:77)
2021-09-18 21:05:22 - Error executing FreeMarker template
FreeMarker template error:
The following has evaluated to null or missing:
==> report.systemInfoMap[info]  [in template "Extent.ftl" at line 193, column 95]

----
Tip: It's the final [] step that caused this error, not those before it.
----
Tip: If the failing expression is known to be legally refer to something that's sometimes null or missing, either specify a default value like myOptionalVar!myDefault, or use <#if myOptionalVar??>when-present<#else>when-missing</#if>. (These only cover the last step of the expression; to cover the whole expression, use parenthesis: (myOptionalVar.foo)!myDefault, (myOptionalVar.foo)??
----

----
FTL stack trace ("~" means nesting-related):
	- Failed at: ${report.systemInfoMap[info]}  [in template "Extent.ftl" at line 193, column 93]
----

Java stack trace (for programmers):
----
freemarker.core.InvalidReferenceException: [... Exception message was already printed; see it above ...]
	at freemarker.core.InvalidReferenceException.getInstance(InvalidReferenceException.java:131)
	at freemarker.core.EvalUtil.coerceModelToString(EvalUtil.java:355)
	at freemarker.core.Expression.evalAndCoerceToString(Expression.java:82)
	at freemarker.core.DollarVariable.accept(DollarVariable.java:41)
	at freemarker.core.Environment.visit(Environment.java:324)
	at freemarker.core.MixedContent.accept(MixedContent.java:54)
	at freemarker.core.Environment.visitByHiddingParent(Environment.java:345)
	at freemarker.core.IteratorBlock$IterationContext.executeNestedBlockInner(IteratorBlock.java:240)
	at freemarker.core.IteratorBlock$IterationContext.executeNestedBlock(IteratorBlock.java:220)
	at freemarker.core.IteratorBlock$IterationContext.accept(IteratorBlock.java:194)
	at freemarker.core.Environment.visitIteratorBlock(Environment.java:572)
	at freemarker.core.IteratorBlock.acceptWithResult(IteratorBlock.java:78)
	at freemarker.core.IteratorBlock.accept(IteratorBlock.java:64)
	at freemarker.core.Environment.visit(Environment.java:324)
	at freemarker.core.MixedContent.accept(MixedContent.java:54)
	at freemarker.core.Environment.visit(Environment.java:324)
	at freemarker.core.Environment.process(Environment.java:302)
	at freemarker.template.Template.process(Template.java:325)
	at com.relevantcodes.extentreports.HTMLReporter.flush(HTMLReporter.java:173)
	at com.relevantcodes.extentreports.Report.flush(Report.java:468)
	at com.relevantcodes.extentreports.ExtentReports.flush(ExtentReports.java:900)
	at com.relevantcodes.extentreports.Report.terminate(Report.java:435)
	at com.relevantcodes.extentreports.ExtentReports.close(ExtentReports.java:917)
	at com.testautomation.framework.core.Browser.afterSuite(Browser.java:185)
	at java.base/jdk.internal.reflect.NativeMethodAccessorImpl.invoke0(Native Method)
	at java.base/jdk.internal.reflect.NativeMethodAccessorImpl.invoke(NativeMethodAccessorImpl.java:62)
	at java.base/jdk.internal.reflect.DelegatingMethodAccessorImpl.invoke(DelegatingMethodAccessorImpl.java:43)
	at java.base/java.lang.reflect.Method.invoke(Method.java:564)
	at org.testng.internal.MethodInvocationHelper.invokeMethod(MethodInvocationHelper.java:108)
	at org.testng.internal.Invoker.invokeConfigurationMethod(Invoker.java:523)
	at org.testng.internal.Invoker.invokeConfigurations(Invoker.java:224)
	at org.testng.internal.Invoker.invokeConfigurations(Invoker.java:146)
	at org.testng.SuiteRunner.privateRun(SuiteRunner.java:350)
	at org.testng.SuiteRunner.run(SuiteRunner.java:289)
	at org.testng.SuiteRunnerWorker.runSuite(SuiteRunnerWorker.java:52)
	at org.testng.SuiteRunnerWorker.run(SuiteRunnerWorker.java:86)
	at org.testng.TestNG.runSuitesSequentially(TestNG.java:1301)
	at org.testng.TestNG.runSuitesLocally(TestNG.java:1226)
	at org.testng.TestNG.runSuites(TestNG.java:1144)
	at org.testng.TestNG.run(TestNG.java:1115)
	at org.testng.remote.AbstractRemoteTestNG.run(AbstractRemoteTestNG.java:115)
	at org.testng.remote.RemoteTestNG.initAndRun(RemoteTestNG.java:251)
	at org.testng.remote.RemoteTestNG.main(RemoteTestNG.java:77)
2021-09-18 21:07:05 - [INFO] Setting the environment to test
2021-09-18 21:07:07 - [PASSED] Browser Initialized
2021-09-18 21:07:07 - [INFO] Accessing https://www.saucedemo.com/
2021-09-18 21:07:19 - [INFO] Browser instance closed
2021-09-18 21:07:19 - Error executing FreeMarker template
FreeMarker template error:
The following has evaluated to null or missing:
==> report.systemInfoMap[info]  [in template "Extent.ftl" at line 193, column 95]

----
Tip: It's the final [] step that caused this error, not those before it.
----
Tip: If the failing expression is known to be legally refer to something that's sometimes null or missing, either specify a default value like myOptionalVar!myDefault, or use <#if myOptionalVar??>when-present<#else>when-missing</#if>. (These only cover the last step of the expression; to cover the whole expression, use parenthesis: (myOptionalVar.foo)!myDefault, (myOptionalVar.foo)??
----

----
FTL stack trace ("~" means nesting-related):
	- Failed at: ${report.systemInfoMap[info]}  [in template "Extent.ftl" at line 193, column 93]
----

Java stack trace (for programmers):
----
freemarker.core.InvalidReferenceException: [... Exception message was already printed; see it above ...]
	at freemarker.core.InvalidReferenceException.getInstance(InvalidReferenceException.java:131)
	at freemarker.core.EvalUtil.coerceModelToString(EvalUtil.java:355)
	at freemarker.core.Expression.evalAndCoerceToString(Expression.java:82)
	at freemarker.core.DollarVariable.accept(DollarVariable.java:41)
	at freemarker.core.Environment.visit(Environment.java:324)
	at freemarker.core.MixedContent.accept(MixedContent.java:54)
	at freemarker.core.Environment.visitByHiddingParent(Environment.java:345)
	at freemarker.core.IteratorBlock$IterationContext.executeNestedBlockInner(IteratorBlock.java:240)
	at freemarker.core.IteratorBlock$IterationContext.executeNestedBlock(IteratorBlock.java:220)
	at freemarker.core.IteratorBlock$IterationContext.accept(IteratorBlock.java:194)
	at freemarker.core.Environment.visitIteratorBlock(Environment.java:572)
	at freemarker.core.IteratorBlock.acceptWithResult(IteratorBlock.java:78)
	at freemarker.core.IteratorBlock.accept(IteratorBlock.java:64)
	at freemarker.core.Environment.visit(Environment.java:324)
	at freemarker.core.MixedContent.accept(MixedContent.java:54)
	at freemarker.core.Environment.visit(Environment.java:324)
	at freemarker.core.Environment.process(Environment.java:302)
	at freemarker.template.Template.process(Template.java:325)
	at com.relevantcodes.extentreports.HTMLReporter.flush(HTMLReporter.java:173)
	at com.relevantcodes.extentreports.Report.flush(Report.java:468)
	at com.relevantcodes.extentreports.ExtentReports.flush(ExtentReports.java:900)
	at com.testautomation.framework.core.Browser.afterMethod(Browser.java:178)
	at java.base/jdk.internal.reflect.NativeMethodAccessorImpl.invoke0(Native Method)
	at java.base/jdk.internal.reflect.NativeMethodAccessorImpl.invoke(NativeMethodAccessorImpl.java:62)
	at java.base/jdk.internal.reflect.DelegatingMethodAccessorImpl.invoke(DelegatingMethodAccessorImpl.java:43)
	at java.base/java.lang.reflect.Method.invoke(Method.java:564)
	at org.testng.internal.MethodInvocationHelper.invokeMethod(MethodInvocationHelper.java:108)
	at org.testng.internal.Invoker.invokeConfigurationMethod(Invoker.java:523)
	at org.testng.internal.Invoker.invokeConfigurations(Invoker.java:224)
	at org.testng.internal.Invoker.invokeMethod(Invoker.java:723)
	at org.testng.internal.Invoker.invokeTestMethod(Invoker.java:869)
	at org.testng.internal.Invoker.invokeTestMethods(Invoker.java:1193)
	at org.testng.internal.TestMethodWorker.invokeTestMethods(TestMethodWorker.java:126)
	at org.testng.internal.TestMethodWorker.run(TestMethodWorker.java:109)
	at org.testng.TestRunner.privateRun(TestRunner.java:744)
	at org.testng.TestRunner.run(TestRunner.java:602)
	at org.testng.SuiteRunner.runTest(SuiteRunner.java:380)
	at org.testng.SuiteRunner.runSequentially(SuiteRunner.java:375)
	at org.testng.SuiteRunner.privateRun(SuiteRunner.java:340)
	at org.testng.SuiteRunner.run(SuiteRunner.java:289)
	at org.testng.SuiteRunnerWorker.runSuite(SuiteRunnerWorker.java:52)
	at org.testng.SuiteRunnerWorker.run(SuiteRunnerWorker.java:86)
	at org.testng.TestNG.runSuitesSequentially(TestNG.java:1301)
	at org.testng.TestNG.runSuitesLocally(TestNG.java:1226)
	at org.testng.TestNG.runSuites(TestNG.java:1144)
	at org.testng.TestNG.run(TestNG.java:1115)
	at org.testng.remote.AbstractRemoteTestNG.run(AbstractRemoteTestNG.java:115)
	at org.testng.remote.RemoteTestNG.initAndRun(RemoteTestNG.java:251)
	at org.testng.remote.RemoteTestNG.main(RemoteTestNG.java:77)
2021-09-18 21:07:19 - Error executing FreeMarker template
FreeMarker template error:
The following has evaluated to null or missing:
==> report.systemInfoMap[info]  [in template "Extent.ftl" at line 193, column 95]

----
Tip: It's the final [] step that caused this error, not those before it.
----
Tip: If the failing expression is known to be legally refer to something that's sometimes null or missing, either specify a default value like myOptionalVar!myDefault, or use <#if myOptionalVar??>when-present<#else>when-missing</#if>. (These only cover the last step of the expression; to cover the whole expression, use parenthesis: (myOptionalVar.foo)!myDefault, (myOptionalVar.foo)??
----

----
FTL stack trace ("~" means nesting-related):
	- Failed at: ${report.systemInfoMap[info]}  [in template "Extent.ftl" at line 193, column 93]
----

Java stack trace (for programmers):
----
freemarker.core.InvalidReferenceException: [... Exception message was already printed; see it above ...]
	at freemarker.core.InvalidReferenceException.getInstance(InvalidReferenceException.java:131)
	at freemarker.core.EvalUtil.coerceModelToString(EvalUtil.java:355)
	at freemarker.core.Expression.evalAndCoerceToString(Expression.java:82)
	at freemarker.core.DollarVariable.accept(DollarVariable.java:41)
	at freemarker.core.Environment.visit(Environment.java:324)
	at freemarker.core.MixedContent.accept(MixedContent.java:54)
	at freemarker.core.Environment.visitByHiddingParent(Environment.java:345)
	at freemarker.core.IteratorBlock$IterationContext.executeNestedBlockInner(IteratorBlock.java:240)
	at freemarker.core.IteratorBlock$IterationContext.executeNestedBlock(IteratorBlock.java:220)
	at freemarker.core.IteratorBlock$IterationContext.accept(IteratorBlock.java:194)
	at freemarker.core.Environment.visitIteratorBlock(Environment.java:572)
	at freemarker.core.IteratorBlock.acceptWithResult(IteratorBlock.java:78)
	at freemarker.core.IteratorBlock.accept(IteratorBlock.java:64)
	at freemarker.core.Environment.visit(Environment.java:324)
	at freemarker.core.MixedContent.accept(MixedContent.java:54)
	at freemarker.core.Environment.visit(Environment.java:324)
	at freemarker.core.Environment.process(Environment.java:302)
	at freemarker.template.Template.process(Template.java:325)
	at com.relevantcodes.extentreports.HTMLReporter.flush(HTMLReporter.java:173)
	at com.relevantcodes.extentreports.Report.flush(Report.java:468)
	at com.relevantcodes.extentreports.ExtentReports.flush(ExtentReports.java:900)
	at com.relevantcodes.extentreports.Report.terminate(Report.java:435)
	at com.relevantcodes.extentreports.ExtentReports.close(ExtentReports.java:917)
	at com.testautomation.framework.core.Browser.afterSuite(Browser.java:185)
	at java.base/jdk.internal.reflect.NativeMethodAccessorImpl.invoke0(Native Method)
	at java.base/jdk.internal.reflect.NativeMethodAccessorImpl.invoke(NativeMethodAccessorImpl.java:62)
	at java.base/jdk.internal.reflect.DelegatingMethodAccessorImpl.invoke(DelegatingMethodAccessorImpl.java:43)
	at java.base/java.lang.reflect.Method.invoke(Method.java:564)
	at org.testng.internal.MethodInvocationHelper.invokeMethod(MethodInvocationHelper.java:108)
	at org.testng.internal.Invoker.invokeConfigurationMethod(Invoker.java:523)
	at org.testng.internal.Invoker.invokeConfigurations(Invoker.java:224)
	at org.testng.internal.Invoker.invokeConfigurations(Invoker.java:146)
	at org.testng.SuiteRunner.privateRun(SuiteRunner.java:350)
	at org.testng.SuiteRunner.run(SuiteRunner.java:289)
	at org.testng.SuiteRunnerWorker.runSuite(SuiteRunnerWorker.java:52)
	at org.testng.SuiteRunnerWorker.run(SuiteRunnerWorker.java:86)
	at org.testng.TestNG.runSuitesSequentially(TestNG.java:1301)
	at org.testng.TestNG.runSuitesLocally(TestNG.java:1226)
	at org.testng.TestNG.runSuites(TestNG.java:1144)
	at org.testng.TestNG.run(TestNG.java:1115)
	at org.testng.remote.AbstractRemoteTestNG.run(AbstractRemoteTestNG.java:115)
	at org.testng.remote.RemoteTestNG.initAndRun(RemoteTestNG.java:251)
	at org.testng.remote.RemoteTestNG.main(RemoteTestNG.java:77)
2021-09-18 21:07:51 - [INFO] Setting the environment to test
2021-09-18 21:07:52 - [PASSED] Browser Initialized
2021-09-18 21:07:52 - [INFO] Accessing https://www.saucedemo.com/
2021-09-18 21:08:04 - [INFO] Browser instance closed
2021-09-18 21:08:05 - Error executing FreeMarker template
FreeMarker template error:
The following has evaluated to null or missing:
==> report.systemInfoMap[info]  [in template "Extent.ftl" at line 193, column 95]

----
Tip: It's the final [] step that caused this error, not those before it.
----
Tip: If the failing expression is known to be legally refer to something that's sometimes null or missing, either specify a default value like myOptionalVar!myDefault, or use <#if myOptionalVar??>when-present<#else>when-missing</#if>. (These only cover the last step of the expression; to cover the whole expression, use parenthesis: (myOptionalVar.foo)!myDefault, (myOptionalVar.foo)??
----

----
FTL stack trace ("~" means nesting-related):
	- Failed at: ${report.systemInfoMap[info]}  [in template "Extent.ftl" at line 193, column 93]
----

Java stack trace (for programmers):
----
freemarker.core.InvalidReferenceException: [... Exception message was already printed; see it above ...]
	at freemarker.core.InvalidReferenceException.getInstance(InvalidReferenceException.java:131)
	at freemarker.core.EvalUtil.coerceModelToString(EvalUtil.java:355)
	at freemarker.core.Expression.evalAndCoerceToString(Expression.java:82)
	at freemarker.core.DollarVariable.accept(DollarVariable.java:41)
	at freemarker.core.Environment.visit(Environment.java:324)
	at freemarker.core.MixedContent.accept(MixedContent.java:54)
	at freemarker.core.Environment.visitByHiddingParent(Environment.java:345)
	at freemarker.core.IteratorBlock$IterationContext.executeNestedBlockInner(IteratorBlock.java:240)
	at freemarker.core.IteratorBlock$IterationContext.executeNestedBlock(IteratorBlock.java:220)
	at freemarker.core.IteratorBlock$IterationContext.accept(IteratorBlock.java:194)
	at freemarker.core.Environment.visitIteratorBlock(Environment.java:572)
	at freemarker.core.IteratorBlock.acceptWithResult(IteratorBlock.java:78)
	at freemarker.core.IteratorBlock.accept(IteratorBlock.java:64)
	at freemarker.core.Environment.visit(Environment.java:324)
	at freemarker.core.MixedContent.accept(MixedContent.java:54)
	at freemarker.core.Environment.visit(Environment.java:324)
	at freemarker.core.Environment.process(Environment.java:302)
	at freemarker.template.Template.process(Template.java:325)
	at com.relevantcodes.extentreports.HTMLReporter.flush(HTMLReporter.java:173)
	at com.relevantcodes.extentreports.Report.flush(Report.java:468)
	at com.relevantcodes.extentreports.ExtentReports.flush(ExtentReports.java:900)
	at com.testautomation.framework.core.Browser.afterMethod(Browser.java:178)
	at java.base/jdk.internal.reflect.NativeMethodAccessorImpl.invoke0(Native Method)
	at java.base/jdk.internal.reflect.NativeMethodAccessorImpl.invoke(NativeMethodAccessorImpl.java:62)
	at java.base/jdk.internal.reflect.DelegatingMethodAccessorImpl.invoke(DelegatingMethodAccessorImpl.java:43)
	at java.base/java.lang.reflect.Method.invoke(Method.java:564)
	at org.testng.internal.MethodInvocationHelper.invokeMethod(MethodInvocationHelper.java:108)
	at org.testng.internal.Invoker.invokeConfigurationMethod(Invoker.java:523)
	at org.testng.internal.Invoker.invokeConfigurations(Invoker.java:224)
	at org.testng.internal.Invoker.invokeMethod(Invoker.java:723)
	at org.testng.internal.Invoker.invokeTestMethod(Invoker.java:869)
	at org.testng.internal.Invoker.invokeTestMethods(Invoker.java:1193)
	at org.testng.internal.TestMethodWorker.invokeTestMethods(TestMethodWorker.java:126)
	at org.testng.internal.TestMethodWorker.run(TestMethodWorker.java:109)
	at org.testng.TestRunner.privateRun(TestRunner.java:744)
	at org.testng.TestRunner.run(TestRunner.java:602)
	at org.testng.SuiteRunner.runTest(SuiteRunner.java:380)
	at org.testng.SuiteRunner.runSequentially(SuiteRunner.java:375)
	at org.testng.SuiteRunner.privateRun(SuiteRunner.java:340)
	at org.testng.SuiteRunner.run(SuiteRunner.java:289)
	at org.testng.SuiteRunnerWorker.runSuite(SuiteRunnerWorker.java:52)
	at org.testng.SuiteRunnerWorker.run(SuiteRunnerWorker.java:86)
	at org.testng.TestNG.runSuitesSequentially(TestNG.java:1301)
	at org.testng.TestNG.runSuitesLocally(TestNG.java:1226)
	at org.testng.TestNG.runSuites(TestNG.java:1144)
	at org.testng.TestNG.run(TestNG.java:1115)
	at org.testng.remote.AbstractRemoteTestNG.run(AbstractRemoteTestNG.java:115)
	at org.testng.remote.RemoteTestNG.initAndRun(RemoteTestNG.java:251)
	at org.testng.remote.RemoteTestNG.main(RemoteTestNG.java:77)
2021-09-18 21:08:05 - Error executing FreeMarker template
FreeMarker template error:
The following has evaluated to null or missing:
==> report.systemInfoMap[info]  [in template "Extent.ftl" at line 193, column 95]

----
Tip: It's the final [] step that caused this error, not those before it.
----
Tip: If the failing expression is known to be legally refer to something that's sometimes null or missing, either specify a default value like myOptionalVar!myDefault, or use <#if myOptionalVar??>when-present<#else>when-missing</#if>. (These only cover the last step of the expression; to cover the whole expression, use parenthesis: (myOptionalVar.foo)!myDefault, (myOptionalVar.foo)??
----

----
FTL stack trace ("~" means nesting-related):
	- Failed at: ${report.systemInfoMap[info]}  [in template "Extent.ftl" at line 193, column 93]
----

Java stack trace (for programmers):
----
freemarker.core.InvalidReferenceException: [... Exception message was already printed; see it above ...]
	at freemarker.core.InvalidReferenceException.getInstance(InvalidReferenceException.java:131)
	at freemarker.core.EvalUtil.coerceModelToString(EvalUtil.java:355)
	at freemarker.core.Expression.evalAndCoerceToString(Expression.java:82)
	at freemarker.core.DollarVariable.accept(DollarVariable.java:41)
	at freemarker.core.Environment.visit(Environment.java:324)
	at freemarker.core.MixedContent.accept(MixedContent.java:54)
	at freemarker.core.Environment.visitByHiddingParent(Environment.java:345)
	at freemarker.core.IteratorBlock$IterationContext.executeNestedBlockInner(IteratorBlock.java:240)
	at freemarker.core.IteratorBlock$IterationContext.executeNestedBlock(IteratorBlock.java:220)
	at freemarker.core.IteratorBlock$IterationContext.accept(IteratorBlock.java:194)
	at freemarker.core.Environment.visitIteratorBlock(Environment.java:572)
	at freemarker.core.IteratorBlock.acceptWithResult(IteratorBlock.java:78)
	at freemarker.core.IteratorBlock.accept(IteratorBlock.java:64)
	at freemarker.core.Environment.visit(Environment.java:324)
	at freemarker.core.MixedContent.accept(MixedContent.java:54)
	at freemarker.core.Environment.visit(Environment.java:324)
	at freemarker.core.Environment.process(Environment.java:302)
	at freemarker.template.Template.process(Template.java:325)
	at com.relevantcodes.extentreports.HTMLReporter.flush(HTMLReporter.java:173)
	at com.relevantcodes.extentreports.Report.flush(Report.java:468)
	at com.relevantcodes.extentreports.ExtentReports.flush(ExtentReports.java:900)
	at com.relevantcodes.extentreports.Report.terminate(Report.java:435)
	at com.relevantcodes.extentreports.ExtentReports.close(ExtentReports.java:917)
	at com.testautomation.framework.core.Browser.afterSuite(Browser.java:185)
	at java.base/jdk.internal.reflect.NativeMethodAccessorImpl.invoke0(Native Method)
	at java.base/jdk.internal.reflect.NativeMethodAccessorImpl.invoke(NativeMethodAccessorImpl.java:62)
	at java.base/jdk.internal.reflect.DelegatingMethodAccessorImpl.invoke(DelegatingMethodAccessorImpl.java:43)
	at java.base/java.lang.reflect.Method.invoke(Method.java:564)
	at org.testng.internal.MethodInvocationHelper.invokeMethod(MethodInvocationHelper.java:108)
	at org.testng.internal.Invoker.invokeConfigurationMethod(Invoker.java:523)
	at org.testng.internal.Invoker.invokeConfigurations(Invoker.java:224)
	at org.testng.internal.Invoker.invokeConfigurations(Invoker.java:146)
	at org.testng.SuiteRunner.privateRun(SuiteRunner.java:350)
	at org.testng.SuiteRunner.run(SuiteRunner.java:289)
	at org.testng.SuiteRunnerWorker.runSuite(SuiteRunnerWorker.java:52)
	at org.testng.SuiteRunnerWorker.run(SuiteRunnerWorker.java:86)
	at org.testng.TestNG.runSuitesSequentially(TestNG.java:1301)
	at org.testng.TestNG.runSuitesLocally(TestNG.java:1226)
	at org.testng.TestNG.runSuites(TestNG.java:1144)
	at org.testng.TestNG.run(TestNG.java:1115)
	at org.testng.remote.AbstractRemoteTestNG.run(AbstractRemoteTestNG.java:115)
	at org.testng.remote.RemoteTestNG.initAndRun(RemoteTestNG.java:251)
	at org.testng.remote.RemoteTestNG.main(RemoteTestNG.java:77)
2021-09-18 21:15:46 - [INFO] Setting the environment to test
2021-09-18 21:15:48 - [PASSED] Browser Initialized
2021-09-18 21:15:48 - [INFO] Accessing https://www.saucedemo.com/
2021-09-18 21:15:48 - [Story Name] Sauce Demo AAA
2021-09-18 21:15:48 - [Test Script Name] Sauce Demo Login
2021-09-18 21:15:48 - [Test Script Description] User logs in to the Sauce Demo
2021-09-18 21:16:00 - [INFO] Browser instance closed
2021-09-18 21:16:01 - Error executing FreeMarker template
FreeMarker template error:
The following has evaluated to null or missing:
==> report.systemInfoMap[info]  [in template "Extent.ftl" at line 193, column 95]

----
Tip: It's the final [] step that caused this error, not those before it.
----
Tip: If the failing expression is known to be legally refer to something that's sometimes null or missing, either specify a default value like myOptionalVar!myDefault, or use <#if myOptionalVar??>when-present<#else>when-missing</#if>. (These only cover the last step of the expression; to cover the whole expression, use parenthesis: (myOptionalVar.foo)!myDefault, (myOptionalVar.foo)??
----

----
FTL stack trace ("~" means nesting-related):
	- Failed at: ${report.systemInfoMap[info]}  [in template "Extent.ftl" at line 193, column 93]
----

Java stack trace (for programmers):
----
freemarker.core.InvalidReferenceException: [... Exception message was already printed; see it above ...]
	at freemarker.core.InvalidReferenceException.getInstance(InvalidReferenceException.java:131)
	at freemarker.core.EvalUtil.coerceModelToString(EvalUtil.java:355)
	at freemarker.core.Expression.evalAndCoerceToString(Expression.java:82)
	at freemarker.core.DollarVariable.accept(DollarVariable.java:41)
	at freemarker.core.Environment.visit(Environment.java:324)
	at freemarker.core.MixedContent.accept(MixedContent.java:54)
	at freemarker.core.Environment.visitByHiddingParent(Environment.java:345)
	at freemarker.core.IteratorBlock$IterationContext.executeNestedBlockInner(IteratorBlock.java:240)
	at freemarker.core.IteratorBlock$IterationContext.executeNestedBlock(IteratorBlock.java:220)
	at freemarker.core.IteratorBlock$IterationContext.accept(IteratorBlock.java:194)
	at freemarker.core.Environment.visitIteratorBlock(Environment.java:572)
	at freemarker.core.IteratorBlock.acceptWithResult(IteratorBlock.java:78)
	at freemarker.core.IteratorBlock.accept(IteratorBlock.java:64)
	at freemarker.core.Environment.visit(Environment.java:324)
	at freemarker.core.MixedContent.accept(MixedContent.java:54)
	at freemarker.core.Environment.visit(Environment.java:324)
	at freemarker.core.Environment.process(Environment.java:302)
	at freemarker.template.Template.process(Template.java:325)
	at com.relevantcodes.extentreports.HTMLReporter.flush(HTMLReporter.java:173)
	at com.relevantcodes.extentreports.Report.flush(Report.java:468)
	at com.relevantcodes.extentreports.ExtentReports.flush(ExtentReports.java:900)
	at com.testautomation.framework.core.Browser.afterMethod(Browser.java:178)
	at java.base/jdk.internal.reflect.NativeMethodAccessorImpl.invoke0(Native Method)
	at java.base/jdk.internal.reflect.NativeMethodAccessorImpl.invoke(NativeMethodAccessorImpl.java:62)
	at java.base/jdk.internal.reflect.DelegatingMethodAccessorImpl.invoke(DelegatingMethodAccessorImpl.java:43)
	at java.base/java.lang.reflect.Method.invoke(Method.java:564)
	at org.testng.internal.MethodInvocationHelper.invokeMethod(MethodInvocationHelper.java:108)
	at org.testng.internal.Invoker.invokeConfigurationMethod(Invoker.java:523)
	at org.testng.internal.Invoker.invokeConfigurations(Invoker.java:224)
	at org.testng.internal.Invoker.invokeMethod(Invoker.java:723)
	at org.testng.internal.Invoker.invokeTestMethod(Invoker.java:869)
	at org.testng.internal.Invoker.invokeTestMethods(Invoker.java:1193)
	at org.testng.internal.TestMethodWorker.invokeTestMethods(TestMethodWorker.java:126)
	at org.testng.internal.TestMethodWorker.run(TestMethodWorker.java:109)
	at org.testng.TestRunner.privateRun(TestRunner.java:744)
	at org.testng.TestRunner.run(TestRunner.java:602)
	at org.testng.SuiteRunner.runTest(SuiteRunner.java:380)
	at org.testng.SuiteRunner.runSequentially(SuiteRunner.java:375)
	at org.testng.SuiteRunner.privateRun(SuiteRunner.java:340)
	at org.testng.SuiteRunner.run(SuiteRunner.java:289)
	at org.testng.SuiteRunnerWorker.runSuite(SuiteRunnerWorker.java:52)
	at org.testng.SuiteRunnerWorker.run(SuiteRunnerWorker.java:86)
	at org.testng.TestNG.runSuitesSequentially(TestNG.java:1301)
	at org.testng.TestNG.runSuitesLocally(TestNG.java:1226)
	at org.testng.TestNG.runSuites(TestNG.java:1144)
	at org.testng.TestNG.run(TestNG.java:1115)
	at org.testng.remote.AbstractRemoteTestNG.run(AbstractRemoteTestNG.java:115)
	at org.testng.remote.RemoteTestNG.initAndRun(RemoteTestNG.java:251)
	at org.testng.remote.RemoteTestNG.main(RemoteTestNG.java:77)
2021-09-18 21:20:31 - Error executing FreeMarker template
FreeMarker template error:
The following has evaluated to null or missing:
==> report.systemInfoMap[info]  [in template "Extent.ftl" at line 193, column 95]

----
Tip: It's the final [] step that caused this error, not those before it.
----
Tip: If the failing expression is known to be legally refer to something that's sometimes null or missing, either specify a default value like myOptionalVar!myDefault, or use <#if myOptionalVar??>when-present<#else>when-missing</#if>. (These only cover the last step of the expression; to cover the whole expression, use parenthesis: (myOptionalVar.foo)!myDefault, (myOptionalVar.foo)??
----

----
FTL stack trace ("~" means nesting-related):
	- Failed at: ${report.systemInfoMap[info]}  [in template "Extent.ftl" at line 193, column 93]
----

Java stack trace (for programmers):
----
freemarker.core.InvalidReferenceException: [... Exception message was already printed; see it above ...]
	at freemarker.core.InvalidReferenceException.getInstance(InvalidReferenceException.java:131)
	at freemarker.core.EvalUtil.coerceModelToString(EvalUtil.java:355)
	at freemarker.core.Expression.evalAndCoerceToString(Expression.java:82)
	at freemarker.core.DollarVariable.accept(DollarVariable.java:41)
	at freemarker.core.Environment.visit(Environment.java:324)
	at freemarker.core.MixedContent.accept(MixedContent.java:54)
	at freemarker.core.Environment.visitByHiddingParent(Environment.java:345)
	at freemarker.core.IteratorBlock$IterationContext.executeNestedBlockInner(IteratorBlock.java:240)
	at freemarker.core.IteratorBlock$IterationContext.executeNestedBlock(IteratorBlock.java:220)
	at freemarker.core.IteratorBlock$IterationContext.accept(IteratorBlock.java:194)
	at freemarker.core.Environment.visitIteratorBlock(Environment.java:572)
	at freemarker.core.IteratorBlock.acceptWithResult(IteratorBlock.java:78)
	at freemarker.core.IteratorBlock.accept(IteratorBlock.java:64)
	at freemarker.core.Environment.visit(Environment.java:324)
	at freemarker.core.MixedContent.accept(MixedContent.java:54)
	at freemarker.core.Environment.visit(Environment.java:324)
	at freemarker.core.Environment.process(Environment.java:302)
	at freemarker.template.Template.process(Template.java:325)
	at com.relevantcodes.extentreports.HTMLReporter.flush(HTMLReporter.java:173)
	at com.relevantcodes.extentreports.Report.flush(Report.java:468)
	at com.relevantcodes.extentreports.ExtentReports.flush(ExtentReports.java:900)
	at com.relevantcodes.extentreports.Report.terminate(Report.java:435)
	at com.relevantcodes.extentreports.ExtentReports.close(ExtentReports.java:917)
	at com.testautomation.framework.core.Browser.afterSuite(Browser.java:187)
	at java.base/jdk.internal.reflect.NativeMethodAccessorImpl.invoke0(Native Method)
	at java.base/jdk.internal.reflect.NativeMethodAccessorImpl.invoke(NativeMethodAccessorImpl.java:62)
	at java.base/jdk.internal.reflect.DelegatingMethodAccessorImpl.invoke(DelegatingMethodAccessorImpl.java:43)
	at java.base/java.lang.reflect.Method.invoke(Method.java:564)
	at org.testng.internal.MethodInvocationHelper.invokeMethod(MethodInvocationHelper.java:108)
	at org.testng.internal.Invoker.invokeConfigurationMethod(Invoker.java:523)
	at org.testng.internal.Invoker.invokeConfigurations(Invoker.java:224)
	at org.testng.internal.Invoker.invokeConfigurations(Invoker.java:146)
	at org.testng.SuiteRunner.privateRun(SuiteRunner.java:350)
	at org.testng.SuiteRunner.run(SuiteRunner.java:289)
	at org.testng.SuiteRunnerWorker.runSuite(SuiteRunnerWorker.java:52)
	at org.testng.SuiteRunnerWorker.run(SuiteRunnerWorker.java:86)
	at org.testng.TestNG.runSuitesSequentially(TestNG.java:1301)
	at org.testng.TestNG.runSuitesLocally(TestNG.java:1226)
	at org.testng.TestNG.runSuites(TestNG.java:1144)
	at org.testng.TestNG.run(TestNG.java:1115)
	at org.testng.remote.AbstractRemoteTestNG.run(AbstractRemoteTestNG.java:115)
	at org.testng.remote.RemoteTestNG.initAndRun(RemoteTestNG.java:251)
	at org.testng.remote.RemoteTestNG.main(RemoteTestNG.java:77)
2021-09-18 21:21:01 - Error executing FreeMarker template
FreeMarker template error:
The following has evaluated to null or missing:
==> report.systemInfoMap[info]  [in template "Extent.ftl" at line 193, column 95]

----
Tip: It's the final [] step that caused this error, not those before it.
----
Tip: If the failing expression is known to be legally refer to something that's sometimes null or missing, either specify a default value like myOptionalVar!myDefault, or use <#if myOptionalVar??>when-present<#else>when-missing</#if>. (These only cover the last step of the expression; to cover the whole expression, use parenthesis: (myOptionalVar.foo)!myDefault, (myOptionalVar.foo)??
----

----
FTL stack trace ("~" means nesting-related):
	- Failed at: ${report.systemInfoMap[info]}  [in template "Extent.ftl" at line 193, column 93]
----

Java stack trace (for programmers):
----
freemarker.core.InvalidReferenceException: [... Exception message was already printed; see it above ...]
	at freemarker.core.InvalidReferenceException.getInstance(InvalidReferenceException.java:131)
	at freemarker.core.EvalUtil.coerceModelToString(EvalUtil.java:355)
	at freemarker.core.Expression.evalAndCoerceToString(Expression.java:82)
	at freemarker.core.DollarVariable.accept(DollarVariable.java:41)
	at freemarker.core.Environment.visit(Environment.java:324)
	at freemarker.core.MixedContent.accept(MixedContent.java:54)
	at freemarker.core.Environment.visitByHiddingParent(Environment.java:345)
	at freemarker.core.IteratorBlock$IterationContext.executeNestedBlockInner(IteratorBlock.java:240)
	at freemarker.core.IteratorBlock$IterationContext.executeNestedBlock(IteratorBlock.java:220)
	at freemarker.core.IteratorBlock$IterationContext.accept(IteratorBlock.java:194)
	at freemarker.core.Environment.visitIteratorBlock(Environment.java:572)
	at freemarker.core.IteratorBlock.acceptWithResult(IteratorBlock.java:78)
	at freemarker.core.IteratorBlock.accept(IteratorBlock.java:64)
	at freemarker.core.Environment.visit(Environment.java:324)
	at freemarker.core.MixedContent.accept(MixedContent.java:54)
	at freemarker.core.Environment.visit(Environment.java:324)
	at freemarker.core.Environment.process(Environment.java:302)
	at freemarker.template.Template.process(Template.java:325)
	at com.relevantcodes.extentreports.HTMLReporter.flush(HTMLReporter.java:173)
	at com.relevantcodes.extentreports.Report.flush(Report.java:468)
	at com.relevantcodes.extentreports.ExtentReports.flush(ExtentReports.java:900)
	at com.relevantcodes.extentreports.Report.terminate(Report.java:435)
	at com.relevantcodes.extentreports.ExtentReports.close(ExtentReports.java:917)
	at com.testautomation.framework.core.Browser.afterSuite(Browser.java:187)
	at java.base/jdk.internal.reflect.NativeMethodAccessorImpl.invoke0(Native Method)
	at java.base/jdk.internal.reflect.NativeMethodAccessorImpl.invoke(NativeMethodAccessorImpl.java:62)
	at java.base/jdk.internal.reflect.DelegatingMethodAccessorImpl.invoke(DelegatingMethodAccessorImpl.java:43)
	at java.base/java.lang.reflect.Method.invoke(Method.java:564)
	at org.testng.internal.MethodInvocationHelper.invokeMethod(MethodInvocationHelper.java:108)
	at org.testng.internal.Invoker.invokeConfigurationMethod(Invoker.java:523)
	at org.testng.internal.Invoker.invokeConfigurations(Invoker.java:224)
	at org.testng.internal.Invoker.invokeConfigurations(Invoker.java:146)
	at org.testng.SuiteRunner.privateRun(SuiteRunner.java:350)
	at org.testng.SuiteRunner.run(SuiteRunner.java:289)
	at org.testng.SuiteRunnerWorker.runSuite(SuiteRunnerWorker.java:52)
	at org.testng.SuiteRunnerWorker.run(SuiteRunnerWorker.java:86)
	at org.testng.TestNG.runSuitesSequentially(TestNG.java:1301)
	at org.testng.TestNG.runSuitesLocally(TestNG.java:1226)
	at org.testng.TestNG.runSuites(TestNG.java:1144)
	at org.testng.TestNG.run(TestNG.java:1115)
	at org.testng.remote.AbstractRemoteTestNG.run(AbstractRemoteTestNG.java:115)
	at org.testng.remote.RemoteTestNG.initAndRun(RemoteTestNG.java:251)
	at org.testng.remote.RemoteTestNG.main(RemoteTestNG.java:77)
2021-09-18 21:21:44 - [INFO] Setting the environment to test
2021-09-18 21:21:46 - [PASSED] Browser Initialized
2021-09-18 21:21:46 - [INFO] Accessing https://www.saucedemo.com/
2021-09-18 21:21:46 - [Story Name] Sauce Demo AAA
2021-09-18 21:21:46 - [Test Script Name] Sauce Demo Login
2021-09-18 21:21:46 - [Test Script Description] User logs in to the Sauce Demo
2021-09-18 21:21:58 - [INFO] Browser instance closed
2021-09-18 21:21:58 - Error executing FreeMarker template
FreeMarker template error:
The following has evaluated to null or missing:
==> report.systemInfoMap[info]  [in template "Extent.ftl" at line 193, column 95]

----
Tip: It's the final [] step that caused this error, not those before it.
----
Tip: If the failing expression is known to be legally refer to something that's sometimes null or missing, either specify a default value like myOptionalVar!myDefault, or use <#if myOptionalVar??>when-present<#else>when-missing</#if>. (These only cover the last step of the expression; to cover the whole expression, use parenthesis: (myOptionalVar.foo)!myDefault, (myOptionalVar.foo)??
----

----
FTL stack trace ("~" means nesting-related):
	- Failed at: ${report.systemInfoMap[info]}  [in template "Extent.ftl" at line 193, column 93]
----

Java stack trace (for programmers):
----
freemarker.core.InvalidReferenceException: [... Exception message was already printed; see it above ...]
	at freemarker.core.InvalidReferenceException.getInstance(InvalidReferenceException.java:131)
	at freemarker.core.EvalUtil.coerceModelToString(EvalUtil.java:355)
	at freemarker.core.Expression.evalAndCoerceToString(Expression.java:82)
	at freemarker.core.DollarVariable.accept(DollarVariable.java:41)
	at freemarker.core.Environment.visit(Environment.java:324)
	at freemarker.core.MixedContent.accept(MixedContent.java:54)
	at freemarker.core.Environment.visitByHiddingParent(Environment.java:345)
	at freemarker.core.IteratorBlock$IterationContext.executeNestedBlockInner(IteratorBlock.java:240)
	at freemarker.core.IteratorBlock$IterationContext.executeNestedBlock(IteratorBlock.java:220)
	at freemarker.core.IteratorBlock$IterationContext.accept(IteratorBlock.java:194)
	at freemarker.core.Environment.visitIteratorBlock(Environment.java:572)
	at freemarker.core.IteratorBlock.acceptWithResult(IteratorBlock.java:78)
	at freemarker.core.IteratorBlock.accept(IteratorBlock.java:64)
	at freemarker.core.Environment.visit(Environment.java:324)
	at freemarker.core.MixedContent.accept(MixedContent.java:54)
	at freemarker.core.Environment.visit(Environment.java:324)
	at freemarker.core.Environment.process(Environment.java:302)
	at freemarker.template.Template.process(Template.java:325)
	at com.relevantcodes.extentreports.HTMLReporter.flush(HTMLReporter.java:173)
	at com.relevantcodes.extentreports.Report.flush(Report.java:468)
	at com.relevantcodes.extentreports.ExtentReports.flush(ExtentReports.java:900)
	at com.testautomation.framework.core.Browser.afterMethod(Browser.java:180)
	at java.base/jdk.internal.reflect.NativeMethodAccessorImpl.invoke0(Native Method)
	at java.base/jdk.internal.reflect.NativeMethodAccessorImpl.invoke(NativeMethodAccessorImpl.java:62)
	at java.base/jdk.internal.reflect.DelegatingMethodAccessorImpl.invoke(DelegatingMethodAccessorImpl.java:43)
	at java.base/java.lang.reflect.Method.invoke(Method.java:564)
	at org.testng.internal.MethodInvocationHelper.invokeMethod(MethodInvocationHelper.java:108)
	at org.testng.internal.Invoker.invokeConfigurationMethod(Invoker.java:523)
	at org.testng.internal.Invoker.invokeConfigurations(Invoker.java:224)
	at org.testng.internal.Invoker.invokeMethod(Invoker.java:723)
	at org.testng.internal.Invoker.invokeTestMethod(Invoker.java:869)
	at org.testng.internal.Invoker.invokeTestMethods(Invoker.java:1193)
	at org.testng.internal.TestMethodWorker.invokeTestMethods(TestMethodWorker.java:126)
	at org.testng.internal.TestMethodWorker.run(TestMethodWorker.java:109)
	at org.testng.TestRunner.privateRun(TestRunner.java:744)
	at org.testng.TestRunner.run(TestRunner.java:602)
	at org.testng.SuiteRunner.runTest(SuiteRunner.java:380)
	at org.testng.SuiteRunner.runSequentially(SuiteRunner.java:375)
	at org.testng.SuiteRunner.privateRun(SuiteRunner.java:340)
	at org.testng.SuiteRunner.run(SuiteRunner.java:289)
	at org.testng.SuiteRunnerWorker.runSuite(SuiteRunnerWorker.java:52)
	at org.testng.SuiteRunnerWorker.run(SuiteRunnerWorker.java:86)
	at org.testng.TestNG.runSuitesSequentially(TestNG.java:1301)
	at org.testng.TestNG.runSuitesLocally(TestNG.java:1226)
	at org.testng.TestNG.runSuites(TestNG.java:1144)
	at org.testng.TestNG.run(TestNG.java:1115)
	at org.testng.remote.AbstractRemoteTestNG.run(AbstractRemoteTestNG.java:115)
	at org.testng.remote.RemoteTestNG.initAndRun(RemoteTestNG.java:251)
	at org.testng.remote.RemoteTestNG.main(RemoteTestNG.java:77)
2021-09-18 21:21:58 - Error executing FreeMarker template
FreeMarker template error:
The following has evaluated to null or missing:
==> report.systemInfoMap[info]  [in template "Extent.ftl" at line 193, column 95]

----
Tip: It's the final [] step that caused this error, not those before it.
----
Tip: If the failing expression is known to be legally refer to something that's sometimes null or missing, either specify a default value like myOptionalVar!myDefault, or use <#if myOptionalVar??>when-present<#else>when-missing</#if>. (These only cover the last step of the expression; to cover the whole expression, use parenthesis: (myOptionalVar.foo)!myDefault, (myOptionalVar.foo)??
----

----
FTL stack trace ("~" means nesting-related):
	- Failed at: ${report.systemInfoMap[info]}  [in template "Extent.ftl" at line 193, column 93]
----

Java stack trace (for programmers):
----
freemarker.core.InvalidReferenceException: [... Exception message was already printed; see it above ...]
	at freemarker.core.InvalidReferenceException.getInstance(InvalidReferenceException.java:131)
	at freemarker.core.EvalUtil.coerceModelToString(EvalUtil.java:355)
	at freemarker.core.Expression.evalAndCoerceToString(Expression.java:82)
	at freemarker.core.DollarVariable.accept(DollarVariable.java:41)
	at freemarker.core.Environment.visit(Environment.java:324)
	at freemarker.core.MixedContent.accept(MixedContent.java:54)
	at freemarker.core.Environment.visitByHiddingParent(Environment.java:345)
	at freemarker.core.IteratorBlock$IterationContext.executeNestedBlockInner(IteratorBlock.java:240)
	at freemarker.core.IteratorBlock$IterationContext.executeNestedBlock(IteratorBlock.java:220)
	at freemarker.core.IteratorBlock$IterationContext.accept(IteratorBlock.java:194)
	at freemarker.core.Environment.visitIteratorBlock(Environment.java:572)
	at freemarker.core.IteratorBlock.acceptWithResult(IteratorBlock.java:78)
	at freemarker.core.IteratorBlock.accept(IteratorBlock.java:64)
	at freemarker.core.Environment.visit(Environment.java:324)
	at freemarker.core.MixedContent.accept(MixedContent.java:54)
	at freemarker.core.Environment.visit(Environment.java:324)
	at freemarker.core.Environment.process(Environment.java:302)
	at freemarker.template.Template.process(Template.java:325)
	at com.relevantcodes.extentreports.HTMLReporter.flush(HTMLReporter.java:173)
	at com.relevantcodes.extentreports.Report.flush(Report.java:468)
	at com.relevantcodes.extentreports.ExtentReports.flush(ExtentReports.java:900)
	at com.relevantcodes.extentreports.Report.terminate(Report.java:435)
	at com.relevantcodes.extentreports.ExtentReports.close(ExtentReports.java:917)
	at com.testautomation.framework.core.Browser.afterSuite(Browser.java:187)
	at java.base/jdk.internal.reflect.NativeMethodAccessorImpl.invoke0(Native Method)
	at java.base/jdk.internal.reflect.NativeMethodAccessorImpl.invoke(NativeMethodAccessorImpl.java:62)
	at java.base/jdk.internal.reflect.DelegatingMethodAccessorImpl.invoke(DelegatingMethodAccessorImpl.java:43)
	at java.base/java.lang.reflect.Method.invoke(Method.java:564)
	at org.testng.internal.MethodInvocationHelper.invokeMethod(MethodInvocationHelper.java:108)
	at org.testng.internal.Invoker.invokeConfigurationMethod(Invoker.java:523)
	at org.testng.internal.Invoker.invokeConfigurations(Invoker.java:224)
	at org.testng.internal.Invoker.invokeConfigurations(Invoker.java:146)
	at org.testng.SuiteRunner.privateRun(SuiteRunner.java:350)
	at org.testng.SuiteRunner.run(SuiteRunner.java:289)
	at org.testng.SuiteRunnerWorker.runSuite(SuiteRunnerWorker.java:52)
	at org.testng.SuiteRunnerWorker.run(SuiteRunnerWorker.java:86)
	at org.testng.TestNG.runSuitesSequentially(TestNG.java:1301)
	at org.testng.TestNG.runSuitesLocally(TestNG.java:1226)
	at org.testng.TestNG.runSuites(TestNG.java:1144)
	at org.testng.TestNG.run(TestNG.java:1115)
	at org.testng.remote.AbstractRemoteTestNG.run(AbstractRemoteTestNG.java:115)
	at org.testng.remote.RemoteTestNG.initAndRun(RemoteTestNG.java:251)
	at org.testng.remote.RemoteTestNG.main(RemoteTestNG.java:77)
2021-09-18 21:23:29 - [INFO] Setting the environment to test
2021-09-18 21:23:30 - [PASSED] Browser Initialized
2021-09-18 21:23:30 - [INFO] Accessing https://www.saucedemo.com/
2021-09-18 21:23:30 - [Story Name] Sauce Demo AAA
2021-09-18 21:23:30 - [Test Script Name] Sauce Demo Login
2021-09-18 21:23:30 - [Test Script Description] User logs in to the Sauce Demo
2021-09-18 21:23:42 - [INFO] Browser instance closed
2021-09-18 21:23:43 - Error executing FreeMarker template
FreeMarker template error:
The following has evaluated to null or missing:
==> report.systemInfoMap[info]  [in template "Extent.ftl" at line 193, column 95]

----
Tip: It's the final [] step that caused this error, not those before it.
----
Tip: If the failing expression is known to be legally refer to something that's sometimes null or missing, either specify a default value like myOptionalVar!myDefault, or use <#if myOptionalVar??>when-present<#else>when-missing</#if>. (These only cover the last step of the expression; to cover the whole expression, use parenthesis: (myOptionalVar.foo)!myDefault, (myOptionalVar.foo)??
----

----
FTL stack trace ("~" means nesting-related):
	- Failed at: ${report.systemInfoMap[info]}  [in template "Extent.ftl" at line 193, column 93]
----

Java stack trace (for programmers):
----
freemarker.core.InvalidReferenceException: [... Exception message was already printed; see it above ...]
	at freemarker.core.InvalidReferenceException.getInstance(InvalidReferenceException.java:131)
	at freemarker.core.EvalUtil.coerceModelToString(EvalUtil.java:355)
	at freemarker.core.Expression.evalAndCoerceToString(Expression.java:82)
	at freemarker.core.DollarVariable.accept(DollarVariable.java:41)
	at freemarker.core.Environment.visit(Environment.java:324)
	at freemarker.core.MixedContent.accept(MixedContent.java:54)
	at freemarker.core.Environment.visitByHiddingParent(Environment.java:345)
	at freemarker.core.IteratorBlock$IterationContext.executeNestedBlockInner(IteratorBlock.java:240)
	at freemarker.core.IteratorBlock$IterationContext.executeNestedBlock(IteratorBlock.java:220)
	at freemarker.core.IteratorBlock$IterationContext.accept(IteratorBlock.java:194)
	at freemarker.core.Environment.visitIteratorBlock(Environment.java:572)
	at freemarker.core.IteratorBlock.acceptWithResult(IteratorBlock.java:78)
	at freemarker.core.IteratorBlock.accept(IteratorBlock.java:64)
	at freemarker.core.Environment.visit(Environment.java:324)
	at freemarker.core.MixedContent.accept(MixedContent.java:54)
	at freemarker.core.Environment.visit(Environment.java:324)
	at freemarker.core.Environment.process(Environment.java:302)
	at freemarker.template.Template.process(Template.java:325)
	at com.relevantcodes.extentreports.HTMLReporter.flush(HTMLReporter.java:173)
	at com.relevantcodes.extentreports.Report.flush(Report.java:468)
	at com.relevantcodes.extentreports.ExtentReports.flush(ExtentReports.java:900)
	at com.testautomation.framework.core.Browser.afterMethod(Browser.java:180)
	at java.base/jdk.internal.reflect.NativeMethodAccessorImpl.invoke0(Native Method)
	at java.base/jdk.internal.reflect.NativeMethodAccessorImpl.invoke(NativeMethodAccessorImpl.java:62)
	at java.base/jdk.internal.reflect.DelegatingMethodAccessorImpl.invoke(DelegatingMethodAccessorImpl.java:43)
	at java.base/java.lang.reflect.Method.invoke(Method.java:564)
	at org.testng.internal.MethodInvocationHelper.invokeMethod(MethodInvocationHelper.java:108)
	at org.testng.internal.Invoker.invokeConfigurationMethod(Invoker.java:523)
	at org.testng.internal.Invoker.invokeConfigurations(Invoker.java:224)
	at org.testng.internal.Invoker.invokeMethod(Invoker.java:723)
	at org.testng.internal.Invoker.invokeTestMethod(Invoker.java:869)
	at org.testng.internal.Invoker.invokeTestMethods(Invoker.java:1193)
	at org.testng.internal.TestMethodWorker.invokeTestMethods(TestMethodWorker.java:126)
	at org.testng.internal.TestMethodWorker.run(TestMethodWorker.java:109)
	at org.testng.TestRunner.privateRun(TestRunner.java:744)
	at org.testng.TestRunner.run(TestRunner.java:602)
	at org.testng.SuiteRunner.runTest(SuiteRunner.java:380)
	at org.testng.SuiteRunner.runSequentially(SuiteRunner.java:375)
	at org.testng.SuiteRunner.privateRun(SuiteRunner.java:340)
	at org.testng.SuiteRunner.run(SuiteRunner.java:289)
	at org.testng.SuiteRunnerWorker.runSuite(SuiteRunnerWorker.java:52)
	at org.testng.SuiteRunnerWorker.run(SuiteRunnerWorker.java:86)
	at org.testng.TestNG.runSuitesSequentially(TestNG.java:1301)
	at org.testng.TestNG.runSuitesLocally(TestNG.java:1226)
	at org.testng.TestNG.runSuites(TestNG.java:1144)
	at org.testng.TestNG.run(TestNG.java:1115)
	at org.testng.remote.AbstractRemoteTestNG.run(AbstractRemoteTestNG.java:115)
	at org.testng.remote.RemoteTestNG.initAndRun(RemoteTestNG.java:251)
	at org.testng.remote.RemoteTestNG.main(RemoteTestNG.java:77)
2021-09-18 21:23:43 - Error executing FreeMarker template
FreeMarker template error:
The following has evaluated to null or missing:
==> report.systemInfoMap[info]  [in template "Extent.ftl" at line 193, column 95]

----
Tip: It's the final [] step that caused this error, not those before it.
----
Tip: If the failing expression is known to be legally refer to something that's sometimes null or missing, either specify a default value like myOptionalVar!myDefault, or use <#if myOptionalVar??>when-present<#else>when-missing</#if>. (These only cover the last step of the expression; to cover the whole expression, use parenthesis: (myOptionalVar.foo)!myDefault, (myOptionalVar.foo)??
----

----
FTL stack trace ("~" means nesting-related):
	- Failed at: ${report.systemInfoMap[info]}  [in template "Extent.ftl" at line 193, column 93]
----

Java stack trace (for programmers):
----
freemarker.core.InvalidReferenceException: [... Exception message was already printed; see it above ...]
	at freemarker.core.InvalidReferenceException.getInstance(InvalidReferenceException.java:131)
	at freemarker.core.EvalUtil.coerceModelToString(EvalUtil.java:355)
	at freemarker.core.Expression.evalAndCoerceToString(Expression.java:82)
	at freemarker.core.DollarVariable.accept(DollarVariable.java:41)
	at freemarker.core.Environment.visit(Environment.java:324)
	at freemarker.core.MixedContent.accept(MixedContent.java:54)
	at freemarker.core.Environment.visitByHiddingParent(Environment.java:345)
	at freemarker.core.IteratorBlock$IterationContext.executeNestedBlockInner(IteratorBlock.java:240)
	at freemarker.core.IteratorBlock$IterationContext.executeNestedBlock(IteratorBlock.java:220)
	at freemarker.core.IteratorBlock$IterationContext.accept(IteratorBlock.java:194)
	at freemarker.core.Environment.visitIteratorBlock(Environment.java:572)
	at freemarker.core.IteratorBlock.acceptWithResult(IteratorBlock.java:78)
	at freemarker.core.IteratorBlock.accept(IteratorBlock.java:64)
	at freemarker.core.Environment.visit(Environment.java:324)
	at freemarker.core.MixedContent.accept(MixedContent.java:54)
	at freemarker.core.Environment.visit(Environment.java:324)
	at freemarker.core.Environment.process(Environment.java:302)
	at freemarker.template.Template.process(Template.java:325)
	at com.relevantcodes.extentreports.HTMLReporter.flush(HTMLReporter.java:173)
	at com.relevantcodes.extentreports.Report.flush(Report.java:468)
	at com.relevantcodes.extentreports.ExtentReports.flush(ExtentReports.java:900)
	at com.relevantcodes.extentreports.Report.terminate(Report.java:435)
	at com.relevantcodes.extentreports.ExtentReports.close(ExtentReports.java:917)
	at com.testautomation.framework.core.Browser.afterSuite(Browser.java:187)
	at java.base/jdk.internal.reflect.NativeMethodAccessorImpl.invoke0(Native Method)
	at java.base/jdk.internal.reflect.NativeMethodAccessorImpl.invoke(NativeMethodAccessorImpl.java:62)
	at java.base/jdk.internal.reflect.DelegatingMethodAccessorImpl.invoke(DelegatingMethodAccessorImpl.java:43)
	at java.base/java.lang.reflect.Method.invoke(Method.java:564)
	at org.testng.internal.MethodInvocationHelper.invokeMethod(MethodInvocationHelper.java:108)
	at org.testng.internal.Invoker.invokeConfigurationMethod(Invoker.java:523)
	at org.testng.internal.Invoker.invokeConfigurations(Invoker.java:224)
	at org.testng.internal.Invoker.invokeConfigurations(Invoker.java:146)
	at org.testng.SuiteRunner.privateRun(SuiteRunner.java:350)
	at org.testng.SuiteRunner.run(SuiteRunner.java:289)
	at org.testng.SuiteRunnerWorker.runSuite(SuiteRunnerWorker.java:52)
	at org.testng.SuiteRunnerWorker.run(SuiteRunnerWorker.java:86)
	at org.testng.TestNG.runSuitesSequentially(TestNG.java:1301)
	at org.testng.TestNG.runSuitesLocally(TestNG.java:1226)
	at org.testng.TestNG.runSuites(TestNG.java:1144)
	at org.testng.TestNG.run(TestNG.java:1115)
	at org.testng.remote.AbstractRemoteTestNG.run(AbstractRemoteTestNG.java:115)
	at org.testng.remote.RemoteTestNG.initAndRun(RemoteTestNG.java:251)
	at org.testng.remote.RemoteTestNG.main(RemoteTestNG.java:77)
2021-09-18 23:00:46 - [INFO] Setting the environment to test
2021-09-18 23:01:12 - [INFO] Setting the environment to test
2021-09-18 23:01:32 - [INFO] Setting the environment to test
2021-09-18 23:01:47 - [INFO] Setting the environment to test
2021-09-18 23:03:10 - [INFO] Setting the environment to test
2021-09-18 23:03:11 - [PASSED] Browser Initialized
2021-09-18 23:10:01 - [INFO] Setting the environment to test
2021-09-18 23:12:19 - [INFO] Setting the environment to test
2021-09-18 23:13:21 - [INFO] Setting the environment to test
2021-09-18 23:14:47 - [INFO] Setting the environment to test
2021-09-18 23:15:52 - [INFO] Setting the environment to test
2021-09-18 23:17:36 - [INFO] Setting the environment to test
2021-09-18 23:19:13 - [INFO] Setting the environment to test
2021-09-18 23:27:21 - [INFO] Setting the environment to test
2021-09-18 23:29:56 - [INFO] Setting the environment to test
2021-09-18 23:30:24 - [INFO] Setting the environment to test
2021-09-18 23:32:27 - [INFO] Setting the environment to test
2021-09-18 23:36:09 - [INFO] Setting the environment to test
2021-09-18 23:38:46 - [INFO] Setting the environment to test
2021-09-18 23:38:48 - [PASSED] Browser Initialized
2021-09-18 23:38:48 - [INFO] Accessing https://www.saucedemo.com/
2021-09-18 23:38:48 - [Story Name] Sauce Demo AAA
2021-09-18 23:38:48 - [Test Script Name] Sauce Demo Login
2021-09-18 23:38:48 - [Test Script Description] User logs in to the Sauce Demo
2021-09-18 23:39:00 - [Log:] chrome instance closed.
2021-09-18 23:39:00 - [INFO] Browser instance closed
2021-09-18 23:46:13 - [INFO] Setting the environment to test
2021-09-18 23:46:14 - [PASSED] Browser Initialized
2021-09-18 23:46:14 - [INFO] Accessing https://www.saucedemo.com/
2021-09-18 23:46:14 - [Story Name] Sauce Demo AAA
2021-09-18 23:46:14 - [Test Script Name] Sauce Demo Login
2021-09-18 23:46:14 - [Test Script Description] User logs in to the Sauce Demo
2021-09-18 23:46:27 - [Log:] chrome instance closed.
2021-09-18 23:46:27 - [INFO] Browser instance closed
2021-09-18 23:47:34 - [INFO] Setting the environment to test
2021-09-18 23:47:35 - [PASSED] Browser Initialized
2021-09-18 23:47:35 - [INFO] Accessing https://www.saucedemo.com/
2021-09-18 23:47:36 - [Story Name] Sauce Demo AAA
2021-09-18 23:47:36 - [Test Script Name] Sauce Demo Login
2021-09-18 23:47:36 - [Test Script Description] User logs in to the Sauce Demo
2021-09-18 23:49:14 - [INFO] Setting the environment to test
2021-09-18 23:49:16 - [PASSED] Browser Initialized
2021-09-18 23:49:16 - [INFO] Accessing https://www.saucedemo.com/
2021-09-18 23:49:16 - [Story Name] Sauce Demo AAA
2021-09-18 23:49:16 - [Test Script Name] Sauce Demo Login
2021-09-18 23:49:16 - [Test Script Description] User logs in to the Sauce Demo
2021-09-18 23:49:28 - [Log:] chrome instance closed.
2021-09-18 23:49:28 - [INFO] Browser instance closed
2021-09-18 23:50:06 - [INFO] Setting the environment to test
2021-09-18 23:50:07 - [PASSED] Browser Initialized
2021-09-18 23:50:07 - [INFO] Accessing https://www.saucedemo.com/
2021-09-18 23:50:07 - [Story Name] Sauce Demo AAA
2021-09-18 23:50:07 - [Test Script Name] Sauce Demo Login
2021-09-18 23:50:07 - [Test Script Description] User logs in to the Sauce Demo
2021-09-18 23:50:20 - [Log:] chrome instance closed.
2021-09-18 23:50:20 - [INFO] Browser instance closed
2021-09-18 23:51:30 - [INFO] Setting the environment to test
2021-09-18 23:51:32 - [PASSED] Browser Initialized
2021-09-18 23:51:32 - [INFO] Accessing https://www.saucedemo.com/
2021-09-18 23:51:32 - [Story Name] Sauce Demo AAA
2021-09-18 23:51:32 - [Test Script Name] Sauce Demo Login
2021-09-18 23:51:32 - [Test Script Description] User logs in to the Sauce Demo
2021-09-18 23:51:44 - [Log:] chrome instance closed.
2021-09-18 23:51:44 - [INFO] Browser instance closed
2021-09-19 00:35:03 - [INFO] Setting the environment to test
2021-09-19 00:35:04 - [PASSED] Browser Initialized
2021-09-19 00:35:04 - [INFO] Accessing https://www.saucedemo.com/
2021-09-19 00:35:04 - [Story Name] Sauce Demo AAA
2021-09-19 00:35:04 - [Test Script Name] Sauce Demo Login
2021-09-19 00:35:04 - [Test Script Description] User logs in to the Sauce Demo
2021-09-19 00:35:17 - [Log:] chrome instance closed.
2021-09-19 00:35:17 - [INFO] Browser instance closed
2021-09-19 00:42:23 - [INFO] Setting the environment to test
2021-09-19 00:42:24 - [PASSED] Browser Initialized
2021-09-19 00:42:24 - [INFO] Accessing https://www.saucedemo.com/
2021-09-19 00:42:24 - [Story Name] Sauce Demo AAA
2021-09-19 00:42:24 - [Test Script Name] Sauce Demo Login
2021-09-19 00:42:24 - [Test Script Description] User logs in to the Sauce Demo
2021-09-19 00:42:37 - [Log:] chrome instance closed.
2021-09-19 00:42:37 - [INFO] Browser instance closed
2021-09-19 00:43:12 - [INFO] Setting the environment to test
2021-09-19 00:43:14 - [PASSED] Browser Initialized
2021-09-19 00:43:14 - [INFO] Accessing https://www.saucedemo.com/
2021-09-19 00:43:14 - [Story Name] Sauce Demo AAA
2021-09-19 00:43:14 - [Test Script Name] Sauce Demo Login
2021-09-19 00:43:14 - [Test Script Description] User logs in to the Sauce Demo
2021-09-19 00:43:18 - [Log:] chrome instance closed.
2021-09-19 00:43:18 - [INFO] Browser instance closed
2021-09-19 00:46:33 - [INFO] Setting the environment to test
2021-09-19 00:46:34 - [PASSED] Browser Initialized
2021-09-19 00:46:34 - [INFO] Accessing https://www.saucedemo.com/
2021-09-19 00:46:34 - [Story Name] Sauce Demo AAA
2021-09-19 00:46:34 - [Test Script Name] Sauce Demo Login
2021-09-19 00:46:34 - [Test Script Description] User logs in to the Sauce Demo
2021-09-19 00:46:38 - [Log:] chrome instance closed.
2021-09-19 00:46:38 - [INFO] Browser instance closed
2021-09-19 01:04:42 - [INFO] Setting the environment to test
2021-09-19 01:04:44 - [PASSED] Browser Initialized
2021-09-19 01:04:44 - [INFO] Accessing https://www.saucedemo.com/
2021-09-19 01:04:44 - [Story Name] Sauce Demo AAA
2021-09-19 01:04:44 - [Test Script Name] Sauce Demo Login
2021-09-19 01:04:44 - [Test Script Description] User logs in to the Sauce Demo
2021-09-19 01:04:46 - [PASSED] Username TextBox is populated with 'standard_user'
2021-09-19 01:04:49 - [PASSED] Password TextBox is populated with '******'
2021-09-19 01:04:51 - [PASSED] Sign In Button is clicked
2021-09-19 01:04:57 - [Log:] chrome instance closed.
2021-09-19 01:04:57 - [INFO] Browser instance closed
2021-09-19 01:06:13 - [INFO] Setting the environment to test
2021-09-19 01:06:14 - [PASSED] Browser Initialized
2021-09-19 01:06:14 - [INFO] Accessing https://www.saucedemo.com/
2021-09-19 01:06:14 - [Story Name] Sauce Demo AAA
2021-09-19 01:06:14 - [Test Script Name] Sauce Demo Login
2021-09-19 01:06:14 - [Test Script Description] User logs in to the Sauce Demo
2021-09-19 01:06:17 - [PASSED] Username TextBox is populated with 'standard_user'
2021-09-19 01:06:19 - [PASSED] Password TextBox is populated with '******'
2021-09-19 01:06:22 - [PASSED] Sign In Button is clicked
2021-09-19 01:06:28 - [Log:] chrome instance closed.
2021-09-19 01:06:28 - [INFO] Browser instance closed
2021-09-19 01:07:24 - [INFO] Setting the environment to test
2021-09-19 01:07:25 - [PASSED] Browser Initialized
2021-09-19 01:07:25 - [INFO] Accessing https://www.saucedemo.com/
2021-09-19 01:07:25 - [Story Name] Sauce Demo AAA
2021-09-19 01:07:25 - [Test Script Name] Sauce Demo Login
2021-09-19 01:07:25 - [Test Script Description] User logs in to the Sauce Demo
2021-09-19 01:07:28 - [PASSED] Username TextBox is populated with 'standard_user'
2021-09-19 01:07:30 - [PASSED] Password TextBox is populated with '******'
2021-09-19 01:07:33 - [PASSED] Sign In Button is clicked
2021-09-19 01:07:39 - [Log:] chrome instance closed.
2021-09-19 01:07:39 - [INFO] Browser instance closed
2021-09-19 01:08:03 - [INFO] Setting the environment to test
2021-09-19 01:08:14 - [INFO] Setting the environment to test
2021-09-19 01:08:15 - [PASSED] Browser Initialized
2021-09-19 01:08:15 - [INFO] Accessing https://www.saucedemo.com/
2021-09-19 01:08:15 - [Story Name] Sauce Demo AAA
2021-09-19 01:08:15 - [Test Script Name] Sauce Demo Login
2021-09-19 01:08:15 - [Test Script Description] User logs in to the Sauce Demo
2021-09-19 01:08:18 - [PASSED] Username TextBox is populated with 'standard_user'
2021-09-19 01:08:20 - [PASSED] Password TextBox is populated with '******'
2021-09-19 01:08:23 - [PASSED] Sign In Button is clicked
2021-09-19 01:08:29 - [Log:] chrome instance closed.
2021-09-19 01:08:29 - [INFO] Browser instance closed
2021-09-19 01:08:29 - [INFO] Setting the environment to test
2021-09-19 01:08:30 - [PASSED] Browser Initialized
2021-09-19 01:08:30 - [INFO] Accessing https://www.saucedemo.com/
2021-09-19 01:08:30 - [Story Name] Sauce Demo AAA2
2021-09-19 01:08:30 - [Test Script Name] Sauce Demo Login2
2021-09-19 01:08:30 - [Test Script Description] User logs in to the Sauce Demo2
2021-09-19 01:08:32 - [PASSED] Username TextBox is populated with 'standard_user'
2021-09-19 01:08:35 - [PASSED] Password TextBox is populated with '******'
2021-09-19 01:08:37 - [PASSED] Sign In Button is clicked
2021-09-19 01:08:43 - [Log:] chrome instance closed.
2021-09-19 01:08:43 - [INFO] Browser instance closed
2021-09-19 01:26:59 - [INFO] Setting the environment to test
2021-09-19 01:27:00 - [PASSED] Browser Initialized
2021-09-19 01:27:00 - [INFO] Accessing https://www.saucedemo.com/
2021-09-19 01:27:01 - [Story Name] Sauce Demo AAA
2021-09-19 01:27:01 - [Test Script Name] Sauce Demo Login
2021-09-19 01:27:01 - [Test Script Description] User logs in to the Sauce Demo
2021-09-19 01:27:03 - [PASSED] Username TextBox is populated with 'standard_user'
2021-09-19 01:27:05 - [PASSED] Password TextBox is populated with '******'
2021-09-19 01:27:08 - [PASSED] Sign In Button is clicked
2021-09-19 01:27:14 - [Log:] chrome instance closed.
2021-09-19 01:27:14 - [INFO] Browser instance closed
2021-09-19 01:27:14 - [INFO] Setting the environment to test
2021-09-19 01:27:15 - [PASSED] Browser Initialized
2021-09-19 01:27:15 - [INFO] Accessing https://www.saucedemo.com/
2021-09-19 01:27:15 - [Story Name] Sauce Demo AAA2
2021-09-19 01:27:15 - [Test Script Name] Sauce Demo Login2
2021-09-19 01:27:15 - [Test Script Description] User logs in to the Sauce Demo2
2021-09-19 01:27:18 - [PASSED] Username TextBox is populated with 'standard_user'
2021-09-19 01:27:20 - [PASSED] Password TextBox is populated with '******'
2021-09-19 01:27:23 - [PASSED] Sign In Button is clicked
2021-09-19 01:27:29 - [Log:] chrome instance closed.
2021-09-19 01:27:29 - [INFO] Browser instance closed
2021-09-19 13:49:08 - [INFO] Setting the environment to test
2021-09-19 13:49:10 - [PASSED] Browser Initialized
2021-09-19 13:49:10 - [INFO] Accessing https://www.rahulshettyacademy.com/AutomationPractice/
2021-09-19 13:49:26 - [Story Name] Sample Testing
2021-09-19 13:49:26 - [Test Script Name] Sample Testing
2021-09-19 13:49:26 - [Test Script Description] Sample Testing
2021-09-19 13:49:35 - [PASSED]  is displayed
2021-09-19 13:49:38 - [PASSED] Open Tab Button is displayed
2021-09-19 13:49:40 - [PASSED] Open Tab Button is clicked
2021-09-19 13:49:50 - [PASSED] Home Link is displayed
2021-09-19 13:49:57 - [PASSED]  is displayed
2021-09-19 13:49:58 - [Log:] chrome instance closed.
2021-09-19 13:49:58 - [INFO] Browser instance closed
2021-09-19 13:52:05 - [INFO] Setting the environment to test
2021-09-19 13:52:07 - [PASSED] Browser Initialized
2021-09-19 13:52:07 - [INFO] Accessing https://www.rahulshettyacademy.com/AutomationPractice/
2021-09-19 13:52:09 - [Story Name] Sample Testing
2021-09-19 13:52:09 - [Test Script Name] Sample Testing
2021-09-19 13:52:09 - [Test Script Description] Sample Testing
2021-09-19 13:52:18 - [PASSED] Switch Tab Example is displayed
2021-09-19 13:52:21 - [PASSED] Open Tab Button is displayed
2021-09-19 13:52:23 - [PASSED] Open Tab Button is clicked
2021-09-19 13:52:33 - [PASSED] Home Link is displayed
2021-09-19 13:52:40 - [PASSED] Switch Tab Example is displayed
2021-09-19 13:52:41 - [Log:] chrome instance closed.
2021-09-19 13:52:41 - [INFO] Browser instance closed
2021-09-19 14:05:04 - [INFO] Setting the environment to test
2021-09-19 14:05:06 - [PASSED] Browser Initialized
2021-09-19 14:05:06 - [INFO] Accessing https://www.rahulshettyacademy.com/AutomationPractice/
2021-09-19 14:05:08 - [Story Name] Sample Testing
2021-09-19 14:05:08 - [Test Script Name] Sample Testing
2021-09-19 14:05:08 - [Test Script Description] Sample Testing
2021-09-19 14:05:17 - [PASSED] Switch Tab Example is displayed
2021-09-19 14:05:20 - [PASSED] Open Tab Button is displayed
2021-09-19 14:05:22 - [PASSED] Open Tab Button is clicked
2021-09-19 14:05:22 - [INFO] Switched to another Tab
2021-09-19 14:05:32 - [PASSED] Home Link is displayed
2021-09-19 14:05:32 - [INFO] Switched to Main Tab
2021-09-19 14:05:39 - [PASSED] Switch Tab Example is displayed
2021-09-19 14:05:40 - [Log:] chrome instance closed.
2021-09-19 14:05:40 - [INFO] Browser instance closed
2021-09-19 21:14:30 - [INFO] Setting the environment to test
2021-09-19 21:14:31 - [PASSED] Browser Initialized
2021-09-19 21:14:31 - [INFO] Accessing https://www.rahulshettyacademy.com/AutomationPractice/
2021-09-19 21:14:39 - [Story Name] Sauce Demo AAA
2021-09-19 21:14:39 - [Test Script Name] Sauce Demo Login
2021-09-19 21:14:39 - [Test Script Description] User logs in to the Sauce Demo
2021-09-19 21:14:51 - [FAILED] Expected: Username TextBox is displayed
2021-09-19 21:14:51 - [FAILED] Actual: Username TextBox is NOT displayed
2021-09-19 21:14:52 - [Log:] chrome instance closed.
2021-09-19 21:14:52 - [INFO] Browser instance closed
2021-09-19 21:14:52 - [INFO] Setting the environment to test
2021-09-19 21:14:53 - [PASSED] Browser Initialized
2021-09-19 21:14:53 - [INFO] Accessing https://www.rahulshettyacademy.com/AutomationPractice/
2021-09-19 21:14:55 - [Story Name] Sauce Demo AAA2
2021-09-19 21:14:55 - [Test Script Name] Sauce Demo Login2
2021-09-19 21:14:55 - [Test Script Description] User logs in to the Sauce Demo2
2021-09-19 21:15:07 - [FAILED] Expected: Username TextBox is displayed
2021-09-19 21:15:07 - [FAILED] Actual: Username TextBox is NOT displayed
2021-09-19 21:15:08 - [Log:] chrome instance closed.
2021-09-19 21:15:08 - [INFO] Browser instance closed
2021-09-19 21:15:33 - [INFO] Setting the environment to test
2021-09-19 21:15:34 - [PASSED] Browser Initialized
2021-09-19 21:15:34 - [INFO] Accessing https://www.saucedemo.com/
2021-09-19 21:15:34 - [Story Name] Sauce Demo AAA
2021-09-19 21:15:34 - [Test Script Name] Sauce Demo Login
2021-09-19 21:15:34 - [Test Script Description] User logs in to the Sauce Demo
2021-09-19 21:15:37 - [PASSED] Username TextBox is populated with 'standard_user'
2021-09-19 21:15:39 - [PASSED] Password TextBox is populated with '******'
2021-09-19 21:15:41 - [PASSED] Sign In Button is clicked
2021-09-19 21:15:47 - [Log:] chrome instance closed.
2021-09-19 21:15:47 - [INFO] Browser instance closed
2021-09-19 21:15:48 - [INFO] Setting the environment to test
2021-09-19 21:15:49 - [PASSED] Browser Initialized
2021-09-19 21:15:49 - [INFO] Accessing https://www.saucedemo.com/
2021-09-19 21:15:49 - [Story Name] Sauce Demo AAA2
2021-09-19 21:15:49 - [Test Script Name] Sauce Demo Login2
2021-09-19 21:15:49 - [Test Script Description] User logs in to the Sauce Demo2
2021-09-19 21:15:51 - [PASSED] Username TextBox is populated with 'standard_user'
2021-09-19 21:15:54 - [PASSED] Password TextBox is populated with '******'
2021-09-19 21:15:56 - [PASSED] Sign In Button is clicked
2021-09-19 21:16:02 - [Log:] chrome instance closed.
2021-09-19 21:16:02 - [INFO] Browser instance closed
2021-09-19 21:18:31 - [INFO] Setting the environment to test
2021-09-19 21:18:33 - [PASSED] Browser Initialized
2021-09-19 21:18:33 - [INFO] Accessing https://www.saucedemo.com/
2021-09-19 21:18:33 - [Story Name] Sauce Demo AAA
2021-09-19 21:18:33 - [Test Script Name] Sauce Demo Login
2021-09-19 21:18:33 - [Test Script Description] User logs in to the Sauce Demo
2021-09-19 21:18:35 - [PASSED] Username TextBox is populated with 'standard_user'
2021-09-19 21:18:38 - [PASSED] Password TextBox is populated with '******'
2021-09-19 21:18:40 - [PASSED] Sign In Button is clicked
2021-09-19 21:18:46 - [Log:] chrome instance closed.
2021-09-19 21:18:46 - [INFO] Browser instance closed
2021-09-19 21:18:46 - [INFO] Test Execution of LoginSauceDemo::sampleTest completed
2021-09-19 21:18:46 - [INFO] Setting the environment to test
2021-09-19 21:18:47 - [PASSED] Browser Initialized
2021-09-19 21:18:47 - [INFO] Accessing https://www.saucedemo.com/
2021-09-19 21:18:48 - [Story Name] Sauce Demo AAA2
2021-09-19 21:18:48 - [Test Script Name] Sauce Demo Login2
2021-09-19 21:18:48 - [Test Script Description] User logs in to the Sauce Demo2
2021-09-19 21:18:50 - [PASSED] Username TextBox is populated with 'standard_user'
2021-09-19 21:19:02 - [PASSED] Password TextBox is populated with '******'
2021-09-19 21:19:15 - [PASSED] Sign In Button is clicked
2021-09-19 21:19:21 - [Log:] chrome instance closed.
2021-09-19 21:19:21 - [INFO] Browser instance closed
2021-09-19 21:19:21 - [INFO] Test Execution of LoginSauceDemo::sampleTest2 completed
2021-09-20 10:29:22 - [INFO] Setting the environment to test
2021-09-20 10:29:23 - [PASSED] Browser Initialized
2021-09-20 10:29:23 - [INFO] Accessing https://www.saucedemo.com/
2021-09-20 10:29:23 - [Story Name] Sauce Demo AAA
2021-09-20 10:29:23 - [Test Script Name] Sauce Demo Login
2021-09-20 10:29:23 - [Test Script Description] User logs in to the Sauce Demo
2021-09-20 10:29:26 - [PASSED] Username TextBox is populated with 'standard_user'
2021-09-20 10:29:28 - [PASSED] Password TextBox is populated with '******'
2021-09-20 10:29:30 - [PASSED] Sign In Button is clicked
2021-09-20 10:29:36 - [Log:] chrome instance closed.
2021-09-20 10:29:36 - [INFO] Browser instance closed
2021-09-20 10:29:36 - [INFO] Test Execution of LoginSauceDemo::TC0001 completed
2021-09-20 10:29:37 - [INFO] Setting the environment to test
2021-09-20 10:29:38 - [PASSED] Browser Initialized
2021-09-20 10:29:38 - [INFO] Accessing https://www.saucedemo.com/
2021-09-20 10:29:38 - [Story Name] Sauce Demo AAA2
2021-09-20 10:29:38 - [Test Script Name] Sauce Demo Login2
2021-09-20 10:29:38 - [Test Script Description] User logs in to the Sauce Demo2
2021-09-20 10:29:40 - [PASSED] Username TextBox is populated with 'problem_user'
2021-09-20 10:29:43 - [PASSED] Password TextBox is populated with '******'
2021-09-20 10:29:45 - [PASSED] Sign In Button is clicked
2021-09-20 10:29:51 - [Log:] chrome instance closed.
2021-09-20 10:29:51 - [INFO] Browser instance closed
2021-09-20 10:29:51 - [INFO] Test Execution of LoginSauceDemo::TC0002 completed
2021-09-20 10:45:32 - [INFO] Setting the environment to test
2021-09-20 10:45:33 - [PASSED] Browser Initialized
2021-09-20 10:45:33 - [INFO] Accessing https://www.saucedemo.com/
2021-09-20 10:45:33 - [Story Name] Sauce Demo AAA
2021-09-20 10:45:33 - [Test Script Name] Sauce Demo Login
2021-09-20 10:45:33 - [Test Script Description] User logs in to the Sauce Demo
2021-09-20 10:45:35 - [PASSED] Username TextBox is populated with 'standard_user'
2021-09-20 10:45:54 - [INFO] Setting the environment to test
2021-09-20 10:45:56 - [PASSED] Browser Initialized
2021-09-20 10:45:56 - [INFO] Accessing https://www.saucedemo.com/
2021-09-20 10:45:56 - [Story Name] Sauce Demo AAA
2021-09-20 10:45:56 - [Test Script Name] Sauce Demo Login
2021-09-20 10:45:56 - [Test Script Description] User logs in to the Sauce Demo
2021-09-20 10:45:58 - [PASSED] Username TextBox is populated with 'standard_user'
2021-09-20 10:46:00 - [PASSED] Password TextBox is populated with '******'
2021-09-20 10:46:03 - [PASSED] Sign In Button is clicked
2021-09-20 10:46:05 - [PASSED] Swag Labs Logo is displayed
2021-09-20 10:46:06 - [Log:] chrome instance closed.
2021-09-20 10:46:06 - [INFO] Browser instance closed
2021-09-20 10:46:06 - [INFO] Test Execution of LoginSauceDemo::TC0001 completed
2021-09-20 10:46:06 - [INFO] Setting the environment to test
2021-09-20 10:46:07 - [PASSED] Browser Initialized
2021-09-20 10:46:07 - [INFO] Accessing https://www.saucedemo.com/
2021-09-20 10:46:07 - [Story Name] Sauce Demo AAA2
2021-09-20 10:46:07 - [Test Script Name] Sauce Demo Login2
2021-09-20 10:46:07 - [Test Script Description] User logs in to the Sauce Demo2
2021-09-20 10:46:10 - [PASSED] Username TextBox is populated with 'problem_user'
2021-09-20 10:46:12 - [PASSED] Password TextBox is populated with '******'
2021-09-20 10:46:14 - [PASSED] Sign In Button is clicked
2021-09-20 10:46:17 - [PASSED] Swag Labs Logo is displayed
2021-09-20 10:46:17 - [Log:] chrome instance closed.
2021-09-20 10:46:17 - [INFO] Browser instance closed
2021-09-20 10:46:17 - [INFO] Test Execution of LoginSauceDemo::TC0002 completed
2021-09-20 10:47:35 - [INFO] Setting the environment to test
2021-09-20 10:47:36 - [PASSED] Browser Initialized
2021-09-20 10:47:36 - [INFO] Accessing https://www.saucedemo.com/
2021-09-20 10:47:36 - [Story Name] Sauce Demo AAA
2021-09-20 10:47:36 - [Test Script Name] Sauce Demo Login
2021-09-20 10:47:36 - [Test Script Description] User logs in to the Sauce Demo
2021-09-20 10:47:39 - [PASSED] Username TextBox is populated with 'standard_user'
2021-09-20 10:47:41 - [PASSED] Password TextBox is populated with '******'
2021-09-20 10:47:43 - [PASSED] Sign In Button is clicked
2021-09-20 10:47:46 - [PASSED] Swag Labs Logo is displayed
2021-09-20 10:47:47 - [Log:] chrome instance closed.
2021-09-20 10:47:47 - [INFO] Browser instance closed
2021-09-20 10:47:47 - [INFO] Test Execution of LoginSauceDemo::TC0001 completed
2021-09-20 10:49:39 - [INFO] Setting the environment to test
2021-09-20 10:49:41 - [PASSED] Browser Initialized
2021-09-20 10:49:41 - [INFO] Accessing https://www.saucedemo.com/
2021-09-20 10:49:41 - [Story Name] Sauce Demo AAA
2021-09-20 10:49:41 - [Test Script Name] Sauce Demo Login
2021-09-20 10:49:41 - [Test Script Description] User logs in to the Sauce Demo
2021-09-20 10:49:43 - [PASSED] Username TextBox is populated with 'standard_user'
2021-09-20 10:49:45 - [PASSED] Password TextBox is populated with '******'
2021-09-20 10:49:48 - [PASSED] Sign In Button is clicked
2021-09-20 10:49:50 - [PASSED] Swag Labs Logo is displayed
2021-09-20 10:49:51 - [Log:] chrome instance closed.
2021-09-20 10:49:51 - [INFO] Browser instance closed
2021-09-20 10:49:51 - [INFO] Test Execution of LoginSauceDemo::TC0001 completed
2021-09-20 10:51:43 - [INFO] Setting the environment to test
2021-09-20 10:51:44 - [PASSED] Browser Initialized
2021-09-20 10:51:44 - [INFO] Accessing https://www.saucedemo.com/
2021-09-20 10:51:44 - [Story Name] Sauce Demo AAA
2021-09-20 10:51:44 - [Test Script Name] Sauce Demo Login
2021-09-20 10:51:44 - [Test Script Description] User logs in to the Sauce Demo
2021-09-20 10:51:46 - [PASSED] Username TextBox is populated with 'standard_user'
2021-09-20 10:51:49 - [PASSED] Password TextBox is populated with '******'
2021-09-20 10:51:51 - [PASSED] Sign In Button is clicked
2021-09-20 10:51:53 - [PASSED] Swag Labs Logo is displayed
2021-09-20 10:51:59 - [Log:] chrome instance closed.
2021-09-20 10:51:59 - [INFO] Browser instance closed
2021-09-20 10:51:59 - [INFO] Test Execution of LoginSauceDemo::TC0001 completed
2021-09-20 10:52:48 - [INFO] Setting the environment to test
2021-09-20 10:52:50 - [PASSED] Browser Initialized
2021-09-20 10:52:50 - [INFO] Accessing https://www.saucedemo.com/
2021-09-20 10:52:50 - [Story Name] Sauce Demo AAA
2021-09-20 10:52:50 - [Test Script Name] Sauce Demo Login
2021-09-20 10:52:50 - [Test Script Description] User logs in to the Sauce Demo
2021-09-20 10:52:52 - [PASSED] Username TextBox is populated with 'standard_user'
2021-09-20 10:52:54 - [PASSED] Password TextBox is populated with '******'
2021-09-20 10:52:57 - [PASSED] Sign In Button is clicked
2021-09-20 10:52:59 - [PASSED] Swag Labs Logo is displayed
2021-09-20 10:53:05 - [Log:] chrome instance closed.
2021-09-20 10:53:05 - [INFO] Browser instance closed
2021-09-20 10:53:05 - [INFO] Test Execution of LoginSauceDemo::TC0001 completed
2021-09-20 10:53:51 - [INFO] Setting the environment to test
2021-09-20 10:53:52 - [PASSED] Browser Initialized
2021-09-20 10:53:52 - [INFO] Accessing https://www.saucedemo.com/
2021-09-20 10:53:53 - [Story Name] Sauce Demo AAA
2021-09-20 10:53:53 - [Test Script Name] Sauce Demo Login
2021-09-20 10:53:53 - [Test Script Description] User logs in to the Sauce Demo
2021-09-20 10:53:55 - [PASSED] Username TextBox is populated with 'standard_user'
2021-09-20 10:53:57 - [PASSED] Password TextBox is populated with '******'
2021-09-20 10:54:00 - [PASSED] Sign In Button is clicked
2021-09-20 10:54:02 - [PASSED] Swag Labs Logo is displayed
2021-09-20 10:54:08 - [Log:] chrome instance closed.
2021-09-20 10:54:08 - [INFO] Browser instance closed
2021-09-20 10:54:08 - [INFO] Test Execution of LoginSauceDemo::TC0001 completed
2021-09-20 10:54:34 - [INFO] Setting the environment to test
2021-09-20 10:54:36 - [PASSED] Browser Initialized
2021-09-20 10:54:36 - [INFO] Accessing https://www.saucedemo.com/
2021-09-20 10:54:36 - [Story Name] Sauce Demo AAA
2021-09-20 10:54:36 - [Test Script Name] Sauce Demo Login
2021-09-20 10:54:36 - [Test Script Description] User logs in to the Sauce Demo
2021-09-20 10:54:38 - [PASSED] Username TextBox is populated with 'standard_user'
2021-09-20 10:54:41 - [PASSED] Password TextBox is populated with '******'
2021-09-20 10:54:43 - [PASSED] Sign In Button is clicked
2021-09-20 10:54:45 - [PASSED] Swag Labs Logo is displayed
2021-09-20 10:54:51 - [Log:] chrome instance closed.
2021-09-20 10:54:51 - [INFO] Browser instance closed
2021-09-20 10:54:51 - [INFO] Test Execution of LoginSauceDemo::TC0001 completed
2021-09-20 10:55:40 - [INFO] Setting the environment to test
2021-09-20 10:55:41 - [PASSED] Browser Initialized
2021-09-20 10:55:41 - [INFO] Accessing https://www.saucedemo.com/
2021-09-20 10:55:42 - [Story Name] Sauce Demo AAA
2021-09-20 10:55:42 - [Test Script Name] Sauce Demo Login
2021-09-20 10:55:42 - [Test Script Description] User logs in to the Sauce Demo
2021-09-20 10:55:44 - [PASSED] Username TextBox is populated with 'standard_user'
2021-09-20 10:55:46 - [PASSED] Password TextBox is populated with '******'
2021-09-20 10:55:49 - [PASSED] Sign In Button is clicked
2021-09-20 10:55:51 - [PASSED] Swag Labs Logo is displayed
2021-09-20 10:55:57 - [Log:] chrome instance closed.
2021-09-20 10:55:57 - [INFO] Browser instance closed
2021-09-20 10:55:57 - [INFO] Test Execution of LoginSauceDemo::TC0001 completed
2021-09-20 10:56:17 - [INFO] Setting the environment to test
2021-09-20 10:56:19 - [PASSED] Browser Initialized
2021-09-20 10:56:19 - [INFO] Accessing https://www.saucedemo.com/
2021-09-20 10:56:19 - [Story Name] Sauce Demo AAA
2021-09-20 10:56:19 - [Test Script Name] Sauce Demo Login
2021-09-20 10:56:19 - [Test Script Description] User logs in to the Sauce Demo
2021-09-20 10:56:21 - [PASSED] Username TextBox is populated with 'standard_user'
2021-09-20 10:56:23 - [PASSED] Password TextBox is populated with '******'
2021-09-20 10:56:26 - [PASSED] Sign In Button is clicked
2021-09-20 10:56:28 - [PASSED] Swag Labs Logo is displayed
2021-09-20 10:56:34 - [Log:] chrome instance closed.
2021-09-20 10:56:34 - [INFO] Browser instance closed
2021-09-20 10:56:34 - [INFO] Test Execution of LoginSauceDemo::TC0001 completed
2021-09-20 10:57:17 - [INFO] Setting the environment to test
2021-09-20 10:57:18 - [PASSED] Browser Initialized
2021-09-20 10:57:18 - [INFO] Accessing https://www.saucedemo.com/
2021-09-20 10:57:18 - [Story Name] Sauce Demo AAA
2021-09-20 10:57:18 - [Test Script Name] Sauce Demo Login
2021-09-20 10:57:18 - [Test Script Description] User logs in to the Sauce Demo
2021-09-20 10:57:21 - [PASSED] Username TextBox is populated with 'standard_user'
2021-09-20 10:57:23 - [PASSED] Password TextBox is populated with '******'
2021-09-20 10:57:25 - [PASSED] Sign In Button is clicked
2021-09-20 10:57:28 - [PASSED] Swag Labs Logo is displayed
2021-09-20 10:57:34 - [Log:] chrome instance closed.
2021-09-20 10:57:34 - [INFO] Browser instance closed
2021-09-20 10:57:34 - [INFO] Test Execution of LoginSauceDemo::TC0001 completed
2021-09-20 10:58:01 - [INFO] Setting the environment to test
2021-09-20 10:58:02 - [PASSED] Browser Initialized
2021-09-20 10:58:02 - [INFO] Accessing https://www.saucedemo.com/
2021-09-20 10:58:02 - [Story Name] Sauce Demo AAA
2021-09-20 10:58:02 - [Test Script Name] Sauce Demo Login
2021-09-20 10:58:02 - [Test Script Description] User logs in to the Sauce Demo
2021-09-20 10:58:05 - [PASSED] Username TextBox is populated with 'standard_user'
2021-09-20 10:58:07 - [PASSED] Password TextBox is populated with '******'
2021-09-20 10:58:09 - [PASSED] Sign In Button is clicked
2021-09-20 10:58:12 - [PASSED] Swag Labs Logo is displayed
2021-09-20 10:58:18 - [Log:] chrome instance closed.
2021-09-20 10:58:18 - [INFO] Browser instance closed
2021-09-20 10:58:18 - [INFO] Test Execution of LoginSauceDemo::TC0001 completed
2021-09-20 10:59:25 - [INFO] Setting the environment to test
2021-09-20 10:59:27 - [PASSED] Browser Initialized
2021-09-20 10:59:27 - [INFO] Accessing https://www.saucedemo.com/
2021-09-20 10:59:27 - [Story Name] Sauce Demo AAA
2021-09-20 10:59:27 - [Test Script Name] Sauce Demo Login
2021-09-20 10:59:27 - [Test Script Description] User logs in to the Sauce Demo
2021-09-20 10:59:29 - [PASSED] Username TextBox is populated with 'standard_user'
2021-09-20 10:59:31 - [PASSED] Password TextBox is populated with '******'
2021-09-20 10:59:34 - [PASSED] Sign In Button is clicked
2021-09-20 10:59:36 - [PASSED] Swag Labs Logo is displayed
2021-09-20 10:59:36 - [PASSED] Inventory Products with text 'Sauce Labs Bike Light' is clicked
2021-09-20 10:59:42 - [Log:] chrome instance closed.
2021-09-20 10:59:42 - [INFO] Browser instance closed
2021-09-20 10:59:42 - [INFO] Test Execution of LoginSauceDemo::TC0001 completed
2021-09-20 11:33:37 - [INFO] Setting the environment to test
2021-09-20 11:33:39 - [PASSED] Browser Initialized
2021-09-20 11:33:39 - [INFO] Accessing https://jqueryui.com/
2021-09-20 11:33:42 - [Story Name] JQueryUI Test
2021-09-20 11:33:42 - [Test Script Name] JQueryUI Test
2021-09-20 11:33:42 - [Test Script Description] JQueryUI Testing purposes
2021-09-20 11:33:44 - [PASSED] Demos Tab is displayed
2021-09-20 11:33:47 - [PASSED] Download Tab is displayed
2021-09-20 11:33:49 - [PASSED] API Documentation Tab is displayed
2021-09-20 11:33:51 - [PASSED] Themes Tab is displayed
2021-09-20 11:33:54 - [PASSED] Demos Link is displayed
2021-09-20 11:33:57 - [PASSED] Demos Link is clicked
2021-09-20 11:52:18 - [INFO] Setting the environment to test
2021-09-20 11:52:20 - [PASSED] Browser Initialized
2021-09-20 11:52:20 - [INFO] Accessing https://jqueryui.com/
2021-09-20 11:52:21 - [Story Name] Sauce Demo AAA
2021-09-20 11:52:21 - [Test Script Name] Sauce Demo Login
2021-09-20 11:52:21 - [Test Script Description] User logs in to the Sauce Demo
2021-09-20 11:52:34 - [FAILED] Expected: Username TextBox is displayed
2021-09-20 11:52:34 - [FAILED] Actual: Username TextBox is NOT displayed
2021-09-20 11:52:35 - [Log:] chrome instance closed.
2021-09-20 11:52:35 - [INFO] Browser instance closed
2021-09-20 11:52:35 - [INFO] Test Execution of LoginSauceDemo::TC0001 completed
2021-09-20 11:52:35 - [INFO] Setting the environment to test
2021-09-20 11:52:36 - [PASSED] Browser Initialized
2021-09-20 11:52:36 - [INFO] Accessing https://jqueryui.com/
2021-09-20 11:52:37 - [Story Name] Sauce Demo AAA2
2021-09-20 11:52:37 - [Test Script Name] Sauce Demo Login2
2021-09-20 11:52:37 - [Test Script Description] User logs in to the Sauce Demo2
2021-09-20 11:52:49 - [FAILED] Expected: Username TextBox is displayed
2021-09-20 11:52:49 - [FAILED] Actual: Username TextBox is NOT displayed
2021-09-20 11:52:50 - [Log:] chrome instance closed.
2021-09-20 11:52:50 - [INFO] Browser instance closed
2021-09-20 11:52:50 - [INFO] Test Execution of LoginSauceDemo::TC0002 completed
2021-09-20 11:53:22 - [INFO] Setting the environment to test
2021-09-20 11:53:23 - [PASSED] Browser Initialized
2021-09-20 11:53:23 - [INFO] Accessing https://jqueryui.com/
2021-09-20 11:53:24 - [Story Name] JQueryUI Test
2021-09-20 11:53:24 - [Test Script Name] JQueryUI Test
2021-09-20 11:53:24 - [Test Script Description] JQueryUI Testing purposes
2021-09-20 11:53:27 - [PASSED] Demos Tab is displayed
2021-09-20 11:53:29 - [PASSED] Download Tab is displayed
2021-09-20 11:53:31 - [PASSED] API Documentation Tab is displayed
2021-09-20 11:53:33 - [PASSED] Themes Tab is displayed
2021-09-20 11:53:36 - [PASSED] Controlgroup Link is displayed
2021-09-20 11:53:42 - [PASSED] Controlgroup Link is clicked
2021-09-20 11:53:54 - [FAILED] Expected: Car Types ListBox is displayed
2021-09-20 11:53:54 - [FAILED] Actual: Car Types ListBox is NOT displayed
2021-09-20 11:53:55 - [Log:] chrome instance closed.
2021-09-20 11:53:55 - [INFO] Browser instance closed
2021-09-20 11:53:55 - [INFO] Test Execution of TestingSamples::TC0001 completed
2021-09-20 11:54:41 - [INFO] Setting the environment to test
2021-09-20 11:54:42 - [PASSED] Browser Initialized
2021-09-20 11:54:42 - [INFO] Accessing https://jqueryui.com/
2021-09-20 11:54:44 - [Story Name] JQueryUI Test
2021-09-20 11:54:44 - [Test Script Name] JQueryUI Test
2021-09-20 11:54:44 - [Test Script Description] JQueryUI Testing purposes
2021-09-20 11:54:46 - [PASSED] Demos Tab is displayed
2021-09-20 11:54:48 - [PASSED] Download Tab is displayed
2021-09-20 11:54:50 - [PASSED] API Documentation Tab is displayed
2021-09-20 11:54:53 - [PASSED] Themes Tab is displayed
2021-09-20 11:54:55 - [PASSED] Controlgroup Link is displayed
2021-09-20 11:54:58 - [PASSED] Controlgroup Link is clicked
2021-09-20 11:55:11 - [FAILED] Expected: Car Types Controlgroup Element is displayed
2021-09-20 11:55:11 - [FAILED] Actual: Car Types Controlgroup is NOT displayed
2021-09-20 11:55:11 - [Log:] chrome instance closed.
2021-09-20 11:55:11 - [INFO] Browser instance closed
2021-09-20 11:55:11 - [INFO] Test Execution of TestingSamples::TC0001 completed
2021-09-20 11:59:17 - [INFO] Setting the environment to test
2021-09-20 11:59:18 - [PASSED] Browser Initialized
2021-09-20 11:59:18 - [INFO] Accessing https://jqueryui.com/
2021-09-20 11:59:19 - [Story Name] JQueryUI Test
2021-09-20 11:59:19 - [Test Script Name] JQueryUI Test
2021-09-20 11:59:19 - [Test Script Description] JQueryUI Testing purposes
2021-09-20 11:59:22 - [PASSED] Demos Tab is displayed
2021-09-20 11:59:24 - [PASSED] Download Tab is displayed
2021-09-20 11:59:26 - [PASSED] API Documentation Tab is displayed
2021-09-20 11:59:28 - [PASSED] Themes Tab is displayed
2021-09-20 11:59:31 - [PASSED] Controlgroup Link is displayed
2021-09-20 11:59:34 - [PASSED] Controlgroup Link is clicked
2021-09-20 11:59:52 - [FAILED] Expected: Car Types Controlgroup Element is displayed
2021-09-20 11:59:52 - [FAILED] Actual: Car Types Controlgroup is NOT displayed
2021-09-20 11:59:52 - [Log:] chrome instance closed.
2021-09-20 11:59:52 - [INFO] Browser instance closed
2021-09-20 11:59:52 - [INFO] Test Execution of TestingSamples::TC0001 completed
2021-09-20 12:03:00 - [INFO] Setting the environment to test
2021-09-20 12:03:02 - [PASSED] Browser Initialized
2021-09-20 12:03:02 - [INFO] Accessing https://jqueryui.com/
2021-09-20 12:03:03 - [Story Name] JQueryUI Test
2021-09-20 12:03:03 - [Test Script Name] JQueryUI Test
2021-09-20 12:03:03 - [Test Script Description] JQueryUI Testing purposes
2021-09-20 12:03:05 - [PASSED] Demos Tab is displayed
2021-09-20 12:03:08 - [PASSED] Download Tab is displayed
2021-09-20 12:03:10 - [PASSED] API Documentation Tab is displayed
2021-09-20 12:03:12 - [PASSED] Themes Tab is displayed
2021-09-20 12:03:14 - [PASSED] Controlgroup Link is displayed
2021-09-20 12:03:18 - [PASSED] Controlgroup Link is clicked
2021-09-20 12:03:25 - [PASSED] Switch to frame Control Group
2021-09-20 12:03:28 - [PASSED] Car Types Controlgroup is displayed
2021-09-20 12:03:28 - [Log:] chrome instance closed.
2021-09-20 12:03:28 - [INFO] Browser instance closed
2021-09-20 12:03:28 - [INFO] Test Execution of TestingSamples::TC0001 completed
2021-09-20 12:06:42 - [INFO] Setting the environment to test
2021-09-20 12:06:43 - [PASSED] Browser Initialized
2021-09-20 12:06:43 - [INFO] Accessing https://jqueryui.com/
2021-09-20 12:06:45 - [Story Name] JQueryUI Test
2021-09-20 12:06:45 - [Test Script Name] JQueryUI Test
2021-09-20 12:06:45 - [Test Script Description] JQueryUI Testing purposes
2021-09-20 12:06:47 - [PASSED] Demos Tab is displayed
2021-09-20 12:06:49 - [PASSED] Download Tab is displayed
2021-09-20 12:06:52 - [PASSED] API Documentation Tab is displayed
2021-09-20 12:06:54 - [PASSED] Themes Tab is displayed
2021-09-20 12:06:56 - [PASSED] Controlgroup Link is displayed
2021-09-20 12:07:00 - [PASSED] Controlgroup Link is clicked
2021-09-20 12:07:07 - [PASSED] Switch to frame Control Group
2021-09-20 12:07:09 - [PASSED] Car Types Controlgroup is displayed
2021-09-20 12:07:09 - [PASSED] Car Types with text 'SUV' is clicked
2021-09-20 12:07:15 - [Log:] chrome instance closed.
2021-09-20 12:07:15 - [INFO] Browser instance closed
2021-09-20 12:07:15 - [INFO] Test Execution of TestingSamples::TC0001 completed
2021-09-20 12:23:24 - [INFO] Setting the environment to test
2021-09-20 12:23:25 - [PASSED] Browser Initialized
2021-09-20 12:23:25 - [INFO] Accessing https://www.rahulshettyacademy.com/AutomationPractice/
2021-09-20 12:23:27 - [Story Name] Sample Testing
2021-09-20 12:23:27 - [Test Script Name] Sample Testing
2021-09-20 12:23:27 - [Test Script Description] Sample Testing
2021-09-20 12:23:34 - [INFO] Suggestion Class Example TextBox is populated with 'Jamaica'
2021-09-20 12:23:37 - [PASSED] Switch Tab Example is displayed
2021-09-20 12:23:37 - [Log:] chrome instance closed.
2021-09-20 12:23:37 - [INFO] Browser instance closed
2021-09-20 12:23:37 - [INFO] Test Execution of SwitchTabsTesting::sampleTest completed
2021-09-20 12:24:42 - [INFO] Setting the environment to test
2021-09-20 12:24:44 - [PASSED] Browser Initialized
2021-09-20 12:24:44 - [INFO] Accessing https://www.rahulshettyacademy.com/AutomationPractice/
2021-09-20 12:24:46 - [Story Name] Sample Testing
2021-09-20 12:24:46 - [Test Script Name] Sample Testing
2021-09-20 12:24:46 - [Test Script Description] Sample Testing
2021-09-20 12:24:53 - [INFO] Suggestion Class Example TextBox is populated with 'Jamaica'
2021-09-20 12:24:56 - [PASSED] Switch Tab Example is displayed
2021-09-20 12:24:57 - [Log:] chrome instance closed.
2021-09-20 12:24:57 - [INFO] Browser instance closed
2021-09-20 12:24:57 - [INFO] Test Execution of SwitchTabsTesting::sampleTest completed
2021-09-20 12:25:27 - [INFO] Setting the environment to test
2021-09-20 12:25:29 - [PASSED] Browser Initialized
2021-09-20 12:25:29 - [INFO] Accessing https://www.rahulshettyacademy.com/AutomationPractice/
2021-09-20 12:25:31 - [Story Name] Sample Testing
2021-09-20 12:25:31 - [Test Script Name] Sample Testing
2021-09-20 12:25:31 - [Test Script Description] Sample Testing
2021-09-20 12:25:38 - [INFO] Suggestion Class Example TextBox is populated with 'Jamaica'
2021-09-20 12:25:40 - [PASSED] Switch Tab Example is displayed
2021-09-20 12:25:41 - [Log:] chrome instance closed.
2021-09-20 12:25:41 - [INFO] Browser instance closed
2021-09-20 12:25:41 - [INFO] Test Execution of SwitchTabsTesting::sampleTest completed
2021-09-20 12:27:38 - [INFO] Setting the environment to test
2021-09-20 12:27:40 - [PASSED] Browser Initialized
2021-09-20 12:27:40 - [INFO] Accessing https://www.rahulshettyacademy.com/AutomationPractice/
2021-09-20 12:27:42 - [Story Name] Sample Testing
2021-09-20 12:27:42 - [Test Script Name] Sample Testing
2021-09-20 12:27:42 - [Test Script Description] Sample Testing
2021-09-20 12:27:49 - [INFO] Suggestion Class Example TextBox is populated with 'Jamaica'
2021-09-20 12:27:49 - [INFO] Suggestion Class Example TextBox is populated with 'Jamaica'
2021-09-20 12:27:49 - [INFO] Suggestion Class Example TextBox is populated with 'Jamaica'
2021-09-20 12:27:52 - [PASSED] Switch Tab Example is displayed
2021-09-20 12:27:53 - [Log:] chrome instance closed.
2021-09-20 12:27:53 - [INFO] Browser instance closed
2021-09-20 12:27:53 - [INFO] Test Execution of SwitchTabsTesting::sampleTest completed
2021-09-20 12:30:23 - [INFO] Setting the environment to test
2021-09-20 12:30:25 - [PASSED] Browser Initialized
2021-09-20 12:30:25 - [INFO] Accessing https://www.rahulshettyacademy.com/AutomationPractice/
2021-09-20 12:30:27 - [Story Name] Sample Testing
2021-09-20 12:30:27 - [Test Script Name] Sample Testing
2021-09-20 12:30:27 - [Test Script Description] Sample Testing
2021-09-20 12:30:34 - [INFO] Suggestion Class Example TextBox is populated with 'Jamaica'
2021-09-20 12:30:34 - [INFO] Suggestion Class Example TextBox is populated with 'Jamaica'
2021-09-20 12:30:35 - [INFO] Suggestion Class Example TextBox is populated with 'Jamaica'
2021-09-20 12:30:37 - [PASSED] Switch Tab Example is displayed
2021-09-20 12:30:38 - [Log:] chrome instance closed.
2021-09-20 12:30:38 - [INFO] Browser instance closed
2021-09-20 12:30:38 - [INFO] Test Execution of SwitchTabsTesting::sampleTest completed
2021-09-20 12:32:49 - [INFO] Setting the environment to test
2021-09-20 12:32:51 - [PASSED] Browser Initialized
2021-09-20 12:32:51 - [INFO] Accessing https://www.rahulshettyacademy.com/AutomationPractice/
2021-09-20 12:32:53 - [Story Name] Sample Testing
2021-09-20 12:32:53 - [Test Script Name] Sample Testing
2021-09-20 12:32:53 - [Test Script Description] Sample Testing
2021-09-20 12:33:00 - [INFO] Suggestion Class Example TextBox is populated with 'Jamaica'
2021-09-20 12:33:00 - [INFO] Suggestion Class Example TextBox is populated with 'Jamaica'
2021-09-20 12:33:00 - [INFO] Suggestion Class Example TextBox is populated with 'Jamaica'
2021-09-20 12:33:01 - [Log:] chrome instance closed.
2021-09-20 12:33:01 - [INFO] Browser instance closed
2021-09-20 12:33:01 - [INFO] Test Execution of SwitchTabsTesting::sampleTest completed
2021-09-20 12:44:04 - [INFO] Setting the environment to test
2021-09-20 12:44:06 - [PASSED] Browser Initialized
2021-09-20 12:44:06 - [INFO] Accessing https://www.rahulshettyacademy.com/AutomationPractice/
2021-09-20 12:44:08 - [Story Name] Sample Testing
2021-09-20 12:44:08 - [Test Script Name] Sample Testing
2021-09-20 12:44:08 - [Test Script Description] Sample Testing
2021-09-20 12:44:16 - [Log:] chrome instance closed.
2021-09-20 12:44:16 - [INFO] Browser instance closed
2021-09-20 12:44:16 - [INFO] Test Execution of SwitchTabsTesting::sampleTest completed
2021-09-20 12:49:57 - [INFO] Setting the environment to test
2021-09-20 12:49:59 - [PASSED] Browser Initialized
2021-09-20 12:49:59 - [INFO] Accessing https://www.rahulshettyacademy.com/AutomationPractice/
2021-09-20 12:50:01 - [Story Name] Sample Testing
2021-09-20 12:50:01 - [Test Script Name] Sample Testing
2021-09-20 12:50:01 - [Test Script Description] Sample Testing
2021-09-20 12:50:07 - [Log:] chrome instance closed.
2021-09-20 12:50:07 - [INFO] Browser instance closed
2021-09-20 12:50:07 - [INFO] Test Execution of SwitchTabsTesting::sampleTest completed
2021-09-20 12:50:53 - [INFO] Setting the environment to test
2021-09-20 12:50:55 - [PASSED] Browser Initialized
2021-09-20 12:50:55 - [INFO] Accessing https://www.rahulshettyacademy.com/AutomationPractice/
2021-09-20 12:50:58 - [Story Name] Sample Testing
2021-09-20 12:50:58 - [Test Script Name] Sample Testing
2021-09-20 12:50:58 - [Test Script Description] Sample Testing
2021-09-20 12:50:59 - [Log:] chrome instance closed.
2021-09-20 12:50:59 - [INFO] Browser instance closed
2021-09-20 12:50:59 - [INFO] Test Execution of SwitchTabsTesting::sampleTest completed
2021-09-20 13:56:09 - [INFO] Setting the environment to test
2021-09-20 13:56:11 - [PASSED] Browser Initialized
2021-09-20 13:56:11 - [INFO] Accessing https://www.google.com/
2021-09-20 13:56:12 - [Story Name] Google
2021-09-20 13:56:12 - [Test Script Name] Google Search for greghicks01 github
2021-09-20 13:56:12 - [Test Script Description] User searches for greghicks01 and clicks the 1st occurence and verifies if account name in github is dsiplayed
2021-09-20 13:56:15 - [PASSED] Google Search TextBox is populated with 'greghicks01'
2021-09-20 13:56:20 - [PASSED]  Link is clicked
2021-09-20 13:56:21 - [Log:] chrome instance closed.
2021-09-20 13:56:21 - [INFO] Browser instance closed
2021-09-20 13:56:21 - [INFO] Test Execution of SmokeTesting::TC0003 completed
2021-09-21 14:55:16 - [INFO] Setting the environment to test
2021-09-21 14:55:17 - [PASSED] Browser Initialized
2021-09-21 14:55:17 - [INFO] Accessing https://www.google.com/
2021-09-21 14:55:18 - [Story Name] Google
2021-09-21 14:55:18 - [Test Script Name] Google Search for greghicks01 github
2021-09-21 14:55:18 - [Test Script Description] User searches for greghicks01 and clicks the 1st occurence and verifies if account name in github is dsiplayed
2021-09-21 14:55:21 - [PASSED] Google Search TextBox is populated with 'greghicks01'
2021-09-21 14:55:26 - [PASSED]  Link is clicked
2021-09-21 14:55:27 - [Log:] chrome instance closed.
2021-09-21 14:55:27 - [INFO] Browser instance closed
2021-09-21 14:55:27 - [INFO] Test Execution of SmokeTesting::TC0003 completed
2021-09-23 13:45:24 - [INFO] Setting the environment to test
2021-09-23 13:45:27 - [PASSED] Browser Initialized
2021-09-23 13:45:27 - [INFO] Accessing https://www.google.com/
2021-09-23 13:45:28 - [Story Name] Google
2021-09-23 13:45:28 - [Test Script Name] Google Search for greghicks01 github
2021-09-23 13:45:28 - [Test Script Description] User searches for greghicks01 and clicks the 1st occurence and verifies if account name in github is dsiplayed
2021-09-23 13:45:32 - [PASSED] Google Search TextBox is populated with 'greghicks01'
2021-09-23 13:45:38 - [PASSED]  Link is clicked
2021-09-23 13:45:40 - [PASSED]  is displayed
2021-09-23 13:45:41 - [Log:] chrome instance closed.
2021-09-23 13:45:41 - [INFO] Browser instance closed
2021-09-23 13:45:41 - [INFO] Test Execution of SmokeTesting::TC0003 completed
2021-09-23 13:46:12 - [INFO] Setting the environment to test
2021-09-23 13:46:15 - [PASSED] Browser Initialized
2021-09-23 13:46:15 - [INFO] Accessing https://www.google.com/
2021-09-23 13:46:15 - [Story Name] Google
2021-09-23 13:46:15 - [Test Script Name] Google Search for greghicks01 github
2021-09-23 13:46:15 - [Test Script Description] User searches for greghicks01 and clicks the 1st occurence and verifies if account name in github is dsiplayed
2021-09-23 13:46:20 - [PASSED] Google Search TextBox is populated with 'greghicks01'
2021-09-23 13:46:24 - [PASSED]  Link is clicked
2021-09-23 13:46:26 - [PASSED] Account name greghicks01 is displayed
2021-09-23 13:46:27 - [Log:] chrome instance closed.
2021-09-23 13:46:27 - [INFO] Browser instance closed
2021-09-23 13:46:27 - [INFO] Test Execution of SmokeTesting::TC0003 completed
2021-10-16 22:27:26 - [INFO] Setting the environment to dev
2021-10-16 22:27:28 - [PASSED] Browser Initialized
2021-10-16 22:27:28 - [INFO] Accessing https://www.saucedemo.com/
2021-10-16 22:27:28 - [Story Name] Sauce Demo AAA
2021-10-16 22:27:28 - [Test Script Name] Sauce Demo Login
2021-10-16 22:27:28 - [Test Script Description] User logs in to the Sauce Demo
2021-10-16 22:27:31 - [PASSED] Username TextBox is populated with 'locked_out_user'
2021-10-16 22:27:33 - [PASSED] Password TextBox is populated with '******'
2021-10-16 22:27:36 - [PASSED] Sign In Button is clicked
2021-10-16 22:29:48 - [INFO] Setting the environment to test
2021-10-16 22:29:50 - [PASSED] Browser Initialized
2021-10-16 22:29:50 - [INFO] Accessing https://www.google.com/
2021-10-16 22:29:52 - [Story Name] Sauce Demo AAA
2021-10-16 22:29:52 - [Test Script Name] Sauce Demo Login
2021-10-16 22:29:52 - [Test Script Description] User logs in to the Sauce Demo
2021-10-16 22:30:16 - [INFO] Setting the environment to test
2021-10-16 22:30:17 - [PASSED] Browser Initialized
2021-10-16 22:30:17 - [INFO] Accessing https://www.saucedemo.com/
2021-10-16 22:30:18 - [Story Name] Sauce Demo AAA
2021-10-16 22:30:18 - [Test Script Name] Sauce Demo Login
2021-10-16 22:30:18 - [Test Script Description] User logs in to the Sauce Demo
2021-10-16 22:30:20 - [PASSED] Username TextBox is populated with 'standard_user'
2021-10-16 22:30:23 - [PASSED] Password TextBox is populated with '******'
2021-10-16 22:30:25 - [PASSED] Sign In Button is clicked
2021-10-16 22:30:27 - [PASSED] Swag Labs Logo is displayed
2021-10-16 22:30:28 - [PASSED] Inventory Products with text 'Sauce Labs Bike Light' is clicked
2021-10-16 22:30:33 - [Log:] chrome instance closed.
2021-10-16 22:30:33 - [INFO] Browser instance closed
2021-10-16 22:30:33 - [INFO] Test Execution of LoginSauceDemo::TC0001 completed
2021-10-16 22:30:34 - [INFO] Setting the environment to test
2021-10-16 22:30:35 - [PASSED] Browser Initialized
2021-10-16 22:30:35 - [INFO] Accessing https://www.saucedemo.com/
2021-10-16 22:30:35 - [Story Name] Sauce Demo AAA2
2021-10-16 22:30:35 - [Test Script Name] Sauce Demo Login2
2021-10-16 22:30:35 - [Test Script Description] User logs in to the Sauce Demo2
2021-10-16 22:30:37 - [PASSED] Username TextBox is populated with 'problem_user'
2021-10-16 22:30:40 - [PASSED] Password TextBox is populated with '******'
2021-10-16 22:30:42 - [PASSED] Sign In Button is clicked
2021-10-16 22:30:45 - [PASSED] Swag Labs Logo is displayed
2021-10-16 22:30:45 - [PASSED] Inventory Products with text 'Sauce Labs Fleece Jacket' is clicked
2021-10-16 22:30:51 - [Log:] chrome instance closed.
2021-10-16 22:30:51 - [INFO] Browser instance closed
2021-10-16 22:30:51 - [INFO] Test Execution of LoginSauceDemo::TC0002 completed
2021-10-16 22:31:09 - [INFO] Setting the environment to test
2021-10-16 22:31:10 - [PASSED] Browser Initialized
2021-10-16 22:31:10 - [INFO] Accessing https://www.saucedemo.com/
2021-10-16 22:31:10 - [Story Name] Sauce Demo AAA
2021-10-16 22:31:10 - [Test Script Name] Sauce Demo Login
2021-10-16 22:31:10 - [Test Script Description] User logs in to the Sauce Demo
2021-10-16 22:31:13 - [PASSED] Username TextBox is populated with 'standard_user'
2021-10-16 22:31:15 - [PASSED] Password TextBox is populated with '******'
2021-10-16 22:31:18 - [PASSED] Sign In Button is clicked
2021-10-16 22:31:20 - [PASSED] Swag Labs Logo is displayed
2021-10-16 22:31:20 - [PASSED] Inventory Products with text 'Sauce Labs Bike Light' is clicked
2021-10-16 22:31:26 - [Log:] chrome instance closed.
2021-10-16 22:31:26 - [INFO] Browser instance closed
2021-10-16 22:31:26 - [INFO] Test Execution of LoginSauceDemo::TC0001 completed
2021-10-16 22:31:26 - [INFO] Setting the environment to test
2021-10-16 22:31:27 - [PASSED] Browser Initialized
2021-10-16 22:31:27 - [INFO] Accessing https://www.saucedemo.com/
2021-10-16 22:31:28 - [Story Name] Sauce Demo AAA2
2021-10-16 22:31:28 - [Test Script Name] Sauce Demo Login2
2021-10-16 22:31:28 - [Test Script Description] User logs in to the Sauce Demo2
2021-10-16 22:31:30 - [PASSED] Username TextBox is populated with 'problem_user'
2021-10-16 22:31:32 - [PASSED] Password TextBox is populated with '******'
2021-10-16 22:31:35 - [PASSED] Sign In Button is clicked
2021-10-16 22:31:37 - [PASSED] Swag Labs Logo is displayed
2021-10-16 22:31:37 - [PASSED] Inventory Products with text 'Sauce Labs Fleece Jacket' is clicked
2021-10-16 22:31:43 - [Log:] chrome instance closed.
2021-10-16 22:31:43 - [INFO] Browser instance closed
2021-10-16 22:31:43 - [INFO] Test Execution of LoginSauceDemo::TC0002 completed
2022-03-30 21:54:57 - [INFO] Setting the environment to test
2022-03-30 21:54:59 - [INFO] Setting the environment to test
2022-03-30 21:55:27 - [INFO] Setting the environment to test
2022-03-30 21:55:29 - [INFO] Setting the environment to test
2022-03-30 21:55:47 - [INFO] Setting the environment to test
2022-03-30 21:57:43 - [INFO] Setting the environment to test
2022-03-30 21:57:45 - [PASSED] Browser Initialized
2022-03-30 21:57:45 - [INFO] Accessing https://www.saucedemo.com/
2022-03-30 21:57:45 - [Story Name] Google
2022-03-30 21:57:45 - [Test Script Name] Google Search for greghicks01 github
2022-03-30 21:57:45 - [Test Script Description] User searches for greghicks01 and clicks the 1st occurence and verifies if account name in github is dsiplayed
2022-03-30 21:57:57 - [FAILED] Expected: Google Search TextBox is displayed
2022-03-30 21:57:57 - [FAILED] Actual: Google Search TextBox is NOT displayed
2022-03-30 21:57:58 - [Log:] chrome instance closed.
2022-03-30 21:57:58 - [INFO] Browser instance closed
2022-03-30 21:57:58 - [INFO] Test Execution of SmokeTesting::TC0003 completed
2022-03-30 21:59:35 - [INFO] Setting the environment to test
2022-03-30 21:59:37 - [PASSED] Browser Initialized
2022-03-30 21:59:37 - [INFO] Accessing https://www.google.com/
2022-03-30 21:59:38 - [Story Name] Google
2022-03-30 21:59:38 - [Test Script Name] Google Search for greghicks01 github
2022-03-30 21:59:38 - [Test Script Description] User searches for greghicks01 and clicks the 1st occurence and verifies if account name in github is dsiplayed
2022-03-30 21:59:42 - [PASSED] Google Search TextBox is populated with 'greghicks01'
2022-03-30 21:59:47 - [PASSED]  Link is clicked
2022-03-30 21:59:49 - [PASSED] Account name greghicks01 is displayed
2022-03-30 21:59:50 - [Log:] chrome instance closed.
2022-03-30 21:59:50 - [INFO] Browser instance closed
2022-03-30 21:59:50 - [INFO] Test Execution of SmokeTesting::TC0003 completed
2022-04-04 21:44:20 - [INFO] Setting the environment to test
2022-04-04 21:44:22 - [PASSED] Browser Initialized
2022-04-04 21:44:22 - [INFO] Accessing https://www.google.com/
2022-04-04 21:44:23 - [Story Name] Google
2022-04-04 21:44:23 - [Test Script Name] Google Search for greghicks01 github
2022-04-04 21:44:23 - [Test Script Description] User searches for greghicks01 and clicks the 1st occurence and verifies if account name in github is dsiplayed
2022-04-04 21:44:28 - [Log:] no such window
2022-04-04 21:44:41 - [INFO] Setting the environment to test
2022-04-04 21:44:43 - [PASSED] Browser Initialized
2022-04-04 21:44:43 - [INFO] Accessing https://www.google.com/
2022-04-04 21:44:43 - [Story Name] Google
2022-04-04 21:44:43 - [Test Script Name] Google Search for greghicks01 github
2022-04-04 21:44:43 - [Test Script Description] User searches for greghicks01 and clicks the 1st occurence and verifies if account name in github is dsiplayed
2022-04-04 21:44:47 - [PASSED] Google Search TextBox is populated with 'greghicks01'
2022-04-04 21:44:51 - [PASSED]  Link is clicked
2022-04-04 21:44:54 - [PASSED] Account name greghicks01 is displayed
2022-04-04 21:44:54 - [Log:] chrome instance closed.
2022-04-04 21:44:54 - [INFO] Browser instance closed
2022-04-04 21:44:54 - [INFO] Test Execution of SmokeTesting::TC0003 completed
2022-04-04 21:53:35 - [INFO] Setting the environment to test
2022-04-04 21:53:40 - [PASSED] Browser Initialized
2022-04-04 21:53:40 - [INFO] Accessing https://www.google.com/
2022-04-04 21:53:41 - [Story Name] Google
2022-04-04 21:53:41 - [Test Script Name] Google Search for greghicks01 github
2022-04-04 21:53:41 - [Test Script Description] User searches for greghicks01 and clicks the 1st occurence and verifies if account name in github is dsiplayed
2022-04-04 21:53:44 - [PASSED] Google Search TextBox is populated with 'greghicks01'
2022-04-04 21:53:48 - [PASSED]  Link is clicked
2022-04-04 21:53:50 - [PASSED] Account name greghicks01 is displayed
2022-04-04 21:53:51 - [Log:] chrome instance closed.
2022-04-04 21:53:51 - [INFO] Browser instance closed
2022-04-04 21:53:51 - [INFO] Test Execution of SmokeTesting::TC0003 completed
2022-04-22 10:23:24 - [INFO] Setting the environment to test
2022-04-22 10:23:26 - [PASSED] Browser Initialized
2022-04-22 10:23:26 - [INFO] Accessing https://www.google.com/
2022-04-22 10:23:27 - [Story Name] Google
2022-04-22 10:23:27 - [Test Script Name] Google Search for greghicks01 github
2022-04-22 10:23:27 - [Test Script Description] User searches for greghicks01 and clicks the 1st occurence and verifies if account name in github is dsiplayed
2022-04-22 10:23:31 - [PASSED] Google Search TextBox is populated with 'greghicks01'
2022-04-22 10:23:36 - [PASSED]  Link is clicked
2022-04-22 10:23:38 - [PASSED] Account name greghicks01 is displayed
2022-04-22 10:23:39 - [Log:] chrome instance closed.
2022-04-22 10:23:39 - [INFO] Browser instance closed
2022-04-22 10:23:39 - [INFO] Test Execution of SmokeTesting::TC0003 completed
2022-05-05 11:37:34 - [INFO] Setting the environment to test
2022-05-05 11:37:36 - [PASSED] Browser Initialized
2022-05-05 11:37:36 - [INFO] Accessing https://www.google.com/
2022-05-05 11:37:37 - [Story Name] Google
2022-05-05 11:37:37 - [Test Script Name] Google Search for greghicks01 github
2022-05-05 11:37:37 - [Test Script Description] User searches for greghicks01 and clicks the 1st occurence and verifies if account name in github is dsiplayed
2022-05-05 11:37:40 - [PASSED] Google Search TextBox is populated with 'greghicks01'
2022-05-05 11:37:45 - [PASSED]  Link is clicked
2022-05-05 11:37:47 - [PASSED] Account name greghicks01 is displayed
2022-05-05 11:37:48 - [Log:] chrome instance closed.
2022-05-05 11:37:48 - [INFO] Browser instance closed
2022-05-05 11:37:48 - [INFO] Test Execution of SmokeTesting::TC0003 completed
2022-05-06 17:57:43 - [INFO] Setting the environment to test
2022-05-06 18:07:15 - [INFO] Setting the environment to test
2022-05-06 18:07:38 - [INFO] Setting the environment to test
2022-05-06 18:13:08 - [INFO] Setting the environment to test
2022-05-06 18:16:26 - [INFO] Setting the environment to test
2022-05-06 18:17:03 - [INFO] Setting the environment to test
2022-05-06 18:32:24 - [INFO] Setting the environment to test
2022-05-06 18:32:40 - [INFO] Setting the environment to test
2022-05-11 10:17:42 - [INFO] Setting the environment to test
2022-05-11 10:20:55 - [INFO] Setting the environment to test
2022-05-11 10:25:25 - [INFO] Setting the environment to test
2022-05-11 10:26:05 - [INFO] Setting the environment to test
2022-05-11 10:28:25 - [INFO] Setting the environment to test
2022-05-17 14:35:16 - [INFO] Setting the environment to test
2022-05-18 21:18:34 - [INFO] Setting the environment to test
2022-05-24 21:43:18 - [INFO] Setting the environment to test
2022-05-24 23:01:17 - [INFO] Setting the environment to test
2022-05-24 23:01:20 - [PASSED] Browser Initialized
2022-05-24 23:01:20 - [INFO] Accessing https://www.saucedemo.com/
2022-05-24 23:01:22 - [Story Name] SwagLabs Sauce Demo
2022-05-24 23:01:22 - [Test Script Name] Purchase Swag Labs products
2022-05-24 23:01:22 - [Test Script Description] User is purchases Swag Labs products
2022-05-24 23:01:24 - [PASSED] Username TextBox is populated with 'standard_user'
2022-05-24 23:01:27 - [PASSED] Password TextBox is populated with '******'
2022-05-24 23:01:29 - [PASSED] Sign In Button is clicked
2022-05-24 23:01:31 - [PASSED] Swag Labs Logo is displayed
2022-05-24 23:01:32 - [PASSED] Inventory Products with text 'Sauce Labs Bike Light' is clicked
2022-05-24 23:01:33 - [Log:] chrome instance closed.
2022-05-24 23:01:33 - [INFO] Browser instance closed
2022-05-24 23:01:33 - [INFO] Test Execution of SmokeTesting::TC0003 completed
2022-05-24 23:04:53 - [INFO] Setting the environment to test
2022-05-24 23:04:57 - [PASSED] Browser Initialized
2022-05-24 23:04:57 - [INFO] Accessing https://www.saucedemo.com/
2022-05-24 23:04:58 - [Story Name] SwagLabs Sauce Demo
2022-05-24 23:04:58 - [Test Script Name] Purchase Swag Labs products
2022-05-24 23:04:58 - [Test Script Description] User is purchases Swag Labs products
2022-05-24 23:05:00 - [PASSED] Username TextBox is populated with 'standard_user'
2022-05-24 23:05:03 - [PASSED] Password TextBox is populated with '******'
2022-05-24 23:05:05 - [PASSED] Sign In Button is clicked
2022-05-24 23:05:07 - [PASSED] Swag Labs Logo is displayed
2022-05-24 23:05:08 - [PASSED] Inventory Products with text 'Sauce Labs Bike Light' is clicked
2022-05-24 23:05:10 - [PASSED] Cart Button is clicked
2022-05-24 23:05:16 - [Log:] chrome instance closed.
2022-05-24 23:05:16 - [INFO] Browser instance closed
2022-05-24 23:05:16 - [INFO] Test Execution of SmokeTesting::TC0003 completed
2022-05-24 23:05:38 - [INFO] Setting the environment to test
2022-05-24 23:05:42 - [PASSED] Browser Initialized
2022-05-24 23:05:42 - [INFO] Accessing https://www.saucedemo.com/
2022-05-24 23:05:42 - [Story Name] SwagLabs Sauce Demo
2022-05-24 23:05:42 - [Test Script Name] Purchase Swag Labs products
2022-05-24 23:05:42 - [Test Script Description] User is purchases Swag Labs products
2022-05-24 23:05:45 - [PASSED] Username TextBox is populated with 'standard_user'
2022-05-24 23:05:47 - [PASSED] Password TextBox is populated with '******'
2022-05-24 23:05:50 - [PASSED] Sign In Button is clicked
2022-05-24 23:05:52 - [PASSED] Swag Labs Logo is displayed
2022-05-24 23:05:52 - [PASSED] Inventory Products with text 'Sauce Labs Bike Light' is clicked
2022-05-24 23:05:55 - [PASSED] Cart Button is clicked
2022-05-24 23:06:00 - [Log:] chrome instance closed.
2022-05-24 23:06:00 - [INFO] Browser instance closed
2022-05-24 23:06:00 - [INFO] Test Execution of SmokeTesting::TC0003 completed
2022-05-24 23:17:04 - [INFO] Setting the environment to test
2022-05-24 23:17:08 - [PASSED] Browser Initialized
2022-05-24 23:17:08 - [INFO] Accessing https://www.saucedemo.com/
2022-05-24 23:17:10 - [Story Name] SwagLabs Sauce Demo
2022-05-24 23:17:10 - [Test Script Name] Purchase Swag Labs products
2022-05-24 23:17:10 - [Test Script Description] User is purchases Swag Labs products
2022-05-24 23:17:12 - [PASSED] Username TextBox is populated with 'standard_user'
2022-05-24 23:17:15 - [PASSED] Password TextBox is populated with '******'
2022-05-24 23:17:17 - [PASSED] Sign In Button is clicked
2022-05-24 23:17:20 - [PASSED] Swag Labs Logo is displayed
2022-05-24 23:17:22 - [PASSED] Sauce Labs Bike Light Add to Cart Button is clicked
2022-05-24 23:17:24 - [PASSED] Cart Button is clicked
2022-05-24 23:17:30 - [Log:] chrome instance closed.
2022-05-24 23:17:30 - [INFO] Browser instance closed
2022-05-24 23:17:30 - [INFO] Test Execution of SmokeTesting::TC0003 completed
2022-05-25 21:46:31 - [INFO] Setting the environment to test
2022-05-25 21:46:37 - [PASSED] Browser Initialized
2022-05-25 21:46:37 - [INFO] Accessing https://www.saucedemo.com/
2022-05-25 21:46:39 - [Story Name] SwagLabs Sauce Demo
2022-05-25 21:46:39 - [Test Script Name] Purchase Swag Labs products
2022-05-25 21:46:39 - [Test Script Description] User is purchases Swag Labs products
2022-05-25 21:46:42 - [PASSED] Username TextBox is populated with 'standard_user'
2022-05-25 21:46:44 - [PASSED] Password TextBox is populated with '******'
2022-05-25 21:46:47 - [PASSED] Sign In Button is clicked
2022-05-25 21:46:49 - [PASSED] Swag Labs Logo is displayed
2022-05-25 21:46:51 - [PASSED] Sauce Labs Bike Light Add to Cart Button is clicked
2022-05-25 21:46:54 - [PASSED] Cart Button is clicked
2022-05-25 21:47:00 - [Log:] chrome instance closed.
2022-05-25 21:47:00 - [INFO] Browser instance closed
2022-05-25 21:47:00 - [INFO] Test Execution of SmokeTesting::TC0003 completed
